
--- Module:   C:\qp_lab\qpc\src\qs\qs.c (C)

--- Module:   C:\qp_lab\qpc\src\qs\qs_64bit.c (C)

--- Module:   C:\qp_lab\qpc\src\qs\qs_fp.c (C)
"C:\qp_lab\qpc\src\qs\qs_fp.c" 99 24 Info 708: union initialization

--- Module:   C:\qp_lab\qpc\src\qs\qs_rx.c (C)
"C:\qp_lab\qpc\src\qs\qs_rx.c" 135 19 Note 960: Violates MISRA 2004 Required Rule 18.4, declaration of union type or object of union type: 'Variant' 
"C:\qp_lab\qpc\src\qs\qs_rx.c" 701 67 Note 928: cast from pointer to pointer [MISRA 2004 Rule 11.4, advisory]
"C:\qp_lab\qpc\src\qs\qs_rx.c" 702 55 Note 960: Violates MISRA 2004 Required Rule 17.4, pointer arithmetic other than array indexing used
"C:\qp_lab\qpc\src\qs\qs_rx.c" 724 29 Note 960: Violates MISRA 2004 Required Rule 17.4, pointer arithmetic by increment or decrement used
"C:\qp_lab\qpc\src\qs\qs_rx.c" 825 44 Note 960: Violates MISRA 2004 Required Rule 17.4, pointer arithmetic other than array indexing used
"C:\qp_lab\qpc\src\qs\qs_rx.c" 833 46 Note 960: Violates MISRA 2004 Required Rule 17.4, pointer arithmetic other than array indexing used
"C:\qp_lab\qpc\src\qs\qs_rx.c" 836 59 Note 927: cast from pointer to pointer [MISRA 2004 Rule 11.4, advisory]
"C:\qp_lab\qpc\src\qs\qs_rx.c" 836 59 Note 960: Violates MISRA 2004 Required Rule 17.4, pointer arithmetic other than array indexing used
"C:\qp_lab\qpc\src\qs\qs_rx.c" 836 59 Info 826: Suspicious pointer-to-pointer conversion (area too small)
"C:\qp_lab\qpc\src\qs\qs_rx.c" 839 59 Note 927: cast from pointer to pointer [MISRA 2004 Rule 11.4, advisory]
"C:\qp_lab\qpc\src\qs\qs_rx.c" 839 59 Note 960: Violates MISRA 2004 Required Rule 17.4, pointer arithmetic other than array indexing used
"C:\qp_lab\qpc\src\qs\qs_rx.c" 839 59 Info 826: Suspicious pointer-to-pointer conversion (area too small)
"C:\qp_lab\qpc\src\qs\qs_rx.c" 862 40 Note 960: Violates MISRA 2004 Required Rule 17.4, pointer arithmetic other than array indexing used
"C:\qp_lab\qpc\src\qs\qs_rx.c" 866 34 Note 960: Violates MISRA 2004 Required Rule 17.4, pointer arithmetic other than array indexing used
"C:\qp_lab\qpc\src\qs\qs_rx.c" 869 43 Note 927: cast from pointer to pointer [MISRA 2004 Rule 11.4, advisory]
"C:\qp_lab\qpc\src\qs\qs_rx.c" 869 46 Note 960: Violates MISRA 2004 Required Rule 17.4, pointer arithmetic other than array indexing used
"C:\qp_lab\qpc\src\qs\qs_rx.c" 869 78 Info 826: Suspicious pointer-to-pointer conversion (area too small)
"C:\qp_lab\qpc\src\qs\qs_rx.c" 872 43 Note 927: cast from pointer to pointer [MISRA 2004 Rule 11.4, advisory]
"C:\qp_lab\qpc\src\qs\qs_rx.c" 872 46 Note 960: Violates MISRA 2004 Required Rule 17.4, pointer arithmetic other than array indexing used
"C:\qp_lab\qpc\src\qs\qs_rx.c" 872 68 Info 826: Suspicious pointer-to-pointer conversion (area too small)
"C:\qp_lab\qpc\src\qs\qs_rx.c" 901 53 Note 923: cast from unsigned long to pointer [Encompasses MISRA 2004 Rule 11.1, required], [MISRA 2004 Rule 11.3, advisory]
"C:\qp_lab\qpc\src\qs\qs_rx.c" 905 53 Note 923: cast from unsigned long to pointer [Encompasses MISRA 2004 Rule 11.1, required], [MISRA 2004 Rule 11.3, advisory]
"C:\qp_lab\qpc\src\qs\qs_rx.c" 912 75 Note 923: cast from unsigned long to pointer [Encompasses MISRA 2004 Rule 11.1, required], [MISRA 2004 Rule 11.3, advisory]
"C:\qp_lab\qpc\src\qs\qs_rx.c" 913 75 Note 923: cast from unsigned long to pointer [Encompasses MISRA 2004 Rule 11.1, required], [MISRA 2004 Rule 11.3, advisory]
"C:\qp_lab\qpc\src\qs\qs_rx.c" 916 75 Note 923: cast from unsigned long to pointer [Encompasses MISRA 2004 Rule 11.1, required], [MISRA 2004 Rule 11.3, advisory]
"C:\qp_lab\qpc\src\qs\qs_rx.c" 917 75 Note 923: cast from unsigned long to pointer [Encompasses MISRA 2004 Rule 11.1, required], [MISRA 2004 Rule 11.3, advisory]
"C:\qp_lab\qpc\src\qs\qs_rx.c" 954 43 Note 929: cast from pointer to pointer [MISRA 2004 Rule 11.4, advisory]
"C:\qp_lab\qpc\src\qs\qs_rx.c" 1000 47 Note 929: cast from pointer to pointer [MISRA 2004 Rule 11.4, advisory]

During Specific Walk:
  File C:\qp_lab\qpc\src\qs\qs_rx.c line 334: QS_rxHandleGoodFrame_(?) #1
"C:\qp_lab\qpc\src\qs\qs_rx.c" 836 1 Info 826: Suspicious pointer-to-pointer conversion (area too small)

During Specific Walk:
  File C:\qp_lab\qpc\src\qs\qs_rx.c line 334: QS_rxHandleGoodFrame_(?) #1
"C:\qp_lab\qpc\src\qs\qs_rx.c" 839 1 Info 826: Suspicious pointer-to-pointer conversion (area too small)

During Specific Walk:
  File C:\qp_lab\qpc\src\qs\qs_rx.c line 334: QS_rxHandleGoodFrame_(?) #1
"C:\qp_lab\qpc\src\qs\qs_rx.c" 869 1 Info 826: Suspicious pointer-to-pointer conversion (area too small)

During Specific Walk:
  File C:\qp_lab\qpc\src\qs\qs_rx.c line 334: QS_rxHandleGoodFrame_(?) #1
"C:\qp_lab\qpc\src\qs\qs_rx.c" 872 1 Info 826: Suspicious pointer-to-pointer conversion (area too small)
"C:\qp_lab\qpc\src\qs\qs_rx.c" 1118 41 Note 960: Violates MISRA 2004 Required Rule 17.4, pointer arithmetic other than array indexing used
"C:\qp_lab\qpc\src\qs\qs_rx.c" 1124 30 Note 927: cast from pointer to pointer [MISRA 2004 Rule 11.4, advisory]
"C:\qp_lab\qpc\src\qs\qs_rx.c" 1124 60 Info 826: Suspicious pointer-to-pointer conversion (area too small)
"C:\qp_lab\qpc\src\qs\qs_rx.c" 1127 30 Note 927: cast from pointer to pointer [MISRA 2004 Rule 11.4, advisory]
"C:\qp_lab\qpc\src\qs\qs_rx.c" 1127 50 Info 826: Suspicious pointer-to-pointer conversion (area too small)

During Specific Walk:
  File C:\qp_lab\qpc\src\qs\qs_rx.c line 595: QS_rxPoke_() #1
"C:\qp_lab\qpc\src\qs\qs_rx.c" 1124 1 Info 826: Suspicious pointer-to-pointer conversion (area too small)

During Specific Walk:
  File C:\qp_lab\qpc\src\qs\qs_rx.c line 595: QS_rxPoke_() #1
"C:\qp_lab\qpc\src\qs\qs_rx.c" 1127 1 Info 826: Suspicious pointer-to-pointer conversion (area too small)
"C:\qp_lab\qpc\src\qs\qs_rx.c" 116 1 Info 754: local struct member 'TPVar::addr' (line 116, file C:\qp_lab\qpc\src\qs\qs_rx.c) not referenced
"C:\qp_lab\qpc\src\qs\qs_rx.c" 117 1 Info 754: local struct member 'TPVar::data' (line 117, file C:\qp_lab\qpc\src\qs\qs_rx.c) not referenced
"C:\qp_lab\qpc\src\qs\qs_rx.c" 118 1 Info 754: local struct member 'TPVar::idx' (line 118, file C:\qp_lab\qpc\src\qs\qs_rx.c) not referenced
"C:\qp_lab\qpc\src\qs\qs_rx.c" 144 1 Info 754: local union member 'Variant::tp' (line 144, file C:\qp_lab\qpc\src\qs\qs_rx.c) not referenced
"C:\qp_lab\qpc\src\qs\qs_rx.c" 188 1 Info 749: local enumeration constant 'WAIT4_TEST_SETUP_FRAME' (line 188, file C:\qp_lab\qpc\src\qs\qs_rx.c) not referenced
"C:\qp_lab\qpc\src\qs\qs_rx.c" 189 1 Info 749: local enumeration constant 'WAIT4_TEST_TEARDOWN_FRAME' (line 189, file C:\qp_lab\qpc\src\qs\qs_rx.c) not referenced
"C:\qp_lab\qpc\src\qs\qs_rx.c" 190 1 Info 749: local enumeration constant 'WAIT4_TEST_PROBE_DATA' (line 190, file C:\qp_lab\qpc\src\qs\qs_rx.c) not referenced
"C:\qp_lab\qpc\src\qs\qs_rx.c" 191 1 Info 749: local enumeration constant 'WAIT4_TEST_PROBE_ADDR' (line 191, file C:\qp_lab\qpc\src\qs\qs_rx.c) not referenced
"C:\qp_lab\qpc\src\qs\qs_rx.c" 192 1 Info 749: local enumeration constant 'WAIT4_TEST_PROBE_FRAME' (line 192, file C:\qp_lab\qpc\src\qs\qs_rx.c) not referenced
"C:\qp_lab\qpc\src\qs\qs_rx.c" 193 1 Info 749: local enumeration constant 'WAIT4_TEST_CONTINUE_FRAME' (line 193, file C:\qp_lab\qpc\src\qs\qs_rx.c) not referenced

--- Module:   C:\qp_lab\qpc\src\qs\qutest.c (C)
"C:\qp_lab\qpc\include\qf.h" 820 1 Note 960: Violates MISRA 2004 Required Rule 8.7, could define variable at block scope: 'QF_active_' at location line 820, file C:\qp_lab\qpc\include\qf.h, module C:\qp_lab\qpc\src\qs\qs.c
"C:\qp_lab\qpc\src\qs\qs.c" 50 1 Note 960: Violates MISRA 2004 Required Rule 8.7, could define variable at block scope: 'Q_BUILD_TIME' at location line 50, file C:\qp_lab\qpc\src\qs\qs.c
"C:\qp_lab\qpc\src\qs\qs.c" 49 1 Note 960: Violates MISRA 2004 Required Rule 8.7, could define variable at block scope: 'Q_BUILD_DATE' at location line 49, file C:\qp_lab\qpc\src\qs\qs.c

/// Start of Pass 2 ///

--- Module:   C:\qp_lab\qpc\src\qs\qs.c (C)

--- Module:   C:\qp_lab\qpc\src\qs\qs_64bit.c (C)

--- Module:   C:\qp_lab\qpc\src\qs\qs_fp.c (C)

--- Module:   C:\qp_lab\qpc\src\qs\qs_rx.c (C)
"C:\qp_lab\qpc\src\qs\qs_rx.c" 836 59 Info 826: Suspicious pointer-to-pointer conversion (area too small)
"C:\qp_lab\qpc\src\qs\qs_rx.c" 839 59 Info 826: Suspicious pointer-to-pointer conversion (area too small)
"C:\qp_lab\qpc\src\qs\qs_rx.c" 869 78 Info 826: Suspicious pointer-to-pointer conversion (area too small)
"C:\qp_lab\qpc\src\qs\qs_rx.c" 872 68 Info 826: Suspicious pointer-to-pointer conversion (area too small)

During Specific Walk:
  File C:\qp_lab\qpc\src\qs\qs_rx.c line 334: QS_rxHandleGoodFrame_(?) #1
"C:\qp_lab\qpc\src\qs\qs_rx.c" 836 1 Info 826: Suspicious pointer-to-pointer conversion (area too small)

During Specific Walk:
  File C:\qp_lab\qpc\src\qs\qs_rx.c line 334: QS_rxHandleGoodFrame_(?) #1
"C:\qp_lab\qpc\src\qs\qs_rx.c" 839 1 Info 826: Suspicious pointer-to-pointer conversion (area too small)

During Specific Walk:
  File C:\qp_lab\qpc\src\qs\qs_rx.c line 334: QS_rxHandleGoodFrame_(?) #1
"C:\qp_lab\qpc\src\qs\qs_rx.c" 869 1 Info 826: Suspicious pointer-to-pointer conversion (area too small)

During Specific Walk:
  File C:\qp_lab\qpc\src\qs\qs_rx.c line 334: QS_rxHandleGoodFrame_(?) #1
"C:\qp_lab\qpc\src\qs\qs_rx.c" 872 1 Info 826: Suspicious pointer-to-pointer conversion (area too small)

During Specific Walk:
  File C:\qp_lab\qpc\src\qs\qs_rx.c line 334: QS_rxHandleGoodFrame_(?) #2
"C:\qp_lab\qpc\src\qs\qs_rx.c" 836 1 Info 826: Suspicious pointer-to-pointer conversion (area too small)

During Specific Walk:
  File C:\qp_lab\qpc\src\qs\qs_rx.c line 334: QS_rxHandleGoodFrame_(?) #2
"C:\qp_lab\qpc\src\qs\qs_rx.c" 839 1 Info 826: Suspicious pointer-to-pointer conversion (area too small)

During Specific Walk:
  File C:\qp_lab\qpc\src\qs\qs_rx.c line 334: QS_rxHandleGoodFrame_(?) #2
"C:\qp_lab\qpc\src\qs\qs_rx.c" 869 1 Info 826: Suspicious pointer-to-pointer conversion (area too small)

During Specific Walk:
  File C:\qp_lab\qpc\src\qs\qs_rx.c line 334: QS_rxHandleGoodFrame_(?) #2
"C:\qp_lab\qpc\src\qs\qs_rx.c" 872 1 Info 826: Suspicious pointer-to-pointer conversion (area too small)
"C:\qp_lab\qpc\src\qs\qs_rx.c" 1124 60 Info 826: Suspicious pointer-to-pointer conversion (area too small)
"C:\qp_lab\qpc\src\qs\qs_rx.c" 1127 50 Info 826: Suspicious pointer-to-pointer conversion (area too small)

During Specific Walk:
  File C:\qp_lab\qpc\src\qs\qs_rx.c line 595: QS_rxPoke_() #1
"C:\qp_lab\qpc\src\qs\qs_rx.c" 1124 1 Info 826: Suspicious pointer-to-pointer conversion (area too small)

During Specific Walk:
  File C:\qp_lab\qpc\src\qs\qs_rx.c line 595: QS_rxPoke_() #1
"C:\qp_lab\qpc\src\qs\qs_rx.c" 1127 1 Info 826: Suspicious pointer-to-pointer conversion (area too small)

During Specific Walk:
  File C:\qp_lab\qpc\src\qs\qs_rx.c line 595: QS_rxPoke_() #2
"C:\qp_lab\qpc\src\qs\qs_rx.c" 1124 1 Info 826: Suspicious pointer-to-pointer conversion (area too small)

During Specific Walk:
  File C:\qp_lab\qpc\src\qs\qs_rx.c line 595: QS_rxPoke_() #2
"C:\qp_lab\qpc\src\qs\qs_rx.c" 1127 1 Info 826: Suspicious pointer-to-pointer conversion (area too small)

--- Module:   C:\qp_lab\qpc\src\qs\qutest.c (C)

--- Global Wrap-up

"C:\qp_lab\qpc\include\qf.h" 61 1 Info 756: global typedef 'QEvtSize' (line 61, file C:\qp_lab\qpc\include\qf.h) not referenced
"C:\qp_lab\qpc\src\qs\qs.c" 819 1 Info 759: header declaration for symbol 'QS_mem(const uint8_t *, uint8_t)' defined at (line 819, file C:\qp_lab\qpc\src\qs\qs.c) could be moved from header to module
"C:\qp_lab\qpc\src\qs\qs.c" 819 1 Info 765: external 'QS_mem(const uint8_t *, uint8_t)' (line 819, file C:\qp_lab\qpc\src\qs\qs.c) could be made static [MISRA 2004 Rule 8.10, required]
"C:\qp_lab\qpc\src\qs\qs.c" 819 1 Info 714: Symbol 'QS_mem(const uint8_t *, uint8_t)' (line 819, file C:\qp_lab\qpc\src\qs\qs.c) not referenced
"C:\qp_lab\qpc\ports\lint\qv\qf_port.h" 212 1 Info 757: global declarator 'intEnable(void)' (line 212, file C:\qp_lab\qpc\ports\lint\qv\qf_port.h) not referenced
 Note 960: Violates MISRA 2004 Required Rule 8.9, undefined symbol: 'intEnable' 
"C:\qp_lab\qpc\ports\lint\stdint.h" 31 1 Info 756: global typedef 'uint64_t' (line 31, file C:\qp_lab\qpc\ports\lint\stdint.h) not referenced
"C:\qp_lab\qpc\ports\lint\stdint.h" 26 1 Info 756: global typedef 'int64_t' (line 26, file C:\qp_lab\qpc\ports\lint\stdint.h) not referenced
"C:\qp_lab\qpc\include\qf.h" 837 1 Info 757: global declarator 'QTicker_ctor(QTicker *, uint8_t)' (line 837, file C:\qp_lab\qpc\include\qf.h) not referenced
 Note 960: Violates MISRA 2004 Required Rule 8.9, undefined symbol: 'QTicker_ctor' 
"C:\qp_lab\qpc\include\qpset.h" 205 1 Info 757: global declarator 'QF_LOG2(uint32_t)' (line 205, file C:\qp_lab\qpc\include\qpset.h) not referenced
 Note 960: Violates MISRA 2004 Required Rule 8.9, undefined symbol: 'QF_LOG2' 
"C:\qp_lab\qpc\include\qf.h" 391 1 Info 756: global typedef 'QMActiveVtbl' (line 391, file C:\qp_lab\qpc\include\qf.h) not referenced
"C:\qp_lab\qpc\include\qf.h" 394 1 Info 757: global declarator 'QMActive_ctor(QMActive *, QStateHandler)' (line 394, file C:\qp_lab\qpc\include\qf.h) not referenced
 Note 960: Violates MISRA 2004 Required Rule 8.9, undefined symbol: 'QMActive_ctor' 
"C:\qp_lab\qpc\src\qs\qs.c" 763 1 Info 759: header declaration for symbol 'QS_obj_dict(const void *, const char_t *)' defined at (line 763, file C:\qp_lab\qpc\src\qs\qs.c) could be moved from header to module
"C:\qp_lab\qpc\src\qs\qs.c" 763 1 Info 765: external 'QS_obj_dict(const void *, const char_t *)' (line 763, file C:\qp_lab\qpc\src\qs\qs.c) could be made static [MISRA 2004 Rule 8.10, required]
"C:\qp_lab\qpc\src\qs\qs.c" 763 1 Info 714: Symbol 'QS_obj_dict(const void *, const char_t *)' (line 763, file C:\qp_lab\qpc\src\qs\qs.c) not referenced
"C:\qp_lab\qpc\include\qs.h" 345 1 Info 757: global declarator 'QS_onStartup(const void *)' (line 345, file C:\qp_lab\qpc\include\qs.h) not referenced
 Note 960: Violates MISRA 2004 Required Rule 8.9, undefined symbol: 'QS_onStartup' 
"C:\qp_lab\qpc\include\qs.h" 355 1 Info 757: global declarator 'QS_onCleanup(void)' (line 355, file C:\qp_lab\qpc\include\qs.h) not referenced
 Note 960: Violates MISRA 2004 Required Rule 8.9, undefined symbol: 'QS_onCleanup' 
"C:\qp_lab\qpc\include\qs.h" 1181 1 Warning 526: Symbol 'QS_onCommand(uint8_t, uint32_t, uint32_t, uint32_t)' (line 1181, file C:\qp_lab\qpc\include\qs.h, module C:\qp_lab\qpc\src\qs\qs.c) not defined
 Note 960: Violates MISRA 2004 Required Rule 8.9, undefined symbol: 'QS_onCommand' 
"C:\qp_lab\qpc\include\qs.h" 365 1 Warning 526: Symbol 'QS_onFlush(void)' (line 365, file C:\qp_lab\qpc\include\qs.h, module C:\qp_lab\qpc\src\qs\qs.c) not defined
 Note 960: Violates MISRA 2004 Required Rule 8.9, undefined symbol: 'QS_onFlush' 
"C:\qp_lab\qpc\include\qs.h" 385 1 Warning 526: Symbol 'QS_onGetTime(void)' (line 385, file C:\qp_lab\qpc\include\qs.h, module C:\qp_lab\qpc\src\qs\qs.c) not defined
 Note 960: Violates MISRA 2004 Required Rule 8.9, undefined symbol: 'QS_onGetTime' 
"C:\qp_lab\qpc\include\qs.h" 1178 1 Warning 526: Symbol 'QS_onReset(void)' (line 1178, file C:\qp_lab\qpc\include\qs.h, module C:\qp_lab\qpc\src\qs\qs.c) not defined
 Note 960: Violates MISRA 2004 Required Rule 8.9, undefined symbol: 'QS_onReset' 
"C:\qp_lab\qpc\ports\lint\qv\qf_port.h" 272 1 Warning 526: Symbol 'critEntry(void)' (line 272, file C:\qp_lab\qpc\ports\lint\qv\qf_port.h, module C:\qp_lab\qpc\src\qs\qs.c) not defined
 Note 960: Violates MISRA 2004 Required Rule 8.9, undefined symbol: 'critEntry' 
"C:\qp_lab\qpc\ports\lint\qv\qf_port.h" 273 1 Warning 526: Symbol 'critExit(crit_stat_t)' (line 273, file C:\qp_lab\qpc\ports\lint\qv\qf_port.h, module C:\qp_lab\qpc\src\qs\qs.c) not defined
 Note 960: Violates MISRA 2004 Required Rule 8.9, undefined symbol: 'critExit' 
"C:\qp_lab\qpc\ports\lint\stdint.h" 23 1 Info 756: global typedef 'int8_t' (line 23, file C:\qp_lab\qpc\ports\lint\stdint.h) not referenced
"C:\qp_lab\qpc\include\qf.h" 654 1 Info 757: global declarator 'QF_noTimeEvtsActiveX(uint_fast8_t)' (line 654, file C:\qp_lab\qpc\include\qf.h) not referenced
 Note 960: Violates MISRA 2004 Required Rule 8.9, undefined symbol: 'QF_noTimeEvtsActiveX' 
"C:\qp_lab\qpc\include\qf.h" 670 1 Warning 526: Symbol 'QF_newX_(uint_fast16_t, uint_fast16_t, enum_t)' (line 670, file C:\qp_lab\qpc\include\qf.h, module C:\qp_lab\qpc\src\qs\qs.c) not defined
 Note 960: Violates MISRA 2004 Required Rule 8.9, undefined symbol: 'QF_newX_' 
"C:\qp_lab\qpc\include\qf.h" 674 1 Info 757: global declarator 'QF_newRef_(const QEvt *, const void *)' (line 674, file C:\qp_lab\qpc\include\qf.h) not referenced
 Note 960: Violates MISRA 2004 Required Rule 8.9, undefined symbol: 'QF_newRef_' 
"C:\qp_lab\qpc\include\qep.h" 411 1 Info 756: global typedef 'QMTranActTable' (line 411, file C:\qp_lab\qpc\include\qep.h) not referenced
"C:\qp_lab\qpc\include\qf.h" 547 1 Info 757: global declarator 'QF_onStartup(void)' (line 547, file C:\qp_lab\qpc\include\qf.h) not referenced
 Note 960: Violates MISRA 2004 Required Rule 8.9, undefined symbol: 'QF_onStartup' 
"C:\qp_lab\qpc\include\qf.h" 563 1 Info 757: global declarator 'QF_onCleanup(void)' (line 563, file C:\qp_lab\qpc\include\qf.h) not referenced
 Note 960: Violates MISRA 2004 Required Rule 8.9, undefined symbol: 'QF_onCleanup' 
"C:\qp_lab\qpc\src\qs\qs_rx.c" 289 1 Info 759: header declaration for symbol 'QS_rxGetNfree(void)' defined at (line 289, file C:\qp_lab\qpc\src\qs\qs_rx.c) could be moved from header to module
"C:\qp_lab\qpc\src\qs\qs_rx.c" 289 1 Info 765: external 'QS_rxGetNfree(void)' (line 289, file C:\qp_lab\qpc\src\qs\qs_rx.c) could be made static [MISRA 2004 Rule 8.10, required]
"C:\qp_lab\qpc\src\qs\qs_rx.c" 289 1 Info 714: Symbol 'QS_rxGetNfree(void)' (line 289, file C:\qp_lab\qpc\src\qs\qs_rx.c) not referenced
"C:\qp_lab\qpc\src\qs\qs_rx.c" 250 1 Info 759: header declaration for symbol 'QS_rxInitBuf(uint8_t *, uint16_t)' defined at (line 250, file C:\qp_lab\qpc\src\qs\qs_rx.c) could be moved from header to module
"C:\qp_lab\qpc\src\qs\qs_rx.c" 250 1 Info 765: external 'QS_rxInitBuf(uint8_t *, uint16_t)' (line 250, file C:\qp_lab\qpc\src\qs\qs_rx.c) could be made static [MISRA 2004 Rule 8.10, required]
"C:\qp_lab\qpc\src\qs\qs_rx.c" 250 1 Info 714: Symbol 'QS_rxInitBuf(uint8_t *, uint16_t)' (line 250, file C:\qp_lab\qpc\src\qs\qs_rx.c) not referenced
"C:\qp_lab\qpc\src\qs\qs_rx.c" 305 1 Info 759: header declaration for symbol 'QS_rxParse(void)' defined at (line 305, file C:\qp_lab\qpc\src\qs\qs_rx.c) could be moved from header to module
"C:\qp_lab\qpc\src\qs\qs_rx.c" 305 1 Info 765: external 'QS_rxParse(void)' (line 305, file C:\qp_lab\qpc\src\qs\qs_rx.c) could be made static [MISRA 2004 Rule 8.10, required]
"C:\qp_lab\qpc\src\qs\qs_rx.c" 305 1 Info 714: Symbol 'QS_rxParse(void)' (line 305, file C:\qp_lab\qpc\src\qs\qs_rx.c) not referenced
"C:\qp_lab\qpc\src\qs\qs_rx.c" 48 1 Info 759: header declaration for symbol 'QS_rxPriv_' defined at (line 48, file C:\qp_lab\qpc\src\qs\qs_rx.c) could be moved from header to module
"C:\qp_lab\qpc\src\qs\qs_rx.c" 48 1 Info 765: external 'QS_rxPriv_' (line 48, file C:\qp_lab\qpc\src\qs\qs_rx.c) could be made static [MISRA 2004 Rule 8.10, required]
"C:\qp_lab\qpc\include\qv.h" 77 1 Info 757: global declarator 'QV_onIdle(void)' (line 77, file C:\qp_lab\qpc\include\qv.h) not referenced
 Note 960: Violates MISRA 2004 Required Rule 8.9, undefined symbol: 'QV_onIdle' 
"C:\qp_lab\qpc\include\qf.h" 527 1 Info 757: global declarator 'QF_poolInit(void *, uint_fast32_t, uint_fast16_t)' (line 527, file C:\qp_lab\qpc\include\qf.h) not referenced
 Note 960: Violates MISRA 2004 Required Rule 8.9, undefined symbol: 'QF_poolInit' 
"C:\qp_lab\qpc\include\qf.h" 531 1 Warning 526: Symbol 'QF_poolGetMaxBlockSize(void)' (line 531, file C:\qp_lab\qpc\include\qf.h, module C:\qp_lab\qpc\src\qs\qs.c) not defined
 Note 960: Violates MISRA 2004 Required Rule 8.9, undefined symbol: 'QF_poolGetMaxBlockSize' 
"C:\qp_lab\qpc\include\qf.h" 524 1 Info 757: global declarator 'QF_psInit(QSubscrList *, enum_t)' (line 524, file C:\qp_lab\qpc\include\qf.h) not referenced
 Note 960: Violates MISRA 2004 Required Rule 8.9, undefined symbol: 'QF_psInit' 
"C:\qp_lab\qpc\include\qf.h" 568 1 Warning 526: Symbol 'QF_publish_(const QEvt *, const void *)' (line 568, file C:\qp_lab\qpc\include\qf.h, module C:\qp_lab\qpc\src\qs\qs.c) not defined
 Note 960: Violates MISRA 2004 Required Rule 8.9, undefined symbol: 'QF_publish_' 
"C:\qp_lab\qpc\include\qep.h" 98 1 Info 757: global declarator 'QP_versionStr' (line 98, file C:\qp_lab\qpc\include\qep.h) not referenced
 Note 960: Violates MISRA 2004 Required Rule 8.9, undefined symbol: 'QP_versionStr' 
"C:\qp_lab\qpc\src\qs\qs.c" 848 1 Info 759: header declaration for symbol 'QS_str(const char_t *)' defined at (line 848, file C:\qp_lab\qpc\src\qs\qs.c) could be moved from header to module
"C:\qp_lab\qpc\src\qs\qs.c" 848 1 Info 765: external 'QS_str(const char_t *)' (line 848, file C:\qp_lab\qpc\src\qs\qs.c) could be made static [MISRA 2004 Rule 8.10, required]
"C:\qp_lab\qpc\src\qs\qs.c" 848 1 Info 714: Symbol 'QS_str(const char_t *)' (line 848, file C:\qp_lab\qpc\src\qs\qs.c) not referenced
"C:\qp_lab\qpc\src\qs\qs.c" 742 1 Info 759: header declaration for symbol 'QS_sig_dict(enum_t, const void *, const char_t *)' defined at (line 742, file C:\qp_lab\qpc\src\qs\qs.c) could be moved from header to module
"C:\qp_lab\qpc\src\qs\qs.c" 742 1 Info 765: external 'QS_sig_dict(enum_t, const void *, const char_t *)' (line 742, file C:\qp_lab\qpc\src\qs\qs.c) could be made static [MISRA 2004 Rule 8.10, required]
"C:\qp_lab\qpc\src\qs\qs.c" 742 1 Info 714: Symbol 'QS_sig_dict(enum_t, const void *, const char_t *)' (line 742, file C:\qp_lab\qpc\src\qs\qs.c) not referenced
"C:\qp_lab\qpc\include\qf.h" 820 1 Warning 526: Symbol 'QF_active_' (line 820, file C:\qp_lab\qpc\include\qf.h, module C:\qp_lab\qpc\src\qs\qs.c) not defined
 Note 960: Violates MISRA 2004 Required Rule 8.9, undefined symbol: 'QF_active_' 
"C:\qp_lab\qpc\include\qf.h" 657 1 Info 757: global declarator 'QF_add_(struct QActive *)' (line 657, file C:\qp_lab\qpc\include\qf.h) not referenced
 Note 960: Violates MISRA 2004 Required Rule 8.9, undefined symbol: 'QF_add_' 
"C:\qp_lab\qpc\src\qs\qs.c" 49 1 Warning 526: Symbol 'Q_BUILD_DATE' (line 49, file C:\qp_lab\qpc\src\qs\qs.c) not defined
 Note 960: Violates MISRA 2004 Required Rule 8.9, undefined symbol: 'Q_BUILD_DATE' 
"C:\qp_lab\qpc\src\qs\qs.c" 50 1 Warning 526: Symbol 'Q_BUILD_TIME' (line 50, file C:\qp_lab\qpc\src\qs\qs.c) not defined
 Note 960: Violates MISRA 2004 Required Rule 8.9, undefined symbol: 'Q_BUILD_TIME' 
"C:\qp_lab\qpc\include\qv.h" 107 1 Info 757: global declarator 'QV_readySet_' (line 107, file C:\qp_lab\qpc\include\qv.h) not referenced
 Note 960: Violates MISRA 2004 Required Rule 8.9, undefined symbol: 'QV_readySet_' 
"C:\qp_lab\qpc\include\qf.h" 660 1 Info 757: global declarator 'QF_remove_(struct QActive *)' (line 660, file C:\qp_lab\qpc\include\qf.h) not referenced
 Note 960: Violates MISRA 2004 Required Rule 8.9, undefined symbol: 'QF_remove_' 
"C:\qp_lab\qpc\include\qf.h" 799 1 Info 757: global declarator 'QF_bzero(void *, uint_fast16_t)' (line 799, file C:\qp_lab\qpc\include\qf.h) not referenced
 Note 960: Violates MISRA 2004 Required Rule 8.9, undefined symbol: 'QF_bzero' 
"C:\qp_lab\qpc\include\qf.h" 534 1 Info 757: global declarator 'QF_run(void)' (line 534, file C:\qp_lab\qpc\include\qf.h) not referenced
 Note 960: Violates MISRA 2004 Required Rule 8.9, undefined symbol: 'QF_run' 
"C:\qp_lab\qpc\src\qs\qs.c" 496 1 Info 759: header declaration for symbol 'QS_u16(uint8_t, uint16_t)' defined at (line 496, file C:\qp_lab\qpc\src\qs\qs.c) could be moved from header to module
"C:\qp_lab\qpc\src\qs\qs.c" 496 1 Info 765: external 'QS_u16(uint8_t, uint16_t)' (line 496, file C:\qp_lab\qpc\src\qs\qs.c) could be made static [MISRA 2004 Rule 8.10, required]
"C:\qp_lab\qpc\src\qs\qs.c" 496 1 Info 714: Symbol 'QS_u16(uint8_t, uint16_t)' (line 496, file C:\qp_lab\qpc\src\qs\qs.c) not referenced
"C:\qp_lab\qpc\src\qs\qs.c" 522 1 Info 759: header declaration for symbol 'QS_u32(uint8_t, uint32_t)' defined at (line 522, file C:\qp_lab\qpc\src\qs\qs.c) could be moved from header to module
"C:\qp_lab\qpc\src\qs\qs.c" 522 1 Info 765: external 'QS_u32(uint8_t, uint32_t)' (line 522, file C:\qp_lab\qpc\src\qs\qs.c) could be made static [MISRA 2004 Rule 8.10, required]
"C:\qp_lab\qpc\src\qs\qs.c" 522 1 Info 714: Symbol 'QS_u32(uint8_t, uint32_t)' (line 522, file C:\qp_lab\qpc\src\qs\qs.c) not referenced
"C:\qp_lab\qpc\src\qs\qs.c" 475 1 Info 759: header declaration for symbol 'QS_u8(uint8_t, uint8_t)' defined at (line 475, file C:\qp_lab\qpc\src\qs\qs.c) could be moved from header to module
"C:\qp_lab\qpc\src\qs\qs.c" 475 1 Info 765: external 'QS_u8(uint8_t, uint8_t)' (line 475, file C:\qp_lab\qpc\src\qs\qs.c) could be made static [MISRA 2004 Rule 8.10, required]
"C:\qp_lab\qpc\src\qs\qs.c" 475 1 Info 714: Symbol 'QS_u8(uint8_t, uint8_t)' (line 475, file C:\qp_lab\qpc\src\qs\qs.c) not referenced
"C:\qp_lab\qpc\src\qs\qs.c" 565 1 Info 759: header declaration for symbol 'QS_u8u8_(uint8_t, uint8_t)' defined at (line 565, file C:\qp_lab\qpc\src\qs\qs.c) could be moved from header to module
"C:\qp_lab\qpc\src\qs\qs.c" 565 1 Info 765: external 'QS_u8u8_(uint8_t, uint8_t)' (line 565, file C:\qp_lab\qpc\src\qs\qs.c) could be made static [MISRA 2004 Rule 8.10, required]
"C:\qp_lab\qpc\src\qs\qs.c" 565 1 Info 714: Symbol 'QS_u8u8_(uint8_t, uint8_t)' (line 565, file C:\qp_lab\qpc\src\qs\qs.c) not referenced
"C:\qp_lab\qpc\src\qs\qs.c" 801 1 Info 759: header declaration for symbol 'QS_usr_dict(enum_t, const char_t *)' defined at (line 801, file C:\qp_lab\qpc\src\qs\qs.c) could be moved from header to module
"C:\qp_lab\qpc\src\qs\qs.c" 801 1 Info 765: external 'QS_usr_dict(enum_t, const char_t *)' (line 801, file C:\qp_lab\qpc\src\qs\qs.c) could be made static [MISRA 2004 Rule 8.10, required]
"C:\qp_lab\qpc\src\qs\qs.c" 801 1 Info 714: Symbol 'QS_usr_dict(enum_t, const char_t *)' (line 801, file C:\qp_lab\qpc\src\qs\qs.c) not referenced
"C:\qp_lab\qpc\include\qf.h" 163 1 Info 757: global declarator 'QActive_ctor(struct QActive *, QStateHandler)' (line 163, file C:\qp_lab\qpc\include\qf.h) not referenced
 Note 960: Violates MISRA 2004 Required Rule 8.9, undefined symbol: 'QActive_ctor' 
"C:\qp_lab\qpc\include\qf.h" 309 1 Info 757: global declarator 'QActive_postLIFO_(struct QActive *, const QEvt *)' (line 309, file C:\qp_lab\qpc\include\qf.h) not referenced
 Note 960: Violates MISRA 2004 Required Rule 8.9, undefined symbol: 'QActive_postLIFO_' 
"C:\qp_lab\qpc\include\qf.h" 338 1 Info 757: global declarator 'QActive_defer(const struct QActive *, struct QEQueue *, const QEvt *)' (line 338, file C:\qp_lab\qpc\include\qf.h) not referenced
 Note 960: Violates MISRA 2004 Required Rule 8.9, undefined symbol: 'QActive_defer' 
"C:\qp_lab\qpc\include\qf.h" 345 1 Info 757: global declarator 'QActive_flushDeferred(const struct QActive *, struct QEQueue *)' (line 345, file C:\qp_lab\qpc\include\qf.h) not referenced
 Note 960: Violates MISRA 2004 Required Rule 8.9, undefined symbol: 'QActive_flushDeferred' 
"C:\qp_lab\qpc\include\qf.h" 349 1 Info 757: global declarator 'QActive_get_(struct QActive *)' (line 349, file C:\qp_lab\qpc\include\qf.h) not referenced
 Note 960: Violates MISRA 2004 Required Rule 8.9, undefined symbol: 'QActive_get_' 
"C:\qp_lab\qpc\include\qf.h" 223 1 Info 757: global declarator 'QActive_post_(struct QActive *, const QEvt *, uint_fast16_t, const void *)' (line 223, file C:\qp_lab\qpc\include\qf.h) not referenced
 Note 960: Violates MISRA 2004 Required Rule 8.9, undefined symbol: 'QActive_post_' 
"C:\qp_lab\qpc\include\qf.h" 342 1 Info 757: global declarator 'QActive_recall(struct QActive *, struct QEQueue *)' (line 342, file C:\qp_lab\qpc\include\qf.h) not referenced
 Note 960: Violates MISRA 2004 Required Rule 8.9, undefined symbol: 'QActive_recall' 
"C:\qp_lab\qpc\include\qf.h" 352 1 Info 757: global declarator 'QActive_setAttr(struct QActive *, uint32_t, const void *)' (line 352, file C:\qp_lab\qpc\include\qf.h) not referenced
 Note 960: Violates MISRA 2004 Required Rule 8.9, undefined symbol: 'QActive_setAttr' 
"C:\qp_lab\qpc\include\qf.h" 216 1 Info 757: global declarator 'QActive_start_(struct QActive *, uint_fast8_t, const QEvt **, uint_fast16_t, void *, uint_fast16_t, const QEvt *)' (line 216, file C:\qp_lab\qpc\include\qf.h) not referenced
 Note 960: Violates MISRA 2004 Required Rule 8.9, undefined symbol: 'QActive_start_' 
"C:\qp_lab\qpc\include\qf.h" 325 1 Info 757: global declarator 'QActive_stop(struct QActive *)' (line 325, file C:\qp_lab\qpc\include\qf.h) not referenced
 Note 960: Violates MISRA 2004 Required Rule 8.9, undefined symbol: 'QActive_stop' 
"C:\qp_lab\qpc\include\qf.h" 328 1 Info 757: global declarator 'QActive_subscribe(const struct QActive *, enum_t)' (line 328, file C:\qp_lab\qpc\include\qf.h) not referenced
 Note 960: Violates MISRA 2004 Required Rule 8.9, undefined symbol: 'QActive_subscribe' 
"C:\qp_lab\qpc\include\qf.h" 331 1 Info 757: global declarator 'QActive_unsubscribe(const struct QActive *, enum_t)' (line 331, file C:\qp_lab\qpc\include\qf.h) not referenced
 Note 960: Violates MISRA 2004 Required Rule 8.9, undefined symbol: 'QActive_unsubscribe' 
"C:\qp_lab\qpc\include\qf.h" 334 1 Info 757: global declarator 'QActive_unsubscribeAll(const struct QActive *)' (line 334, file C:\qp_lab\qpc\include\qf.h) not referenced
 Note 960: Violates MISRA 2004 Required Rule 8.9, undefined symbol: 'QActive_unsubscribeAll' 
"C:\qp_lab\qpc\include\qf.h" 538 1 Info 757: global declarator 'QF_stop(void)' (line 538, file C:\qp_lab\qpc\include\qf.h) not referenced
 Note 960: Violates MISRA 2004 Required Rule 8.9, undefined symbol: 'QF_stop' 
"C:\qp_lab\qpc\include\qep.h" 347 1 Info 757: global declarator 'QHsm_childState_(QHsm *, QStateHandler)' (line 347, file C:\qp_lab\qpc\include\qep.h) not referenced
 Note 960: Violates MISRA 2004 Required Rule 8.9, undefined symbol: 'QHsm_childState_' 
"C:\qp_lab\qpc\include\qep.h" 294 1 Info 757: global declarator 'QHsm_ctor(QHsm *, QStateHandler)' (line 294, file C:\qp_lab\qpc\include\qep.h) not referenced
 Note 960: Violates MISRA 2004 Required Rule 8.9, undefined symbol: 'QHsm_ctor' 
"C:\qp_lab\qpc\include\qep.h" 326 1 Info 757: global declarator 'QHsm_dispatch_(QHsm *, const QEvt *)' (line 326, file C:\qp_lab\qpc\include\qep.h) not referenced
 Note 960: Violates MISRA 2004 Required Rule 8.9, undefined symbol: 'QHsm_dispatch_' 
"C:\qp_lab\qpc\include\qep.h" 311 1 Info 757: global declarator 'QHsm_init_(QHsm *, const QEvt *)' (line 311, file C:\qp_lab\qpc\include\qep.h) not referenced
 Note 960: Violates MISRA 2004 Required Rule 8.9, undefined symbol: 'QHsm_init_' 
"C:\qp_lab\qpc\include\qep.h" 353 1 Info 757: global declarator 'QHsm_isIn(QHsm *, QStateHandler)' (line 353, file C:\qp_lab\qpc\include\qep.h) not referenced
 Note 960: Violates MISRA 2004 Required Rule 8.9, undefined symbol: 'QHsm_isIn' 
"C:\qp_lab\qpc\include\qep.h" 358 1 Info 757: global declarator 'QHsm_top(const void *, const QEvt *)' (line 358, file C:\qp_lab\qpc\include\qep.h) not referenced
 Note 960: Violates MISRA 2004 Required Rule 8.9, undefined symbol: 'QHsm_top' 
"C:\qp_lab\qpc\src\qs\qs.c" 212 1 Info 759: header declaration for symbol 'QS_filterOff(uint_fast8_t)' defined at (line 212, file C:\qp_lab\qpc\src\qs\qs.c) could be moved from header to module
"C:\qp_lab\qpc\src\qs\qs.c" 212 1 Info 765: external 'QS_filterOff(uint_fast8_t)' (line 212, file C:\qp_lab\qpc\src\qs\qs.c) could be made static [MISRA 2004 Rule 8.10, required]
"C:\qp_lab\qpc\src\qs\qs_fp.c" 49 1 Info 759: header declaration for symbol 'QS_f32(uint8_t, float32_t)' defined at (line 49, file C:\qp_lab\qpc\src\qs\qs_fp.c) could be moved from header to module
"C:\qp_lab\qpc\src\qs\qs_fp.c" 49 1 Info 765: external 'QS_f32(uint8_t, float32_t)' (line 49, file C:\qp_lab\qpc\src\qs\qs_fp.c) could be made static [MISRA 2004 Rule 8.10, required]
"C:\qp_lab\qpc\src\qs\qs_fp.c" 49 1 Info 714: Symbol 'QS_f32(uint8_t, float32_t)' (line 49, file C:\qp_lab\qpc\src\qs\qs_fp.c) not referenced
"C:\qp_lab\qpc\src\qs\qs_fp.c" 82 1 Info 759: header declaration for symbol 'QS_f64(uint8_t, float64_t)' defined at (line 82, file C:\qp_lab\qpc\src\qs\qs_fp.c) could be moved from header to module
"C:\qp_lab\qpc\src\qs\qs_fp.c" 82 1 Info 765: external 'QS_f64(uint8_t, float64_t)' (line 82, file C:\qp_lab\qpc\src\qs\qs_fp.c) could be made static [MISRA 2004 Rule 8.10, required]
"C:\qp_lab\qpc\src\qs\qs_fp.c" 82 1 Info 714: Symbol 'QS_f64(uint8_t, float64_t)' (line 82, file C:\qp_lab\qpc\src\qs\qs_fp.c) not referenced
"C:\qp_lab\qpc\src\qs\qs.c" 125 1 Info 759: header declaration for symbol 'QS_filterOn(uint_fast8_t)' defined at (line 125, file C:\qp_lab\qpc\src\qs\qs.c) could be moved from header to module
"C:\qp_lab\qpc\src\qs\qs.c" 125 1 Info 765: external 'QS_filterOn(uint_fast8_t)' (line 125, file C:\qp_lab\qpc\src\qs\qs.c) could be made static [MISRA 2004 Rule 8.10, required]
"C:\qp_lab\qpc\src\qs\qs.c" 125 1 Info 714: Symbol 'QS_filterOn(uint_fast8_t)' (line 125, file C:\qp_lab\qpc\src\qs\qs.c) not referenced
"C:\qp_lab\qpc\src\qs\qs.c" 783 1 Info 759: header declaration for symbol 'QS_fun_dict(void (*)(void), const char_t *)' defined at (line 783, file C:\qp_lab\qpc\src\qs\qs.c) could be moved from header to module
"C:\qp_lab\qpc\src\qs\qs.c" 783 1 Info 765: external 'QS_fun_dict(void (*)(void), const char_t *)' (line 783, file C:\qp_lab\qpc\src\qs\qs.c) could be made static [MISRA 2004 Rule 8.10, required]
"C:\qp_lab\qpc\src\qs\qs.c" 783 1 Info 714: Symbol 'QS_fun_dict(void (*)(void), const char_t *)' (line 783, file C:\qp_lab\qpc\src\qs\qs.c) not referenced
"C:\qp_lab\qpc\include\qf.h" 677 1 Info 757: global declarator 'QF_deleteRef_(const void *)' (line 677, file C:\qp_lab\qpc\include\qf.h) not referenced
 Note 960: Violates MISRA 2004 Required Rule 8.9, undefined symbol: 'QF_deleteRef_' 
"C:\qp_lab\qpc\include\qf.h" 605 1 Warning 526: Symbol 'QF_tickX_(uint_fast8_t, const void *)' (line 605, file C:\qp_lab\qpc\include\qf.h, module C:\qp_lab\qpc\src\qs\qs.c) not defined
 Note 960: Violates MISRA 2004 Required Rule 8.9, undefined symbol: 'QF_tickX_' 
"C:\qp_lab\qpc\src\qs\qs.c" 664 1 Info 759: header declaration for symbol 'QS_getByte(void)' defined at (line 664, file C:\qp_lab\qpc\src\qs\qs.c) could be moved from header to module
"C:\qp_lab\qpc\src\qs\qs.c" 664 1 Info 765: external 'QS_getByte(void)' (line 664, file C:\qp_lab\qpc\src\qs\qs.c) could be made static [MISRA 2004 Rule 8.10, required]
"C:\qp_lab\qpc\src\qs\qs.c" 664 1 Info 714: Symbol 'QS_getByte(void)' (line 664, file C:\qp_lab\qpc\src\qs\qs.c) not referenced
"C:\qp_lab\qpc\src\qs\qs.c" 706 1 Info 759: header declaration for symbol 'QS_getBlock(uint16_t *)' defined at (line 706, file C:\qp_lab\qpc\src\qs\qs.c) could be moved from header to module
"C:\qp_lab\qpc\src\qs\qs.c" 706 1 Info 765: external 'QS_getBlock(uint16_t *)' (line 706, file C:\qp_lab\qpc\src\qs\qs.c) could be made static [MISRA 2004 Rule 8.10, required]
"C:\qp_lab\qpc\src\qs\qs.c" 706 1 Info 714: Symbol 'QS_getBlock(uint16_t *)' (line 706, file C:\qp_lab\qpc\src\qs\qs.c) not referenced
"C:\qp_lab\qpc\ports\lint\stdint.h" 36 1 Info 756: global typedef 'int_fast16_t' (line 36, file C:\qp_lab\qpc\ports\lint\stdint.h) not referenced
"C:\qp_lab\qpc\ports\lint\stdint.h" 38 1 Info 756: global typedef 'int_fast32_t' (line 38, file C:\qp_lab\qpc\ports\lint\stdint.h) not referenced
"C:\qp_lab\qpc\include\qf.h" 491 1 Info 757: global declarator 'QTimeEvt_armX(struct QTimeEvt *, QTimeEvtCtr, QTimeEvtCtr)' (line 491, file C:\qp_lab\qpc\include\qf.h) not referenced
 Note 960: Violates MISRA 2004 Required Rule 8.9, undefined symbol: 'QTimeEvt_armX' 
"C:\qp_lab\qpc\include\qf.h" 487 1 Info 757: global declarator 'QTimeEvt_ctorX(struct QTimeEvt *, struct QActive *, enum_t, uint_fast8_t)' (line 487, file C:\qp_lab\qpc\include\qf.h) not referenced
 Note 960: Violates MISRA 2004 Required Rule 8.9, undefined symbol: 'QTimeEvt_ctorX' 
"C:\qp_lab\qpc\include\qf.h" 498 1 Info 757: global declarator 'QTimeEvt_disarm(struct QTimeEvt *)' (line 498, file C:\qp_lab\qpc\include\qf.h) not referenced
 Note 960: Violates MISRA 2004 Required Rule 8.9, undefined symbol: 'QTimeEvt_disarm' 
"C:\qp_lab\qpc\include\qf.h" 501 1 Info 757: global declarator 'QTimeEvt_ctr(const struct QTimeEvt *)' (line 501, file C:\qp_lab\qpc\include\qf.h) not referenced
 Note 960: Violates MISRA 2004 Required Rule 8.9, undefined symbol: 'QTimeEvt_ctr' 
"C:\qp_lab\qpc\include\qf.h" 495 1 Info 757: global declarator 'QTimeEvt_rearm(struct QTimeEvt *, QTimeEvtCtr)' (line 495, file C:\qp_lab\qpc\include\qf.h) not referenced
 Note 960: Violates MISRA 2004 Required Rule 8.9, undefined symbol: 'QTimeEvt_rearm' 
"C:\qp_lab\qpc\ports\lint\stdint.h" 24 1 Info 756: global typedef 'int16_t' (line 24, file C:\qp_lab\qpc\ports\lint\stdint.h) not referenced
"C:\qp_lab\qpc\include\qequeue.h" 184 1 Info 757: global declarator 'QEQueue_get(struct QEQueue *)' (line 184, file C:\qp_lab\qpc\include\qequeue.h) not referenced
 Note 960: Violates MISRA 2004 Required Rule 8.9, undefined symbol: 'QEQueue_get' 
"C:\qp_lab\qpc\include\qequeue.h" 173 1 Info 757: global declarator 'QEQueue_init(struct QEQueue *, const QEvt **, uint_fast16_t)' (line 173, file C:\qp_lab\qpc\include\qequeue.h) not referenced
 Note 960: Violates MISRA 2004 Required Rule 8.9, undefined symbol: 'QEQueue_init' 
"C:\qp_lab\qpc\include\qequeue.h" 177 1 Info 757: global declarator 'QEQueue_post(struct QEQueue *, const QEvt *, uint_fast16_t)' (line 177, file C:\qp_lab\qpc\include\qequeue.h) not referenced
 Note 960: Violates MISRA 2004 Required Rule 8.9, undefined symbol: 'QEQueue_post' 
"C:\qp_lab\qpc\include\qequeue.h" 181 1 Info 757: global declarator 'QEQueue_postLIFO(struct QEQueue *, const QEvt *)' (line 181, file C:\qp_lab\qpc\include\qequeue.h) not referenced
 Note 960: Violates MISRA 2004 Required Rule 8.9, undefined symbol: 'QEQueue_postLIFO' 
"C:\qp_lab\qpc\src\qs\qs.c" 80 1 Info 759: header declaration for symbol 'QS_initBuf(uint8_t *, uint_fast16_t)' defined at (line 80, file C:\qp_lab\qpc\src\qs\qs.c) could be moved from header to module
"C:\qp_lab\qpc\src\qs\qs.c" 80 1 Info 765: external 'QS_initBuf(uint8_t *, uint_fast16_t)' (line 80, file C:\qp_lab\qpc\src\qs\qs.c) could be made static [MISRA 2004 Rule 8.10, required]
"C:\qp_lab\qpc\src\qs\qs.c" 80 1 Info 714: Symbol 'QS_initBuf(uint8_t *, uint_fast16_t)' (line 80, file C:\qp_lab\qpc\src\qs\qs.c) not referenced
"C:\qp_lab\qpc\include\qf.h" 796 1 Warning 526: Symbol 'QF_gc(const QEvt *)' (line 796, file C:\qp_lab\qpc\include\qf.h, module C:\qp_lab\qpc\src\qs\qs.c) not defined
 Note 960: Violates MISRA 2004 Required Rule 8.9, undefined symbol: 'QF_gc' 
"C:\qp_lab\qpc\include\qf.h" 663 1 Info 757: global declarator 'QF_getPoolMin(uint_fast8_t)' (line 663, file C:\qp_lab\qpc\include\qf.h) not referenced
 Note 960: Violates MISRA 2004 Required Rule 8.9, undefined symbol: 'QF_getPoolMin' 
"C:\qp_lab\qpc\include\qf.h" 667 1 Info 757: global declarator 'QF_getQueueMin(uint_fast8_t)' (line 667, file C:\qp_lab\qpc\include\qf.h) not referenced
 Note 960: Violates MISRA 2004 Required Rule 8.9, undefined symbol: 'QF_getQueueMin' 
"C:\qp_lab\qpc\include\qmpool.h" 154 1 Info 757: global declarator 'QMPool_get(QMPool *, uint_fast16_t)' (line 154, file C:\qp_lab\qpc\include\qmpool.h) not referenced
 Note 960: Violates MISRA 2004 Required Rule 8.9, undefined symbol: 'QMPool_get' 
"C:\qp_lab\qpc\include\qmpool.h" 150 1 Info 757: global declarator 'QMPool_init(QMPool *, void *, uint_fast32_t, uint_fast16_t)' (line 150, file C:\qp_lab\qpc\include\qmpool.h) not referenced
 Note 960: Violates MISRA 2004 Required Rule 8.9, undefined symbol: 'QMPool_init' 
"C:\qp_lab\qpc\include\qmpool.h" 157 1 Info 757: global declarator 'QMPool_put(QMPool *, void *)' (line 157, file C:\qp_lab\qpc\include\qmpool.h) not referenced
 Note 960: Violates MISRA 2004 Required Rule 8.9, undefined symbol: 'QMPool_put' 
"C:\qp_lab\qpc\include\qassert.h" 254 1 Warning 526: Symbol 'Q_onAssert(const char_t *, int_t)' (line 254, file C:\qp_lab\qpc\include\qassert.h, module C:\qp_lab\qpc\src\qs\qs.c) not defined
 Note 960: Violates MISRA 2004 Required Rule 8.9, undefined symbol: 'Q_onAssert' 
"C:\qp_lab\qpc\ports\lint\stdint.h" 25 1 Info 756: global typedef 'int32_t' (line 25, file C:\qp_lab\qpc\ports\lint\stdint.h) not referenced
"C:\qp_lab\qpc\include\qep.h" 385 1 Info 756: global typedef 'QMsmVtbl' (line 385, file C:\qp_lab\qpc\include\qep.h) not referenced
"C:\qp_lab\qpc\include\qep.h" 441 1 Info 757: global declarator 'QMsm_childStateObj_(const QMsm *, const struct QMState *)' (line 441, file C:\qp_lab\qpc\include\qep.h) not referenced
 Note 960: Violates MISRA 2004 Required Rule 8.9, undefined symbol: 'QMsm_childStateObj_' 
"C:\qp_lab\qpc\include\qep.h" 414 1 Info 757: global declarator 'QMsm_ctor(QMsm *, QStateHandler)' (line 414, file C:\qp_lab\qpc\include\qep.h) not referenced
 Note 960: Violates MISRA 2004 Required Rule 8.9, undefined symbol: 'QMsm_ctor' 
"C:\qp_lab\qpc\include\qep.h" 420 1 Info 757: global declarator 'QMsm_dispatch_(QMsm *, const QEvt *)' (line 420, file C:\qp_lab\qpc\include\qep.h) not referenced
 Note 960: Violates MISRA 2004 Required Rule 8.9, undefined symbol: 'QMsm_dispatch_' 
"C:\qp_lab\qpc\include\qep.h" 417 1 Info 757: global declarator 'QMsm_init_(QMsm *, const QEvt *)' (line 417, file C:\qp_lab\qpc\include\qep.h) not referenced
 Note 960: Violates MISRA 2004 Required Rule 8.9, undefined symbol: 'QMsm_init_' 
"C:\qp_lab\qpc\include\qep.h" 447 1 Info 757: global declarator 'QMsm_isInState(const QMsm *, const struct QMState *)' (line 447, file C:\qp_lab\qpc\include\qep.h) not referenced
 Note 960: Violates MISRA 2004 Required Rule 8.9, undefined symbol: 'QMsm_isInState' 
"C:\qp_lab\qpc\ports\lint\qv\qf_port.h" 211 1 Info 757: global declarator 'intDisable(void)' (line 211, file C:\qp_lab\qpc\ports\lint\qv\qf_port.h) not referenced
 Note 960: Violates MISRA 2004 Required Rule 8.9, undefined symbol: 'intDisable' 
"C:\qp_lab\qpc\include\qf.h" 521 1 Info 757: global declarator 'QF_init(void)' (line 521, file C:\qp_lab\qpc\include\qf.h) not referenced
 Note 960: Violates MISRA 2004 Required Rule 8.9, undefined symbol: 'QF_init' 
"C:\qp_lab\qpc\ports\lint\stdbool.h" 17 1 Info 755: global macro 'true' (line 17, file C:\qp_lab\qpc\ports\lint\stdbool.h) not referenced
"C:\qp_lab\qpc\include\qep.h" 542 1 Info 755: global macro 'QM_SM_EXIT' (line 542, file C:\qp_lab\qpc\include\qep.h) not referenced
"C:\qp_lab\qpc\include\qep.h" 596 1 Info 755: global macro 'QM_SUPER' (line 596, file C:\qp_lab\qpc\include\qep.h) not referenced
"C:\qp_lab\qpc\include\qep.h" 602 1 Info 755: global macro 'QM_SUPER_SUB' (line 602, file C:\qp_lab\qpc\include\qep.h) not referenced
"C:\qp_lab\qpc\include\qs.h" 862 1 Info 755: global macro 'QS_MEM' (line 862, file C:\qp_lab\qpc\include\qs.h) not referenced
"C:\qp_lab\qpc\include\qep.h" 549 1 Info 755: global macro 'QM_TRAN' (line 549, file C:\qp_lab\qpc\include\qep.h) not referenced
"C:\qp_lab\qpc\include\qep.h" 564 1 Info 755: global macro 'QM_TRAN_HIST' (line 564, file C:\qp_lab\qpc\include\qep.h) not referenced
"C:\qp_lab\qpc\include\qep.h" 571 1 Info 755: global macro 'QM_TRAN_EP' (line 571, file C:\qp_lab\qpc\include\qep.h) not referenced
"C:\qp_lab\qpc\include\qep.h" 556 1 Info 755: global macro 'QM_TRAN_INIT' (line 556, file C:\qp_lab\qpc\include\qep.h) not referenced
"C:\qp_lab\qpc\include\qep.h" 579 1 Info 755: global macro 'QM_TRAN_XP' (line 579, file C:\qp_lab\qpc\include\qep.h) not referenced
"C:\qp_lab\qpc\include\qep.h" 523 1 Info 755: global macro 'QM_ENTRY' (line 523, file C:\qp_lab\qpc\include\qep.h) not referenced
"C:\qp_lab\qpc\include\qep.h" 529 1 Info 755: global macro 'QM_EXIT' (line 529, file C:\qp_lab\qpc\include\qep.h) not referenced
"C:\qp_lab\qpc\include\qep.h" 591 1 Info 755: global macro 'QM_UNHANDLED' (line 591, file C:\qp_lab\qpc\include\qep.h) not referenced
"C:\qp_lab\qpc\include\qep.h" 57 1 Info 755: global macro 'QP_RELEASE' (line 57, file C:\qp_lab\qpc\include\qep.h) not referenced
"C:\qp_lab\qpc\include\qs.h" 870 1 Info 755: global macro 'QS_OBJ' (line 870, file C:\qp_lab\qpc\include\qs.h) not referenced
"C:\qp_lab\qpc\include\qs.h" 980 1 Info 755: global macro 'QS_OBJ_DICTIONARY' (line 980, file C:\qp_lab\qpc\include\qs.h) not referenced
"C:\qp_lab\qpc\include\qmpool.h" 166 1 Info 755: global macro 'QF_MPOOL_EL' (line 166, file C:\qp_lab\qpc\include\qmpool.h) not referenced
"C:\qp_lab\qpc\include\qassert.h" 287 1 Info 755: global macro 'Q_ENSURE' (line 287, file C:\qp_lab\qpc\include\qassert.h) not referenced
"C:\qp_lab\qpc\include\qassert.h" 298 1 Info 755: global macro 'Q_ENSURE_ID' (line 298, file C:\qp_lab\qpc\include\qassert.h) not referenced
"C:\qp_lab\qpc\include\qf.h" 719 1 Info 755: global macro 'Q_NEW' (line 719, file C:\qp_lab\qpc\include\qf.h) not referenced
"C:\qp_lab\qpc\include\qf.h" 748 1 Info 755: global macro 'Q_NEW_X' (line 748, file C:\qp_lab\qpc\include\qf.h) not referenced
"C:\qp_lab\qpc\include\qf.h" 773 1 Info 755: global macro 'Q_NEW_REF' (line 773, file C:\qp_lab\qpc\include\qf.h) not referenced
"C:\qp_lab\qpc\include\qep.h" 483 1 Info 755: global macro 'Q_UNHANDLED' (line 483, file C:\qp_lab\qpc\include\qep.h) not referenced
"C:\qp_lab\qpc\include\qf.h" 648 1 Info 755: global macro 'QF_NO_MARGIN' (line 648, file C:\qp_lab\qpc\include\qf.h) not referenced
"C:\qp_lab\qpc\include\qs.h" 1026 1 Info 755: global macro 'QS_ASSERTION' (line 1026, file C:\qp_lab\qpc\include\qs.h) not referenced
"C:\qp_lab\qpc\include\qep.h" 233 1 Info 755: global macro 'Q_ACTION_CAST' (line 233, file C:\qp_lab\qpc\include\qep.h) not referenced
"C:\qp_lab\qpc\include\qassert.h" 143 1 Info 755: global macro 'Q_ASSERT' (line 143, file C:\qp_lab\qpc\include\qassert.h) not referenced
"C:\qp_lab\qpc\include\qassert.h" 332 1 Info 755: global macro 'Q_ASSERT_COMPILE' (line 332, file C:\qp_lab\qpc\include\qassert.h) not referenced
"C:\qp_lab\qpc\include\qep.h" 101 1 Info 755: global macro 'QEP_getVersion' (line 101, file C:\qp_lab\qpc\include\qep.h) not referenced
"C:\qp_lab\qpc\include\qep.h" 584 1 Info 755: global macro 'QM_HANDLED' (line 584, file C:\qp_lab\qpc\include\qep.h) not referenced
"C:\qp_lab\qpc\include\qs.h" 726 1 Info 755: global macro 'QS_2U8_' (line 726, file C:\qp_lab\qpc\include\qs.h) not referenced
"C:\qp_lab\qpc\include\qs.h" 663 1 Info 755: global macro 'QS_BEGIN' (line 663, file C:\qp_lab\qpc\include\qs.h) not referenced
"C:\qp_lab\qpc\include\qs.h" 687 1 Info 755: global macro 'QS_BEGIN_' (line 687, file C:\qp_lab\qpc\include\qs.h) not referenced
"C:\qp_lab\qpc\include\qs.h" 572 1 Info 755: global macro 'QS_BEGIN_NOCRIT' (line 572, file C:\qp_lab\qpc\include\qs.h) not referenced
"C:\qp_lab\qpc\include\qs.h" 711 1 Info 755: global macro 'QS_BEGIN_NOCRIT_' (line 711, file C:\qp_lab\qpc\include\qs.h) not referenced
"C:\qp_lab\qpc\include\qs.h" 1172 1 Info 755: global macro 'QS_RX_PUT' (line 1172, file C:\qp_lab\qpc\include\qs.h) not referenced
"C:\qp_lab\qpc\include\qep.h" 54 1 Info 755: global macro 'QP_VERSION_STR' (line 54, file C:\qp_lab\qpc\include\qep.h) not referenced
"C:\qp_lab\qpc\include\qs.h" 900 1 Info 755: global macro 'QS_SIG' (line 900, file C:\qp_lab\qpc\include\qs.h) not referenced
"C:\qp_lab\qpc\include\qs.h" 859 1 Info 755: global macro 'QS_STR' (line 859, file C:\qp_lab\qpc\include\qs.h) not referenced
"C:\qp_lab\qpc\include\qs.h" 961 1 Info 755: global macro 'QS_SIG_DICTIONARY' (line 961, file C:\qp_lab\qpc\include\qs.h) not referenced
"C:\qp_lab\qpc\include\qep.h" 454 1 Info 755: global macro 'Q_TRAN' (line 454, file C:\qp_lab\qpc\include\qep.h) not referenced
"C:\qp_lab\qpc\include\qep.h" 463 1 Info 755: global macro 'Q_TRAN_HIST' (line 463, file C:\qp_lab\qpc\include\qep.h) not referenced
"C:\qp_lab\qpc\include\qs.h" 1067 1 Info 755: global macro 'QF_QS_ACTION' (line 1067, file C:\qp_lab\qpc\include\qs.h) not referenced
"C:\qp_lab\qpc\include\qs.h" 1043 1 Info 755: global macro 'QF_QS_CRIT_ENTRY' (line 1043, file C:\qp_lab\qpc\include\qs.h) not referenced
"C:\qp_lab\qpc\include\qs.h" 1050 1 Info 755: global macro 'QF_QS_CRIT_EXIT' (line 1050, file C:\qp_lab\qpc\include\qs.h) not referenced
"C:\qp_lab\qpc\include\qs.h" 1057 1 Info 755: global macro 'QF_QS_ISR_ENTRY' (line 1057, file C:\qp_lab\qpc\include\qs.h) not referenced
"C:\qp_lab\qpc\include\qs.h" 1064 1 Info 755: global macro 'QF_QS_ISR_EXIT' (line 1064, file C:\qp_lab\qpc\include\qs.h) not referenced
"C:\qp_lab\qpc\include\qs.h" 1233 1 Info 755: global macro 'QS_TEST_PROBE' (line 1233, file C:\qp_lab\qpc\include\qs.h) not referenced
"C:\qp_lab\qpc\include\qs.h" 1235 1 Info 755: global macro 'QS_TEST_PAUSE' (line 1235, file C:\qp_lab\qpc\include\qs.h) not referenced
"C:\qp_lab\qpc\include\qs.h" 1232 1 Info 755: global macro 'QS_TEST_PROBE_DEF' (line 1232, file C:\qp_lab\qpc\include\qs.h) not referenced
"C:\qp_lab\qpc\include\qs.h" 1234 1 Info 755: global macro 'QS_TEST_PROBE_ID' (line 1234, file C:\qp_lab\qpc\include\qs.h) not referenced
"C:\qp_lab\qpc\include\qep.h" 224 1 Info 755: global macro 'Q_STATE_CAST' (line 224, file C:\qp_lab\qpc\include\qep.h) not referenced
"C:\qp_lab\qpc\include\qassert.h" 202 1 Info 755: global macro 'Q_ERROR' (line 202, file C:\qp_lab\qpc\include\qassert.h) not referenced
"C:\qp_lab\qpc\include\qassert.h" 308 1 Info 755: global macro 'Q_INVARIANT' (line 308, file C:\qp_lab\qpc\include\qassert.h) not referenced
"C:\qp_lab\qpc\include\qassert.h" 319 1 Info 755: global macro 'Q_INVARIANT_ID' (line 319, file C:\qp_lab\qpc\include\qassert.h) not referenced
"C:\qp_lab\qpc\include\qassert.h" 268 1 Info 755: global macro 'Q_REQUIRE' (line 268, file C:\qp_lab\qpc\include\qassert.h) not referenced
"C:\qp_lab\qpc\include\qs.h" 670 1 Info 755: global macro 'QS_END' (line 670, file C:\qp_lab\qpc\include\qs.h) not referenced
"C:\qp_lab\qpc\include\qs.h" 697 1 Info 755: global macro 'QS_END_' (line 697, file C:\qp_lab\qpc\include\qs.h) not referenced
"C:\qp_lab\qpc\include\qs.h" 576 1 Info 755: global macro 'QS_END_NOCRIT' (line 576, file C:\qp_lab\qpc\include\qs.h) not referenced
"C:\qp_lab\qpc\include\qs.h" 720 1 Info 755: global macro 'QS_END_NOCRIT_' (line 720, file C:\qp_lab\qpc\include\qs.h) not referenced
"C:\qp_lab\qpc\include\qs.h" 406 1 Info 755: global macro 'QS_EXIT' (line 406, file C:\qp_lab\qpc\include\qs.h) not referenced
"C:\qp_lab\qpc\include\qs.h" 828 1 Info 755: global macro 'QS_U16' (line 828, file C:\qp_lab\qpc\include\qs.h) not referenced
"C:\qp_lab\qpc\include\qs.h" 836 1 Info 755: global macro 'QS_U32' (line 836, file C:\qp_lab\qpc\include\qs.h) not referenced
"C:\qp_lab\qpc\include\qs.h" 820 1 Info 755: global macro 'QS_U8' (line 820, file C:\qp_lab\qpc\include\qs.h) not referenced
"C:\qp_lab\qpc\include\qs.h" 852 1 Info 755: global macro 'QS_U64' (line 852, file C:\qp_lab\qpc\include\qs.h) not referenced
"C:\qp_lab\qpc\include\qs.h" 856 1 Info 755: global macro 'QS_U32_HEX' (line 856, file C:\qp_lab\qpc\include\qs.h) not referenced
"C:\qp_lab\qpc\include\qs.h" 1009 1 Info 755: global macro 'QS_USR_DICTIONARY' (line 1009, file C:\qp_lab\qpc\include\qs.h) not referenced
"C:\qp_lab\qpc\include\qep.h" 472 1 Info 755: global macro 'Q_SUPER' (line 472, file C:\qp_lab\qpc\include\qep.h) not referenced
"C:\qp_lab\qpc\include\qv.h" 97 1 Info 755: global macro 'QACTIVE_EQUEUE_SIGNAL_' (line 97, file C:\qp_lab\qpc\include\qv.h) not referenced
"C:\qp_lab\qpc\include\qv.h" 94 1 Info 755: global macro 'QACTIVE_EQUEUE_WAIT_' (line 94, file C:\qp_lab\qpc\include\qv.h) not referenced
"C:\qp_lab\qpc\include\qf.h" 213 1 Info 755: global macro 'QACTIVE_START' (line 213, file C:\qp_lab\qpc\include\qf.h) not referenced
"C:\qp_lab\qpc\include\qf.h" 254 1 Info 755: global macro 'QACTIVE_POST' (line 254, file C:\qp_lab\qpc\include\qf.h) not referenced
"C:\qp_lab\qpc\include\qf.h" 318 1 Info 755: global macro 'QACTIVE_POST_LIFO' (line 318, file C:\qp_lab\qpc\include\qf.h) not referenced
"C:\qp_lab\qpc\include\qv.h" 89 1 Info 755: global macro 'QF_SCHED_LOCK_' (line 89, file C:\qp_lab\qpc\include\qv.h) not referenced
"C:\qp_lab\qpc\include\qv.h" 88 1 Info 755: global macro 'QF_SCHED_STAT_' (line 88, file C:\qp_lab\qpc\include\qv.h) not referenced
"C:\qp_lab\qpc\include\qv.h" 90 1 Info 755: global macro 'QF_SCHED_UNLOCK_' (line 90, file C:\qp_lab\qpc\include\qv.h) not referenced
"C:\qp_lab\qpc\include\qep.h" 344 1 Info 755: global macro 'QHsm_childState' (line 344, file C:\qp_lab\qpc\include\qep.h) not referenced
"C:\qp_lab\qpc\include\qep.h" 334 1 Info 755: global macro 'QHsm_state' (line 334, file C:\qp_lab\qpc\include\qep.h) not referenced
"C:\qp_lab\qpc\include\qpset.h" 104 1 Info 755: global macro 'QPSet_setEmpty' (line 104, file C:\qp_lab\qpc\include\qpset.h) not referenced
"C:\qp_lab\qpc\include\qpset.h" 156 1 Info 755: global macro 'QPSet_findMax' (line 156, file C:\qp_lab\qpc\include\qpset.h) not referenced
"C:\qp_lab\qpc\include\qpset.h" 126 1 Info 755: global macro 'QPSet_hasElement' (line 126, file C:\qp_lab\qpc\include\qpset.h) not referenced
"C:\qp_lab\qpc\include\qpset.h" 136 1 Info 755: global macro 'QPSet_insert' (line 136, file C:\qp_lab\qpc\include\qpset.h) not referenced
"C:\qp_lab\qpc\include\qpset.h" 111 1 Info 755: global macro 'QPSet_isEmpty' (line 111, file C:\qp_lab\qpc\include\qpset.h) not referenced
"C:\qp_lab\qpc\include\qpset.h" 118 1 Info 755: global macro 'QPSet_notEmpty' (line 118, file C:\qp_lab\qpc\include\qpset.h) not referenced
"C:\qp_lab\qpc\include\qpset.h" 148 1 Info 755: global macro 'QPSet_remove' (line 148, file C:\qp_lab\qpc\include\qpset.h) not referenced
"C:\qp_lab\qpc\include\qs.h" 430 1 Info 755: global macro 'QS_FILTER_OFF' (line 430, file C:\qp_lab\qpc\include\qs.h) not referenced
"C:\qp_lab\qpc\include\qs.h" 840 1 Info 755: global macro 'QS_F32' (line 840, file C:\qp_lab\qpc\include\qs.h) not referenced
"C:\qp_lab\qpc\include\qs.h" 844 1 Info 755: global macro 'QS_F64' (line 844, file C:\qp_lab\qpc\include\qs.h) not referenced
"C:\qp_lab\qpc\include\qs.h" 480 1 Info 755: global macro 'QS_FILTER_AO_OBJ' (line 480, file C:\qp_lab\qpc\include\qs.h) not referenced
"C:\qp_lab\qpc\include\qs.h" 500 1 Info 755: global macro 'QS_FILTER_MP_OBJ' (line 500, file C:\qp_lab\qpc\include\qs.h) not referenced
"C:\qp_lab\qpc\include\qs.h" 520 1 Info 755: global macro 'QS_FILTER_EQ_OBJ' (line 520, file C:\qp_lab\qpc\include\qs.h) not referenced
"C:\qp_lab\qpc\include\qs.h" 558 1 Info 755: global macro 'QS_FILTER_AP_OBJ' (line 558, file C:\qp_lab\qpc\include\qs.h) not referenced
"C:\qp_lab\qpc\include\qs.h" 417 1 Info 755: global macro 'QS_FILTER_ON' (line 417, file C:\qp_lab\qpc\include\qs.h) not referenced
"C:\qp_lab\qpc\include\qs.h" 458 1 Info 755: global macro 'QS_FILTER_SM_OBJ' (line 458, file C:\qp_lab\qpc\include\qs.h) not referenced
"C:\qp_lab\qpc\include\qs.h" 541 1 Info 755: global macro 'QS_FILTER_TE_OBJ' (line 541, file C:\qp_lab\qpc\include\qs.h) not referenced
"C:\qp_lab\qpc\include\qs.h" 884 1 Info 755: global macro 'QS_FUN' (line 884, file C:\qp_lab\qpc\include\qs.h) not referenced
"C:\qp_lab\qpc\include\qs.h" 1036 1 Info 755: global macro 'QS_FLUSH' (line 1036, file C:\qp_lab\qpc\include\qs.h) not referenced
"C:\qp_lab\qpc\include\qs.h" 998 1 Info 755: global macro 'QS_FUN_DICTIONARY' (line 998, file C:\qp_lab\qpc\include\qs.h) not referenced
"C:\qp_lab\qpc\ports\lint\qv\qf_port.h" 269 1 Info 755: global macro 'QV_CPU_SLEEP' (line 269, file C:\qp_lab\qpc\ports\lint\qv\qf_port.h) not referenced
"C:\qp_lab\qpc\include\qf.h" 793 1 Info 755: global macro 'Q_DELETE_REF' (line 793, file C:\qp_lab\qpc\include\qf.h) not referenced
"C:\qp_lab\qpc\include\qassert.h" 111 1 Info 755: global macro 'Q_DEFINE_THIS_FILE' (line 111, file C:\qp_lab\qpc\include\qassert.h) not referenced
"C:\qp_lab\qpc\include\qep.h" 477 1 Info 755: global macro 'Q_HANDLED' (line 477, file C:\qp_lab\qpc\include\qep.h) not referenced
"C:\qp_lab\qpc\include\qf.h" 636 1 Info 755: global macro 'QF_TICK_X' (line 636, file C:\qp_lab\qpc\include\qf.h) not referenced
"C:\qp_lab\qpc\include\qf.h" 651 1 Info 755: global macro 'QF_TICK' (line 651, file C:\qp_lab\qpc\include\qf.h) not referenced
"C:\qp_lab\qpc\include\qs.h" 1070 1 Info 755: global macro 'QS_getVersion' (line 1070, file C:\qp_lab\qpc\include\qs.h) not referenced
"C:\qp_lab\qpc\include\qv.h" 100 1 Info 755: global macro 'QF_EPOOL_TYPE_' (line 100, file C:\qp_lab\qpc\include\qv.h) not referenced
"C:\qp_lab\qpc\include\qv.h" 103 1 Info 755: global macro 'QF_EPOOL_EVENT_SIZE_' (line 103, file C:\qp_lab\qpc\include\qv.h) not referenced
"C:\qp_lab\qpc\include\qv.h" 104 1 Info 755: global macro 'QF_EPOOL_GET_' (line 104, file C:\qp_lab\qpc\include\qv.h) not referenced
"C:\qp_lab\qpc\include\qv.h" 102 1 Info 755: global macro 'QF_EPOOL_INIT_' (line 102, file C:\qp_lab\qpc\include\qv.h) not referenced
"C:\qp_lab\qpc\include\qv.h" 105 1 Info 755: global macro 'QF_EPOOL_PUT_' (line 105, file C:\qp_lab\qpc\include\qv.h) not referenced
"C:\qp_lab\qpc\include\qep.h" 190 1 Info 755: global macro 'Q_EVT_CAST' (line 190, file C:\qp_lab\qpc\include\qep.h) not referenced
"C:\qp_lab\qpc\include\qep.h" 180 1 Info 755: global macro 'Q_HSM_UPCAST' (line 180, file C:\qp_lab\qpc\include\qep.h) not referenced
"C:\qp_lab\qpc\include\qequeue.h" 200 1 Info 755: global macro 'QEQueue_getNFree' (line 200, file C:\qp_lab\qpc\include\qequeue.h) not referenced
"C:\qp_lab\qpc\include\qequeue.h" 214 1 Info 755: global macro 'QEQueue_getNMin' (line 214, file C:\qp_lab\qpc\include\qequeue.h) not referenced
"C:\qp_lab\qpc\include\qequeue.h" 230 1 Info 755: global macro 'QEQueue_isEmpty' (line 230, file C:\qp_lab\qpc\include\qequeue.h) not referenced
"C:\qp_lab\qpc\include\qs.h" 816 1 Info 755: global macro 'QS_I8' (line 816, file C:\qp_lab\qpc\include\qs.h) not referenced
"C:\qp_lab\qpc\include\qs.h" 824 1 Info 755: global macro 'QS_I16' (line 824, file C:\qp_lab\qpc\include\qs.h) not referenced
"C:\qp_lab\qpc\include\qs.h" 832 1 Info 755: global macro 'QS_I32' (line 832, file C:\qp_lab\qpc\include\qs.h) not referenced
"C:\qp_lab\qpc\include\qs.h" 848 1 Info 755: global macro 'QS_I64' (line 848, file C:\qp_lab\qpc\include\qs.h) not referenced
"C:\qp_lab\qpc\include\qs.h" 397 1 Info 755: global macro 'QS_INIT' (line 397, file C:\qp_lab\qpc\include\qs.h) not referenced
"C:\qp_lab\qpc\include\qf.h" 841 1 Info 755: global macro 'QF_getVersion' (line 841, file C:\qp_lab\qpc\include\qf.h) not referenced
"C:\qp_lab\qpc\include\qv.h" 81 1 Info 755: global macro 'QV_getVersion' (line 81, file C:\qp_lab\qpc\include\qv.h) not referenced
"C:\qp_lab\qpc\include\qassert.h" 177 1 Info 755: global macro 'Q_ALLEGE' (line 177, file C:\qp_lab\qpc\include\qassert.h) not referenced
"C:\qp_lab\qpc\include\qassert.h" 192 1 Info 755: global macro 'Q_ALLEGE_ID' (line 192, file C:\qp_lab\qpc\include\qassert.h) not referenced
"C:\qp_lab\qpc\include\qassert.h" 335 1 Info 755: global macro 'Q_DIM' (line 335, file C:\qp_lab\qpc\include\qassert.h) not referenced
"C:\qp_lab\qpc\include\qep.h" 428 1 Info 755: global macro 'QMsm_stateObj' (line 428, file C:\qp_lab\qpc\include\qep.h) not referenced
"C:\qp_lab\qpc\include\qep.h" 438 1 Info 755: global macro 'QMsm_childStateObj' (line 438, file C:\qp_lab\qpc\include\qep.h) not referenced
"C:\qp_lab\qpc\include\qep.h" 201 1 Info 755: global macro 'Q_UINT2PTR_CAST' (line 201, file C:\qp_lab\qpc\include\qep.h) not referenced
"C:\qp_lab\qpc\ports\lint\qv\qf_port.h" 198 1 Info 755: global macro 'QF_INT_DISABLE' (line 198, file C:\qp_lab\qpc\ports\lint\qv\qf_port.h) not referenced
"C:\qp_lab\qpc\ports\lint\qv\qf_port.h" 209 1 Info 755: global macro 'QF_INT_ENABLE' (line 209, file C:\qp_lab\qpc\ports\lint\qv\qf_port.h) not referenced
"C:\qp_lab\qpc\ports\lint\stdbool.h" 22 1 Info 755: global macro '__bool_true_false_are_defined' (line 22, file C:\qp_lab\qpc\ports\lint\stdbool.h) not referenced
"C:\qp_lab\qpc\include\qep.h" 491 1 Info 758: global enum '(untagged)' (line 491, file C:\qp_lab\qpc\include\qep.h) not referenced
"C:\qp_lab\qpc\include\qep.h" 605 1 Info 758: global enum '(untagged)' (line 605, file C:\qp_lab\qpc\include\qep.h) not referenced
"C:\qp_lab\qpc\include\qs.h" 188 1 Info 758: global enum 'QSpyUserRecords' (line 188, file C:\qp_lab\qpc\include\qs.h) not referenced
"C:\qp_lab\qpc\include\qep.h" 154 1 Info 768: global struct member 'QEvt::sig' (line 154, file C:\qp_lab\qpc\include\qep.h) not referenced
"C:\qp_lab\qpc\include\qep.h" 155 1 Info 768: global struct member 'QEvt::poolId_' (line 155, file C:\qp_lab\qpc\include\qep.h) not referenced
"C:\qp_lab\qpc\include\qep.h" 247 1 Info 768: global struct member 'QHsmAttr::fun' (line 247, file C:\qp_lab\qpc\include\qep.h) not referenced
"C:\qp_lab\qpc\include\qep.h" 248 1 Info 768: global struct member 'QHsmAttr::act' (line 248, file C:\qp_lab\qpc\include\qep.h) not referenced
"C:\qp_lab\qpc\include\qep.h" 249 1 Info 768: global struct member 'QHsmAttr::obj' (line 249, file C:\qp_lab\qpc\include\qep.h) not referenced
"C:\qp_lab\qpc\include\qep.h" 250 1 Info 768: global struct member 'QHsmAttr::tatbl' (line 250, file C:\qp_lab\qpc\include\qep.h) not referenced
"C:\qp_lab\qpc\include\qep.h" 280 1 Info 768: global struct member 'QHsm::state' (line 280, file C:\qp_lab\qpc\include\qep.h) not referenced
"C:\qp_lab\qpc\include\qep.h" 281 1 Info 768: global struct member 'QHsm::temp' (line 281, file C:\qp_lab\qpc\include\qep.h) not referenced
"C:\qp_lab\qpc\include\qep.h" 400 1 Info 768: global struct member 'QMState::superstate' (line 400, file C:\qp_lab\qpc\include\qep.h) not referenced
"C:\qp_lab\qpc\include\qep.h" 401 1 Info 768: global struct member 'QMState::stateHandler' (line 401, file C:\qp_lab\qpc\include\qep.h) not referenced
"C:\qp_lab\qpc\include\qep.h" 402 1 Info 768: global struct member 'QMState::entryAction' (line 402, file C:\qp_lab\qpc\include\qep.h) not referenced
"C:\qp_lab\qpc\include\qep.h" 403 1 Info 768: global struct member 'QMState::exitAction' (line 403, file C:\qp_lab\qpc\include\qep.h) not referenced
"C:\qp_lab\qpc\include\qep.h" 404 1 Info 768: global struct member 'QMState::initAction' (line 404, file C:\qp_lab\qpc\include\qep.h) not referenced
"C:\qp_lab\qpc\include\qep.h" 409 1 Info 768: global struct member 'QMTranActTable::target' (line 409, file C:\qp_lab\qpc\include\qep.h) not referenced
"C:\qp_lab\qpc\include\qep.h" 410 1 Info 768: global struct member 'QMTranActTable::act' (line 410, file C:\qp_lab\qpc\include\qep.h) not referenced
"C:\qp_lab\qpc\include\qep.h" 493 1 Info 769: global enumeration constant 'Q_RET_SUPER' (line 493, file C:\qp_lab\qpc\include\qep.h) not referenced
"C:\qp_lab\qpc\include\qep.h" 494 1 Info 769: global enumeration constant 'Q_RET_SUPER_SUB' (line 494, file C:\qp_lab\qpc\include\qep.h) not referenced
"C:\qp_lab\qpc\include\qep.h" 495 1 Info 769: global enumeration constant 'Q_RET_UNHANDLED' (line 495, file C:\qp_lab\qpc\include\qep.h) not referenced
"C:\qp_lab\qpc\include\qep.h" 498 1 Info 769: global enumeration constant 'Q_RET_HANDLED' (line 498, file C:\qp_lab\qpc\include\qep.h) not referenced
"C:\qp_lab\qpc\include\qep.h" 499 1 Info 769: global enumeration constant 'Q_RET_IGNORED' (line 499, file C:\qp_lab\qpc\include\qep.h) not referenced
"C:\qp_lab\qpc\include\qep.h" 502 1 Info 769: global enumeration constant 'Q_RET_ENTRY' (line 502, file C:\qp_lab\qpc\include\qep.h) not referenced
"C:\qp_lab\qpc\include\qep.h" 503 1 Info 769: global enumeration constant 'Q_RET_EXIT' (line 503, file C:\qp_lab\qpc\include\qep.h) not referenced
"C:\qp_lab\qpc\include\qep.h" 506 1 Info 769: global enumeration constant 'Q_RET_NULL' (line 506, file C:\qp_lab\qpc\include\qep.h) not referenced
"C:\qp_lab\qpc\include\qep.h" 509 1 Info 769: global enumeration constant 'Q_RET_TRAN' (line 509, file C:\qp_lab\qpc\include\qep.h) not referenced
"C:\qp_lab\qpc\include\qep.h" 510 1 Info 769: global enumeration constant 'Q_RET_TRAN_INIT' (line 510, file C:\qp_lab\qpc\include\qep.h) not referenced
"C:\qp_lab\qpc\include\qep.h" 511 1 Info 769: global enumeration constant 'Q_RET_TRAN_EP' (line 511, file C:\qp_lab\qpc\include\qep.h) not referenced
"C:\qp_lab\qpc\include\qep.h" 514 1 Info 769: global enumeration constant 'Q_RET_TRAN_HIST' (line 514, file C:\qp_lab\qpc\include\qep.h) not referenced
"C:\qp_lab\qpc\include\qep.h" 515 1 Info 769: global enumeration constant 'Q_RET_TRAN_XP' (line 515, file C:\qp_lab\qpc\include\qep.h) not referenced
"C:\qp_lab\qpc\include\qep.h" 606 1 Info 769: global enumeration constant 'Q_ENTRY_SIG' (line 606, file C:\qp_lab\qpc\include\qep.h) not referenced
"C:\qp_lab\qpc\include\qep.h" 607 1 Info 769: global enumeration constant 'Q_EXIT_SIG' (line 607, file C:\qp_lab\qpc\include\qep.h) not referenced
"C:\qp_lab\qpc\include\qep.h" 608 1 Info 769: global enumeration constant 'Q_INIT_SIG' (line 608, file C:\qp_lab\qpc\include\qep.h) not referenced
"C:\qp_lab\qpc\include\qep.h" 609 1 Info 769: global enumeration constant 'Q_USER_SIG' (line 609, file C:\qp_lab\qpc\include\qep.h) not referenced
"C:\qp_lab\qpc\include\qequeue.h" 130 1 Info 768: global struct member 'QEQueue' (line 130, file C:\qp_lab\qpc\include\qequeue.h) not referenced
"C:\qp_lab\qpc\include\qequeue.h" 143 1 Info 768: global struct member 'QEQueue::frontEvt' (line 143, file C:\qp_lab\qpc\include\qequeue.h) not referenced
"C:\qp_lab\qpc\include\qequeue.h" 146 1 Info 768: global struct member 'QEQueue::ring' (line 146, file C:\qp_lab\qpc\include\qequeue.h) not referenced
"C:\qp_lab\qpc\include\qequeue.h" 149 1 Info 768: global struct member 'QEQueue::end' (line 149, file C:\qp_lab\qpc\include\qequeue.h) not referenced
"C:\qp_lab\qpc\include\qequeue.h" 152 1 Info 768: global struct member 'QEQueue::head' (line 152, file C:\qp_lab\qpc\include\qequeue.h) not referenced
"C:\qp_lab\qpc\include\qequeue.h" 155 1 Info 768: global struct member 'QEQueue::tail' (line 155, file C:\qp_lab\qpc\include\qequeue.h) not referenced
"C:\qp_lab\qpc\include\qequeue.h" 158 1 Info 768: global struct member 'QEQueue::nFree' (line 158, file C:\qp_lab\qpc\include\qequeue.h) not referenced
"C:\qp_lab\qpc\include\qequeue.h" 167 1 Info 768: global struct member 'QEQueue::nMin' (line 167, file C:\qp_lab\qpc\include\qequeue.h) not referenced
"C:\qp_lab\qpc\include\qmpool.h" 120 1 Info 768: global struct member 'QMPool::free_head' (line 120, file C:\qp_lab\qpc\include\qmpool.h) not referenced
"C:\qp_lab\qpc\include\qmpool.h" 123 1 Info 768: global struct member 'QMPool::start' (line 123, file C:\qp_lab\qpc\include\qmpool.h) not referenced
"C:\qp_lab\qpc\include\qmpool.h" 126 1 Info 768: global struct member 'QMPool::end' (line 126, file C:\qp_lab\qpc\include\qmpool.h) not referenced
"C:\qp_lab\qpc\include\qmpool.h" 129 1 Info 768: global struct member 'QMPool::blockSize' (line 129, file C:\qp_lab\qpc\include\qmpool.h) not referenced
"C:\qp_lab\qpc\include\qmpool.h" 132 1 Info 768: global struct member 'QMPool::nTot' (line 132, file C:\qp_lab\qpc\include\qmpool.h) not referenced
"C:\qp_lab\qpc\include\qmpool.h" 135 1 Info 768: global struct member 'QMPool::nFree' (line 135, file C:\qp_lab\qpc\include\qmpool.h) not referenced
"C:\qp_lab\qpc\include\qmpool.h" 144 1 Info 768: global struct member 'QMPool::nMin' (line 144, file C:\qp_lab\qpc\include\qmpool.h) not referenced
"C:\qp_lab\qpc\include\qpset.h" 97 1 Info 768: global struct member 'QPSet::bits' (line 97, file C:\qp_lab\qpc\include\qpset.h) not referenced
"C:\qp_lab\qpc\include\qf.h" 126 1 Info 768: global struct member 'QActive::eQueue' (line 126, file C:\qp_lab\qpc\include\qf.h) not referenced
"C:\qp_lab\qpc\include\qf.h" 153 1 Info 768: global struct member 'QActive::prio' (line 153, file C:\qp_lab\qpc\include\qf.h) not referenced
"C:\qp_lab\qpc\include\qf.h" 167 1 Info 768: global struct member 'QActiveVtbl::super' (line 167, file C:\qp_lab\qpc\include\qf.h) not referenced
"C:\qp_lab\qpc\include\qf.h" 174 1 Info 768: global struct member 'QActiveVtbl::start' (line 174, file C:\qp_lab\qpc\include\qf.h) not referenced
"C:\qp_lab\qpc\include\qf.h" 188 1 Info 768: global struct member 'QActiveVtbl::postLIFO' (line 188, file C:\qp_lab\qpc\include\qf.h) not referenced
"C:\qp_lab\qpc\include\qf.h" 457 1 Info 768: global struct member 'QTimeEvt::super' (line 457, file C:\qp_lab\qpc\include\qf.h) not referenced
"C:\qp_lab\qpc\include\qf.h" 460 1 Info 768: global struct member 'QTimeEvt::next' (line 460, file C:\qp_lab\qpc\include\qf.h) not referenced
"C:\qp_lab\qpc\include\qf.h" 463 1 Info 768: global struct member 'QTimeEvt::act' (line 463, file C:\qp_lab\qpc\include\qf.h) not referenced
"C:\qp_lab\qpc\include\qf.h" 472 1 Info 768: global struct member 'QTimeEvt::ctr' (line 472, file C:\qp_lab\qpc\include\qf.h) not referenced
"C:\qp_lab\qpc\include\qf.h" 481 1 Info 768: global struct member 'QTimeEvt::interval' (line 481, file C:\qp_lab\qpc\include\qf.h) not referenced
"C:\qp_lab\qpc\include\qs.h" 70 1 Info 769: global enumeration constant 'QSpyRecords::QS_QEP_STATE_ENTRY' (line 70, file C:\qp_lab\qpc\include\qs.h) not referenced
"C:\qp_lab\qpc\include\qs.h" 71 1 Info 769: global enumeration constant 'QSpyRecords::QS_QEP_STATE_EXIT' (line 71, file C:\qp_lab\qpc\include\qs.h) not referenced
"C:\qp_lab\qpc\include\qs.h" 72 1 Info 769: global enumeration constant 'QSpyRecords::QS_QEP_STATE_INIT' (line 72, file C:\qp_lab\qpc\include\qs.h) not referenced
"C:\qp_lab\qpc\include\qs.h" 73 1 Info 769: global enumeration constant 'QSpyRecords::QS_QEP_INIT_TRAN' (line 73, file C:\qp_lab\qpc\include\qs.h) not referenced
"C:\qp_lab\qpc\include\qs.h" 74 1 Info 769: global enumeration constant 'QSpyRecords::QS_QEP_INTERN_TRAN' (line 74, file C:\qp_lab\qpc\include\qs.h) not referenced
"C:\qp_lab\qpc\include\qs.h" 75 1 Info 769: global enumeration constant 'QSpyRecords::QS_QEP_TRAN' (line 75, file C:\qp_lab\qpc\include\qs.h) not referenced
"C:\qp_lab\qpc\include\qs.h" 76 1 Info 769: global enumeration constant 'QSpyRecords::QS_QEP_IGNORED' (line 76, file C:\qp_lab\qpc\include\qs.h) not referenced
"C:\qp_lab\qpc\include\qs.h" 77 1 Info 769: global enumeration constant 'QSpyRecords::QS_QEP_DISPATCH' (line 77, file C:\qp_lab\qpc\include\qs.h) not referenced
"C:\qp_lab\qpc\include\qs.h" 78 1 Info 769: global enumeration constant 'QSpyRecords::QS_QEP_UNHANDLED' (line 78, file C:\qp_lab\qpc\include\qs.h) not referenced
"C:\qp_lab\qpc\include\qs.h" 81 1 Info 769: global enumeration constant 'QSpyRecords::QS_QF_ACTIVE_DEFER' (line 81, file C:\qp_lab\qpc\include\qs.h) not referenced
"C:\qp_lab\qpc\include\qs.h" 82 1 Info 769: global enumeration constant 'QSpyRecords::QS_QF_ACTIVE_RECALL' (line 82, file C:\qp_lab\qpc\include\qs.h) not referenced
"C:\qp_lab\qpc\include\qs.h" 83 1 Info 769: global enumeration constant 'QSpyRecords::QS_QF_ACTIVE_SUBSCRIBE' (line 83, file C:\qp_lab\qpc\include\qs.h) not referenced
"C:\qp_lab\qpc\include\qs.h" 84 1 Info 769: global enumeration constant 'QSpyRecords::QS_QF_ACTIVE_UNSUBSCRIBE' (line 84, file C:\qp_lab\qpc\include\qs.h) not referenced
"C:\qp_lab\qpc\include\qs.h" 85 1 Info 769: global enumeration constant 'QSpyRecords::QS_QF_ACTIVE_POST_FIFO' (line 85, file C:\qp_lab\qpc\include\qs.h) not referenced
"C:\qp_lab\qpc\include\qs.h" 86 1 Info 769: global enumeration constant 'QSpyRecords::QS_QF_ACTIVE_POST_LIFO' (line 86, file C:\qp_lab\qpc\include\qs.h) not referenced
"C:\qp_lab\qpc\include\qs.h" 87 1 Info 769: global enumeration constant 'QSpyRecords::QS_QF_ACTIVE_GET' (line 87, file C:\qp_lab\qpc\include\qs.h) not referenced
"C:\qp_lab\qpc\include\qs.h" 88 1 Info 769: global enumeration constant 'QSpyRecords::QS_QF_ACTIVE_GET_LAST' (line 88, file C:\qp_lab\qpc\include\qs.h) not referenced
"C:\qp_lab\qpc\include\qs.h" 89 1 Info 769: global enumeration constant 'QSpyRecords::QS_QF_ACTIVE_RECALL_ATTEMPT' (line 89, file C:\qp_lab\qpc\include\qs.h) not referenced
"C:\qp_lab\qpc\include\qs.h" 92 1 Info 769: global enumeration constant 'QSpyRecords::QS_QF_EQUEUE_POST_FIFO' (line 92, file C:\qp_lab\qpc\include\qs.h) not referenced
"C:\qp_lab\qpc\include\qs.h" 93 1 Info 769: global enumeration constant 'QSpyRecords::QS_QF_EQUEUE_POST_LIFO' (line 93, file C:\qp_lab\qpc\include\qs.h) not referenced
"C:\qp_lab\qpc\include\qs.h" 94 1 Info 769: global enumeration constant 'QSpyRecords::QS_QF_EQUEUE_GET' (line 94, file C:\qp_lab\qpc\include\qs.h) not referenced
"C:\qp_lab\qpc\include\qs.h" 95 1 Info 769: global enumeration constant 'QSpyRecords::QS_QF_EQUEUE_GET_LAST' (line 95, file C:\qp_lab\qpc\include\qs.h) not referenced
"C:\qp_lab\qpc\include\qs.h" 97 1 Info 769: global enumeration constant 'QSpyRecords::QS_QF_RESERVED2' (line 97, file C:\qp_lab\qpc\include\qs.h) not referenced
"C:\qp_lab\qpc\include\qs.h" 100 1 Info 769: global enumeration constant 'QSpyRecords::QS_QF_MPOOL_GET' (line 100, file C:\qp_lab\qpc\include\qs.h) not referenced
"C:\qp_lab\qpc\include\qs.h" 101 1 Info 769: global enumeration constant 'QSpyRecords::QS_QF_MPOOL_PUT' (line 101, file C:\qp_lab\qpc\include\qs.h) not referenced
"C:\qp_lab\qpc\include\qs.h" 104 1 Info 769: global enumeration constant 'QSpyRecords::QS_QF_PUBLISH' (line 104, file C:\qp_lab\qpc\include\qs.h) not referenced
"C:\qp_lab\qpc\include\qs.h" 105 1 Info 769: global enumeration constant 'QSpyRecords::QS_QF_NEW_REF' (line 105, file C:\qp_lab\qpc\include\qs.h) not referenced
"C:\qp_lab\qpc\include\qs.h" 106 1 Info 769: global enumeration constant 'QSpyRecords::QS_QF_NEW' (line 106, file C:\qp_lab\qpc\include\qs.h) not referenced
"C:\qp_lab\qpc\include\qs.h" 107 1 Info 769: global enumeration constant 'QSpyRecords::QS_QF_GC_ATTEMPT' (line 107, file C:\qp_lab\qpc\include\qs.h) not referenced
"C:\qp_lab\qpc\include\qs.h" 108 1 Info 769: global enumeration constant 'QSpyRecords::QS_QF_GC' (line 108, file C:\qp_lab\qpc\include\qs.h) not referenced
"C:\qp_lab\qpc\include\qs.h" 109 1 Info 769: global enumeration constant 'QSpyRecords::QS_QF_TICK' (line 109, file C:\qp_lab\qpc\include\qs.h) not referenced
"C:\qp_lab\qpc\include\qs.h" 112 1 Info 769: global enumeration constant 'QSpyRecords::QS_QF_TIMEEVT_ARM' (line 112, file C:\qp_lab\qpc\include\qs.h) not referenced
"C:\qp_lab\qpc\include\qs.h" 113 1 Info 769: global enumeration constant 'QSpyRecords::QS_QF_TIMEEVT_AUTO_DISARM' (line 113, file C:\qp_lab\qpc\include\qs.h) not referenced
"C:\qp_lab\qpc\include\qs.h" 114 1 Info 769: global enumeration constant 'QSpyRecords::QS_QF_TIMEEVT_DISARM_ATTEMPT' (line 114, file C:\qp_lab\qpc\include\qs.h) not referenced
"C:\qp_lab\qpc\include\qs.h" 115 1 Info 769: global enumeration constant 'QSpyRecords::QS_QF_TIMEEVT_DISARM' (line 115, file C:\qp_lab\qpc\include\qs.h) not referenced
"C:\qp_lab\qpc\include\qs.h" 116 1 Info 769: global enumeration constant 'QSpyRecords::QS_QF_TIMEEVT_REARM' (line 116, file C:\qp_lab\qpc\include\qs.h) not referenced
"C:\qp_lab\qpc\include\qs.h" 117 1 Info 769: global enumeration constant 'QSpyRecords::QS_QF_TIMEEVT_POST' (line 117, file C:\qp_lab\qpc\include\qs.h) not referenced
"C:\qp_lab\qpc\include\qs.h" 120 1 Info 769: global enumeration constant 'QSpyRecords::QS_QF_DELETE_REF' (line 120, file C:\qp_lab\qpc\include\qs.h) not referenced
"C:\qp_lab\qpc\include\qs.h" 121 1 Info 769: global enumeration constant 'QSpyRecords::QS_QF_CRIT_ENTRY' (line 121, file C:\qp_lab\qpc\include\qs.h) not referenced
"C:\qp_lab\qpc\include\qs.h" 122 1 Info 769: global enumeration constant 'QSpyRecords::QS_QF_CRIT_EXIT' (line 122, file C:\qp_lab\qpc\include\qs.h) not referenced
"C:\qp_lab\qpc\include\qs.h" 123 1 Info 769: global enumeration constant 'QSpyRecords::QS_QF_ISR_ENTRY' (line 123, file C:\qp_lab\qpc\include\qs.h) not referenced
"C:\qp_lab\qpc\include\qs.h" 124 1 Info 769: global enumeration constant 'QSpyRecords::QS_QF_ISR_EXIT' (line 124, file C:\qp_lab\qpc\include\qs.h) not referenced
"C:\qp_lab\qpc\include\qs.h" 125 1 Info 769: global enumeration constant 'QSpyRecords::QS_QF_INT_DISABLE' (line 125, file C:\qp_lab\qpc\include\qs.h) not referenced
"C:\qp_lab\qpc\include\qs.h" 126 1 Info 769: global enumeration constant 'QSpyRecords::QS_QF_INT_ENABLE' (line 126, file C:\qp_lab\qpc\include\qs.h) not referenced
"C:\qp_lab\qpc\include\qs.h" 129 1 Info 769: global enumeration constant 'QSpyRecords::QS_QF_ACTIVE_POST_ATTEMPT' (line 129, file C:\qp_lab\qpc\include\qs.h) not referenced
"C:\qp_lab\qpc\include\qs.h" 132 1 Info 769: global enumeration constant 'QSpyRecords::QS_QF_EQUEUE_POST_ATTEMPT' (line 132, file C:\qp_lab\qpc\include\qs.h) not referenced
"C:\qp_lab\qpc\include\qs.h" 135 1 Info 769: global enumeration constant 'QSpyRecords::QS_QF_MPOOL_GET_ATTEMPT' (line 135, file C:\qp_lab\qpc\include\qs.h) not referenced
"C:\qp_lab\qpc\include\qs.h" 138 1 Info 769: global enumeration constant 'QSpyRecords::QS_MUTEX_LOCK' (line 138, file C:\qp_lab\qpc\include\qs.h) not referenced
"C:\qp_lab\qpc\include\qs.h" 139 1 Info 769: global enumeration constant 'QSpyRecords::QS_MUTEX_UNLOCK' (line 139, file C:\qp_lab\qpc\include\qs.h) not referenced
"C:\qp_lab\qpc\include\qs.h" 140 1 Info 769: global enumeration constant 'QSpyRecords::QS_SCHED_LOCK' (line 140, file C:\qp_lab\qpc\include\qs.h) not referenced
"C:\qp_lab\qpc\include\qs.h" 141 1 Info 769: global enumeration constant 'QSpyRecords::QS_SCHED_UNLOCK' (line 141, file C:\qp_lab\qpc\include\qs.h) not referenced
"C:\qp_lab\qpc\include\qs.h" 142 1 Info 769: global enumeration constant 'QSpyRecords::QS_SCHED_NEXT' (line 142, file C:\qp_lab\qpc\include\qs.h) not referenced
"C:\qp_lab\qpc\include\qs.h" 143 1 Info 769: global enumeration constant 'QSpyRecords::QS_SCHED_IDLE' (line 143, file C:\qp_lab\qpc\include\qs.h) not referenced
"C:\qp_lab\qpc\include\qs.h" 144 1 Info 769: global enumeration constant 'QSpyRecords::QS_SCHED_RESUME' (line 144, file C:\qp_lab\qpc\include\qs.h) not referenced
"C:\qp_lab\qpc\include\qs.h" 147 1 Info 769: global enumeration constant 'QSpyRecords::QS_QEP_TRAN_HIST' (line 147, file C:\qp_lab\qpc\include\qs.h) not referenced
"C:\qp_lab\qpc\include\qs.h" 148 1 Info 769: global enumeration constant 'QSpyRecords::QS_QEP_TRAN_EP' (line 148, file C:\qp_lab\qpc\include\qs.h) not referenced
"C:\qp_lab\qpc\include\qs.h" 149 1 Info 769: global enumeration constant 'QSpyRecords::QS_QEP_TRAN_XP' (line 149, file C:\qp_lab\qpc\include\qs.h) not referenced
"C:\qp_lab\qpc\include\qs.h" 152 1 Info 769: global enumeration constant 'QSpyRecords::QS_TEST_PAUSED' (line 152, file C:\qp_lab\qpc\include\qs.h) not referenced
"C:\qp_lab\qpc\include\qs.h" 153 1 Info 769: global enumeration constant 'QSpyRecords::QS_TEST_PROBE_GET' (line 153, file C:\qp_lab\qpc\include\qs.h) not referenced
"C:\qp_lab\qpc\include\qs.h" 161 1 Info 769: global enumeration constant 'QSpyRecords::QS_MSC_RESERVED1' (line 161, file C:\qp_lab\qpc\include\qs.h) not referenced
"C:\qp_lab\qpc\include\qs.h" 163 1 Info 769: global enumeration constant 'QSpyRecords::QS_ASSERT_FAIL' (line 163, file C:\qp_lab\qpc\include\qs.h) not referenced
"C:\qp_lab\qpc\include\qs.h" 192 1 Info 769: global enumeration constant 'QSpyUserRecords::QS_USER3' (line 192, file C:\qp_lab\qpc\include\qs.h) not referenced
"C:\qp_lab\qpc\include\qs.h" 796 1 Info 769: global enumeration constant 'QS_I8_T' (line 796, file C:\qp_lab\qpc\include\qs.h) not referenced
"C:\qp_lab\qpc\include\qs.h" 797 1 Info 769: global enumeration constant 'QS_U8_T' (line 797, file C:\qp_lab\qpc\include\qs.h) not referenced
"C:\qp_lab\qpc\include\qs.h" 798 1 Info 769: global enumeration constant 'QS_I16_T' (line 798, file C:\qp_lab\qpc\include\qs.h) not referenced
"C:\qp_lab\qpc\include\qs.h" 799 1 Info 769: global enumeration constant 'QS_U16_T' (line 799, file C:\qp_lab\qpc\include\qs.h) not referenced
"C:\qp_lab\qpc\include\qs.h" 800 1 Info 769: global enumeration constant 'QS_I32_T' (line 800, file C:\qp_lab\qpc\include\qs.h) not referenced
"C:\qp_lab\qpc\include\qs.h" 801 1 Info 769: global enumeration constant 'QS_U32_T' (line 801, file C:\qp_lab\qpc\include\qs.h) not referenced
"C:\qp_lab\qpc\include\qs.h" 802 1 Info 769: global enumeration constant 'QS_F32_T' (line 802, file C:\qp_lab\qpc\include\qs.h) not referenced
"C:\qp_lab\qpc\include\qs.h" 803 1 Info 769: global enumeration constant 'QS_F64_T' (line 803, file C:\qp_lab\qpc\include\qs.h) not referenced
"C:\qp_lab\qpc\include\qs.h" 806 1 Info 769: global enumeration constant 'QS_SIG_T' (line 806, file C:\qp_lab\qpc\include\qs.h) not referenced
"C:\qp_lab\qpc\include\qs.h" 807 1 Info 769: global enumeration constant 'QS_OBJ_T' (line 807, file C:\qp_lab\qpc\include\qs.h) not referenced
"C:\qp_lab\qpc\include\qs.h" 808 1 Info 769: global enumeration constant 'QS_FUN_T' (line 808, file C:\qp_lab\qpc\include\qs.h) not referenced
"C:\qp_lab\qpc\include\qs.h" 809 1 Info 769: global enumeration constant 'QS_I64_T' (line 809, file C:\qp_lab\qpc\include\qs.h) not referenced
"C:\qp_lab\qpc\include\qs.h" 810 1 Info 769: global enumeration constant 'QS_U64_T' (line 810, file C:\qp_lab\qpc\include\qs.h) not referenced
"C:\qp_lab\qpc\include\qs.h" 811 1 Info 769: global enumeration constant 'QS_U32_HEX_T' (line 811, file C:\qp_lab\qpc\include\qs.h) not referenced
"C:\qp_lab\qpc\include\qs.h" 1125 1 Info 769: global enumeration constant 'QSpyRxRecords::QS_RX_TEST_SETUP' (line 1125, file C:\qp_lab\qpc\include\qs.h) not referenced
"C:\qp_lab\qpc\include\qs.h" 1126 1 Info 769: global enumeration constant 'QSpyRxRecords::QS_RX_TEST_TEARDOWN' (line 1126, file C:\qp_lab\qpc\include\qs.h) not referenced
"C:\qp_lab\qpc\include\qs.h" 1127 1 Info 769: global enumeration constant 'QSpyRxRecords::QS_RX_TEST_PROBE' (line 1127, file C:\qp_lab\qpc\include\qs.h) not referenced
"C:\qp_lab\qpc\include\qs.h" 1132 1 Info 769: global enumeration constant 'QSpyRxRecords::QS_RX_TEST_CONTINUE' (line 1132, file C:\qp_lab\qpc\include\qs.h) not referenced
"C:\qp_lab\qpc\include\qs.h" 1133 1 Info 769: global enumeration constant 'QSpyRxRecords::QS_RX_RESERVED1' (line 1133, file C:\qp_lab\qpc\include\qs.h) not referenced
 Note 900: Successful completion, 568 messages produced

Count   Type    Number  Text

15      Warning 526     Symbol '___' (___) not defined
1       Info    708     union initialization
19      Info    714     Symbol '___' (___) not referenced
6       Info    749     local enumeration constant '___' (___) not referenced
4       Info    754     local ___ member '___' (___) not referenced
131     Info    755     global macro '___' (___) not referenced
11      Info    756     global typedef '___' (___) not referenced
61      Info    757     global declarator '___' (___) not referenced
3       Info    758     global ___ '___' (___) not referenced
21      Info    759     header declaration for symbol '___' defined at (___) could be moved from header to module
21      Info    765     external '___' (___) could be made static
41      Info    768     global struct member '___' (___) not referenced
98      Info    769     global enumeration constant '___' (___) not referenced
30      Info    826     Suspicious pointer-to-pointer conversion (area too small)
1       Note    900     Successful completion, ___ messages produced
6       Note    923     cast from ___ to ___
6       Note    927     cast from ___ to ___
1       Note    928     cast from ___ to ___
2       Note    929     cast from ___ to ___
91      Note    960     Violates MISRA 2004 Required Rule ___, ___
