
--- Module:   C:\qp_lab\qpc\src\qk\qk.c (C)

/// Start of Pass 2 ///

--- Module:   C:\qp_lab\qpc\src\qk\qk.c (C)

--- Global Wrap-up

"C:\qp_lab\qpc\include\qf.h" 61 1 Info 756: global typedef 'QEvtSize' (line 61, file C:\qp_lab\qpc\include\qf.h) not referenced
"C:\qp_lab\qpc\include\qs.h" 289 1 Info 757: global declarator 'QS_mem(const uint8_t *, uint8_t)' (line 289, file C:\qp_lab\qpc\include\qs.h) not referenced
 Note 960: Violates MISRA 2004 Required Rule 8.9, undefined symbol: 'QS_mem' 
"C:\qp_lab\qpc\ports\lint\qk\qf_port.h" 212 1 Warning 526: Symbol 'intEnable(void)' (line 212, file C:\qp_lab\qpc\ports\lint\qk\qf_port.h) not defined
 Note 960: Violates MISRA 2004 Required Rule 8.9, undefined symbol: 'intEnable' 
"C:\qp_lab\qpc\ports\lint\stdint.h" 31 1 Info 756: global typedef 'uint64_t' (line 31, file C:\qp_lab\qpc\ports\lint\stdint.h) not referenced
"C:\qp_lab\qpc\ports\lint\stdint.h" 26 1 Info 756: global typedef 'int64_t' (line 26, file C:\qp_lab\qpc\ports\lint\stdint.h) not referenced
"C:\qp_lab\qpc\include\qf.h" 837 1 Info 757: global declarator 'QTicker_ctor(QTicker *, uint8_t)' (line 837, file C:\qp_lab\qpc\include\qf.h) not referenced
 Note 960: Violates MISRA 2004 Required Rule 8.9, undefined symbol: 'QTicker_ctor' 
"C:\qp_lab\qpc\include\qpset.h" 205 1 Warning 526: Symbol 'QF_LOG2(uint32_t)' (line 205, file C:\qp_lab\qpc\include\qpset.h) not defined
 Note 960: Violates MISRA 2004 Required Rule 8.9, undefined symbol: 'QF_LOG2' 
"C:\qp_lab\qpc\include\qf.h" 391 1 Info 756: global typedef 'QMActiveVtbl' (line 391, file C:\qp_lab\qpc\include\qf.h) not referenced
"C:\qp_lab\qpc\include\qf.h" 394 1 Info 757: global declarator 'QMActive_ctor(QMActive *, QStateHandler)' (line 394, file C:\qp_lab\qpc\include\qf.h) not referenced
 Note 960: Violates MISRA 2004 Required Rule 8.9, undefined symbol: 'QMActive_ctor' 
"C:\qp_lab\qpc\include\qs.h" 304 1 Info 757: global declarator 'QS_obj_dict(const void *, const char_t *)' (line 304, file C:\qp_lab\qpc\include\qs.h) not referenced
 Note 960: Violates MISRA 2004 Required Rule 8.9, undefined symbol: 'QS_obj_dict' 
"C:\qp_lab\qpc\include\qs.h" 345 1 Info 757: global declarator 'QS_onStartup(const void *)' (line 345, file C:\qp_lab\qpc\include\qs.h) not referenced
 Note 960: Violates MISRA 2004 Required Rule 8.9, undefined symbol: 'QS_onStartup' 
"C:\qp_lab\qpc\include\qs.h" 355 1 Info 757: global declarator 'QS_onCleanup(void)' (line 355, file C:\qp_lab\qpc\include\qs.h) not referenced
 Note 960: Violates MISRA 2004 Required Rule 8.9, undefined symbol: 'QS_onCleanup' 
"C:\qp_lab\qpc\include\qs.h" 1181 1 Info 757: global declarator 'QS_onCommand(uint8_t, uint32_t, uint32_t, uint32_t)' (line 1181, file C:\qp_lab\qpc\include\qs.h) not referenced
 Note 960: Violates MISRA 2004 Required Rule 8.9, undefined symbol: 'QS_onCommand' 
"C:\qp_lab\qpc\include\qs.h" 365 1 Warning 526: Symbol 'QS_onFlush(void)' (line 365, file C:\qp_lab\qpc\include\qs.h) not defined
 Note 960: Violates MISRA 2004 Required Rule 8.9, undefined symbol: 'QS_onFlush' 
"C:\qp_lab\qpc\include\qs.h" 385 1 Warning 526: Symbol 'QS_onGetTime(void)' (line 385, file C:\qp_lab\qpc\include\qs.h) not defined
 Note 960: Violates MISRA 2004 Required Rule 8.9, undefined symbol: 'QS_onGetTime' 
"C:\qp_lab\qpc\include\qs.h" 1178 1 Info 757: global declarator 'QS_onReset(void)' (line 1178, file C:\qp_lab\qpc\include\qs.h) not referenced
 Note 960: Violates MISRA 2004 Required Rule 8.9, undefined symbol: 'QS_onReset' 
"C:\qp_lab\qpc\ports\lint\qk\qf_port.h" 255 1 Warning 526: Symbol 'critEntry(void)' (line 255, file C:\qp_lab\qpc\ports\lint\qk\qf_port.h) not defined
 Note 960: Violates MISRA 2004 Required Rule 8.9, undefined symbol: 'critEntry' 
"C:\qp_lab\qpc\ports\lint\qk\qf_port.h" 256 1 Warning 526: Symbol 'critExit(crit_stat_t)' (line 256, file C:\qp_lab\qpc\ports\lint\qk\qf_port.h) not defined
 Note 960: Violates MISRA 2004 Required Rule 8.9, undefined symbol: 'critExit' 
"C:\qp_lab\qpc\ports\lint\stdint.h" 23 1 Info 756: global typedef 'int8_t' (line 23, file C:\qp_lab\qpc\ports\lint\stdint.h) not referenced
"C:\qp_lab\qpc\src\qf_pkg.h" 121 1 Warning 526: Symbol 'QF_maxPool_' (line 121, file C:\qp_lab\qpc\src\qf_pkg.h) not defined
"C:\qp_lab\qpc\src\qf_pkg.h" 123 1 Warning 526: Symbol 'QF_maxPubSignal_' (line 123, file C:\qp_lab\qpc\src\qf_pkg.h) not defined
"C:\qp_lab\qpc\include\qs.h" 1106 1 Warning 526: Symbol 'QS_priv_' (line 1106, file C:\qp_lab\qpc\include\qs.h) not defined
"C:\qp_lab\qpc\include\qf.h" 654 1 Info 757: global declarator 'QF_noTimeEvtsActiveX(uint_fast8_t)' (line 654, file C:\qp_lab\qpc\include\qf.h) not referenced
 Note 960: Violates MISRA 2004 Required Rule 8.9, undefined symbol: 'QF_noTimeEvtsActiveX' 
"C:\qp_lab\qpc\include\qf.h" 670 1 Info 757: global declarator 'QF_newX_(uint_fast16_t, uint_fast16_t, enum_t)' (line 670, file C:\qp_lab\qpc\include\qf.h) not referenced
 Note 960: Violates MISRA 2004 Required Rule 8.9, undefined symbol: 'QF_newX_' 
"C:\qp_lab\qpc\include\qf.h" 674 1 Info 757: global declarator 'QF_newRef_(const QEvt *, const void *)' (line 674, file C:\qp_lab\qpc\include\qf.h) not referenced
 Note 960: Violates MISRA 2004 Required Rule 8.9, undefined symbol: 'QF_newRef_' 
"C:\qp_lab\qpc\include\qep.h" 411 1 Info 756: global typedef 'QMTranActTable' (line 411, file C:\qp_lab\qpc\include\qep.h) not referenced
"C:\qp_lab\qpc\include\qf.h" 547 1 Warning 526: Symbol 'QF_onStartup(void)' (line 547, file C:\qp_lab\qpc\include\qf.h) not defined
 Note 960: Violates MISRA 2004 Required Rule 8.9, undefined symbol: 'QF_onStartup' 
"C:\qp_lab\qpc\include\qf.h" 563 1 Warning 526: Symbol 'QF_onCleanup(void)' (line 563, file C:\qp_lab\qpc\include\qf.h) not defined
 Note 960: Violates MISRA 2004 Required Rule 8.9, undefined symbol: 'QF_onCleanup' 
"C:\qp_lab\qpc\include\qs.h" 249 1 Warning 526: Symbol 'QS_beginRec(uint_fast8_t)' (line 249, file C:\qp_lab\qpc\include\qs.h) not defined
 Note 960: Violates MISRA 2004 Required Rule 8.9, undefined symbol: 'QS_beginRec' 
"C:\qp_lab\qpc\include\qs.h" 1175 1 Info 757: global declarator 'QS_rxGetNfree(void)' (line 1175, file C:\qp_lab\qpc\include\qs.h) not referenced
 Note 960: Violates MISRA 2004 Required Rule 8.9, undefined symbol: 'QS_rxGetNfree' 
"C:\qp_lab\qpc\include\qs.h" 1138 1 Info 757: global declarator 'QS_rxInitBuf(uint8_t *, uint16_t)' (line 1138, file C:\qp_lab\qpc\include\qs.h) not referenced
 Note 960: Violates MISRA 2004 Required Rule 8.9, undefined symbol: 'QS_rxInitBuf' 
"C:\qp_lab\qpc\include\qs.h" 1141 1 Info 757: global declarator 'QS_rxParse(void)' (line 1141, file C:\qp_lab\qpc\include\qs.h) not referenced
 Note 960: Violates MISRA 2004 Required Rule 8.9, undefined symbol: 'QS_rxParse' 
"C:\qp_lab\qpc\include\qs.h" 1156 1 Info 757: global declarator 'QS_rxPriv_' (line 1156, file C:\qp_lab\qpc\include\qs.h) not referenced
 Note 960: Violates MISRA 2004 Required Rule 8.9, undefined symbol: 'QS_rxPriv_' 
"C:\qp_lab\qpc\include\qf.h" 531 1 Info 757: global declarator 'QF_poolGetMaxBlockSize(void)' (line 531, file C:\qp_lab\qpc\include\qf.h) not referenced
 Note 960: Violates MISRA 2004 Required Rule 8.9, undefined symbol: 'QF_poolGetMaxBlockSize' 
"C:\qp_lab\qpc\include\qf.h" 527 1 Info 757: global declarator 'QF_poolInit(void *, uint_fast32_t, uint_fast16_t)' (line 527, file C:\qp_lab\qpc\include\qf.h) not referenced
 Note 960: Violates MISRA 2004 Required Rule 8.9, undefined symbol: 'QF_poolInit' 
"C:\qp_lab\qpc\src\qf_pkg.h" 120 1 Info 757: global declarator 'QF_pool_' (line 120, file C:\qp_lab\qpc\src\qf_pkg.h) not referenced
 Note 960: Violates MISRA 2004 Required Rule 8.9, undefined symbol: 'QF_pool_' 
"C:\qp_lab\qpc\include\qf.h" 524 1 Info 757: global declarator 'QF_psInit(QSubscrList *, enum_t)' (line 524, file C:\qp_lab\qpc\include\qf.h) not referenced
 Note 960: Violates MISRA 2004 Required Rule 8.9, undefined symbol: 'QF_psInit' 
"C:\qp_lab\qpc\include\qf.h" 568 1 Info 757: global declarator 'QF_publish_(const QEvt *, const void *)' (line 568, file C:\qp_lab\qpc\include\qf.h) not referenced
 Note 960: Violates MISRA 2004 Required Rule 8.9, undefined symbol: 'QF_publish_' 
"C:\qp_lab\qpc\include\qep.h" 98 1 Info 757: global declarator 'QP_versionStr' (line 98, file C:\qp_lab\qpc\include\qep.h) not referenced
 Note 960: Violates MISRA 2004 Required Rule 8.9, undefined symbol: 'QP_versionStr' 
"C:\qp_lab\qpc\include\qs.h" 267 1 Info 757: global declarator 'QS_str_(const char_t *)' (line 267, file C:\qp_lab\qpc\include\qs.h) not referenced
 Note 960: Violates MISRA 2004 Required Rule 8.9, undefined symbol: 'QS_str_' 
"C:\qp_lab\qpc\include\qs.h" 286 1 Info 757: global declarator 'QS_str(const char_t *)' (line 286, file C:\qp_lab\qpc\include\qs.h) not referenced
 Note 960: Violates MISRA 2004 Required Rule 8.9, undefined symbol: 'QS_str' 
"C:\qp_lab\qpc\include\qs.h" 300 1 Info 757: global declarator 'QS_sig_dict(enum_t, const void *, const char_t *)' (line 300, file C:\qp_lab\qpc\include\qs.h) not referenced
 Note 960: Violates MISRA 2004 Required Rule 8.9, undefined symbol: 'QS_sig_dict' 
"C:\qp_lab\qpc\include\qf.h" 820 1 Warning 526: Symbol 'QF_active_' (line 820, file C:\qp_lab\qpc\include\qf.h) not defined
 Note 960: Violates MISRA 2004 Required Rule 8.9, undefined symbol: 'QF_active_' 
"C:\qp_lab\qpc\include\qf.h" 657 1 Warning 526: Symbol 'QF_add_(struct QActive *)' (line 657, file C:\qp_lab\qpc\include\qf.h) not defined
 Note 960: Violates MISRA 2004 Required Rule 8.9, undefined symbol: 'QF_add_' 
"C:\qp_lab\qpc\include\qf.h" 660 1 Warning 526: Symbol 'QF_remove_(struct QActive *)' (line 660, file C:\qp_lab\qpc\include\qf.h) not defined
 Note 960: Violates MISRA 2004 Required Rule 8.9, undefined symbol: 'QF_remove_' 
"C:\qp_lab\qpc\include\qf.h" 799 1 Warning 526: Symbol 'QF_bzero(void *, uint_fast16_t)' (line 799, file C:\qp_lab\qpc\include\qf.h) not defined
 Note 960: Violates MISRA 2004 Required Rule 8.9, undefined symbol: 'QF_bzero' 
"C:\qp_lab\qpc\src\qk\qk.c" 126 1 Info 714: Symbol 'QF_run(void)' (line 126, file C:\qp_lab\qpc\src\qk\qk.c) not referenced
"C:\qp_lab\qpc\include\qs.h" 252 1 Warning 526: Symbol 'QS_endRec(void)' (line 252, file C:\qp_lab\qpc\include\qs.h) not defined
 Note 960: Violates MISRA 2004 Required Rule 8.9, undefined symbol: 'QS_endRec' 
"C:\qp_lab\qpc\include\qs.h" 274 1 Info 757: global declarator 'QS_u16(uint8_t, uint16_t)' (line 274, file C:\qp_lab\qpc\include\qs.h) not referenced
 Note 960: Violates MISRA 2004 Required Rule 8.9, undefined symbol: 'QS_u16' 
"C:\qp_lab\qpc\include\qs.h" 261 1 Info 757: global declarator 'QS_u16_(uint16_t)' (line 261, file C:\qp_lab\qpc\include\qs.h) not referenced
 Note 960: Violates MISRA 2004 Required Rule 8.9, undefined symbol: 'QS_u16_' 
"C:\qp_lab\qpc\include\qs.h" 277 1 Info 757: global declarator 'QS_u32(uint8_t, uint32_t)' (line 277, file C:\qp_lab\qpc\include\qs.h) not referenced
 Note 960: Violates MISRA 2004 Required Rule 8.9, undefined symbol: 'QS_u32' 
"C:\qp_lab\qpc\include\qs.h" 264 1 Warning 526: Symbol 'QS_u32_(uint32_t)' (line 264, file C:\qp_lab\qpc\include\qs.h) not defined
 Note 960: Violates MISRA 2004 Required Rule 8.9, undefined symbol: 'QS_u32_' 
"C:\qp_lab\qpc\include\qs.h" 271 1 Info 757: global declarator 'QS_u8(uint8_t, uint8_t)' (line 271, file C:\qp_lab\qpc\include\qs.h) not referenced
 Note 960: Violates MISRA 2004 Required Rule 8.9, undefined symbol: 'QS_u8' 
"C:\qp_lab\qpc\include\qs.h" 255 1 Warning 526: Symbol 'QS_u8_(uint8_t)' (line 255, file C:\qp_lab\qpc\include\qs.h) not defined
 Note 960: Violates MISRA 2004 Required Rule 8.9, undefined symbol: 'QS_u8_' 
"C:\qp_lab\qpc\include\qs.h" 258 1 Warning 526: Symbol 'QS_u8u8_(uint8_t, uint8_t)' (line 258, file C:\qp_lab\qpc\include\qs.h) not defined
 Note 960: Violates MISRA 2004 Required Rule 8.9, undefined symbol: 'QS_u8u8_' 
"C:\qp_lab\qpc\include\qs.h" 312 1 Info 757: global declarator 'QS_usr_dict(enum_t, const char_t *)' (line 312, file C:\qp_lab\qpc\include\qs.h) not referenced
 Note 960: Violates MISRA 2004 Required Rule 8.9, undefined symbol: 'QS_usr_dict' 
"C:\qp_lab\qpc\include\qf.h" 163 1 Info 757: global declarator 'QActive_ctor(struct QActive *, QStateHandler)' (line 163, file C:\qp_lab\qpc\include\qf.h) not referenced
 Note 960: Violates MISRA 2004 Required Rule 8.9, undefined symbol: 'QActive_ctor' 
"C:\qp_lab\qpc\include\qf.h" 309 1 Info 757: global declarator 'QActive_postLIFO_(struct QActive *, const QEvt *)' (line 309, file C:\qp_lab\qpc\include\qf.h) not referenced
 Note 960: Violates MISRA 2004 Required Rule 8.9, undefined symbol: 'QActive_postLIFO_' 
"C:\qp_lab\qpc\include\qf.h" 338 1 Info 757: global declarator 'QActive_defer(const struct QActive *, struct QEQueue *, const QEvt *)' (line 338, file C:\qp_lab\qpc\include\qf.h) not referenced
 Note 960: Violates MISRA 2004 Required Rule 8.9, undefined symbol: 'QActive_defer' 
"C:\qp_lab\qpc\include\qf.h" 345 1 Info 757: global declarator 'QActive_flushDeferred(const struct QActive *, struct QEQueue *)' (line 345, file C:\qp_lab\qpc\include\qf.h) not referenced
 Note 960: Violates MISRA 2004 Required Rule 8.9, undefined symbol: 'QActive_flushDeferred' 
"C:\qp_lab\qpc\include\qf.h" 349 1 Warning 526: Symbol 'QActive_get_(struct QActive *)' (line 349, file C:\qp_lab\qpc\include\qf.h) not defined
 Note 960: Violates MISRA 2004 Required Rule 8.9, undefined symbol: 'QActive_get_' 
"C:\qp_lab\qpc\include\qf.h" 223 1 Info 757: global declarator 'QActive_post_(struct QActive *, const QEvt *, uint_fast16_t, const void *)' (line 223, file C:\qp_lab\qpc\include\qf.h) not referenced
 Note 960: Violates MISRA 2004 Required Rule 8.9, undefined symbol: 'QActive_post_' 
"C:\qp_lab\qpc\include\qf.h" 342 1 Info 757: global declarator 'QActive_recall(struct QActive *, struct QEQueue *)' (line 342, file C:\qp_lab\qpc\include\qf.h) not referenced
 Note 960: Violates MISRA 2004 Required Rule 8.9, undefined symbol: 'QActive_recall' 
"C:\qp_lab\qpc\include\qf.h" 352 1 Info 757: global declarator 'QActive_setAttr(struct QActive *, uint32_t, const void *)' (line 352, file C:\qp_lab\qpc\include\qf.h) not referenced
 Note 960: Violates MISRA 2004 Required Rule 8.9, undefined symbol: 'QActive_setAttr' 
"C:\qp_lab\qpc\src\qk\qk.c" 163 1 Info 714: Symbol 'QActive_start_(struct QActive *, uint_fast8_t, const QEvt **, uint_fast16_t, void *, uint_fast16_t, const QEvt *)' (line 163, file C:\qp_lab\qpc\src\qk\qk.c) not referenced
"C:\qp_lab\qpc\src\qk\qk.c" 208 1 Info 714: Symbol 'QActive_stop(struct QActive *)' (line 208, file C:\qp_lab\qpc\src\qk\qk.c) not referenced
"C:\qp_lab\qpc\include\qf.h" 328 1 Info 757: global declarator 'QActive_subscribe(const struct QActive *, enum_t)' (line 328, file C:\qp_lab\qpc\include\qf.h) not referenced
 Note 960: Violates MISRA 2004 Required Rule 8.9, undefined symbol: 'QActive_subscribe' 
"C:\qp_lab\qpc\include\qf.h" 331 1 Info 757: global declarator 'QActive_unsubscribe(const struct QActive *, enum_t)' (line 331, file C:\qp_lab\qpc\include\qf.h) not referenced
 Note 960: Violates MISRA 2004 Required Rule 8.9, undefined symbol: 'QActive_unsubscribe' 
"C:\qp_lab\qpc\include\qf.h" 334 1 Info 757: global declarator 'QActive_unsubscribeAll(const struct QActive *)' (line 334, file C:\qp_lab\qpc\include\qf.h) not referenced
 Note 960: Violates MISRA 2004 Required Rule 8.9, undefined symbol: 'QActive_unsubscribeAll' 
"C:\qp_lab\qpc\src\qk\qk.c" 100 1 Info 714: Symbol 'QF_stop(void)' (line 100, file C:\qp_lab\qpc\src\qk\qk.c) not referenced
"C:\qp_lab\qpc\src\qf_pkg.h" 122 1 Warning 526: Symbol 'QF_subscrList_' (line 122, file C:\qp_lab\qpc\src\qf_pkg.h) not defined
"C:\qp_lab\qpc\include\qep.h" 347 1 Info 757: global declarator 'QHsm_childState_(QHsm *, QStateHandler)' (line 347, file C:\qp_lab\qpc\include\qep.h) not referenced
 Note 960: Violates MISRA 2004 Required Rule 8.9, undefined symbol: 'QHsm_childState_' 
"C:\qp_lab\qpc\include\qep.h" 294 1 Info 757: global declarator 'QHsm_ctor(QHsm *, QStateHandler)' (line 294, file C:\qp_lab\qpc\include\qep.h) not referenced
 Note 960: Violates MISRA 2004 Required Rule 8.9, undefined symbol: 'QHsm_ctor' 
"C:\qp_lab\qpc\include\qep.h" 326 1 Info 757: global declarator 'QHsm_dispatch_(QHsm *, const QEvt *)' (line 326, file C:\qp_lab\qpc\include\qep.h) not referenced
 Note 960: Violates MISRA 2004 Required Rule 8.9, undefined symbol: 'QHsm_dispatch_' 
"C:\qp_lab\qpc\include\qep.h" 311 1 Info 757: global declarator 'QHsm_init_(QHsm *, const QEvt *)' (line 311, file C:\qp_lab\qpc\include\qep.h) not referenced
 Note 960: Violates MISRA 2004 Required Rule 8.9, undefined symbol: 'QHsm_init_' 
"C:\qp_lab\qpc\include\qep.h" 353 1 Info 757: global declarator 'QHsm_isIn(QHsm *, QStateHandler)' (line 353, file C:\qp_lab\qpc\include\qep.h) not referenced
 Note 960: Violates MISRA 2004 Required Rule 8.9, undefined symbol: 'QHsm_isIn' 
"C:\qp_lab\qpc\include\qep.h" 358 1 Info 757: global declarator 'QHsm_top(const void *, const QEvt *)' (line 358, file C:\qp_lab\qpc\include\qep.h) not referenced
 Note 960: Violates MISRA 2004 Required Rule 8.9, undefined symbol: 'QHsm_top' 
"C:\qp_lab\qpc\include\qs.h" 246 1 Info 757: global declarator 'QS_filterOff(uint_fast8_t)' (line 246, file C:\qp_lab\qpc\include\qs.h) not referenced
 Note 960: Violates MISRA 2004 Required Rule 8.9, undefined symbol: 'QS_filterOff' 
"C:\qp_lab\qpc\include\qs.h" 280 1 Info 757: global declarator 'QS_f32(uint8_t, float32_t)' (line 280, file C:\qp_lab\qpc\include\qs.h) not referenced
 Note 960: Violates MISRA 2004 Required Rule 8.9, undefined symbol: 'QS_f32' 
"C:\qp_lab\qpc\include\qs.h" 283 1 Info 757: global declarator 'QS_f64(uint8_t, float64_t)' (line 283, file C:\qp_lab\qpc\include\qs.h) not referenced
 Note 960: Violates MISRA 2004 Required Rule 8.9, undefined symbol: 'QS_f64' 
"C:\qp_lab\qpc\include\qs.h" 243 1 Info 757: global declarator 'QS_filterOn(uint_fast8_t)' (line 243, file C:\qp_lab\qpc\include\qs.h) not referenced
 Note 960: Violates MISRA 2004 Required Rule 8.9, undefined symbol: 'QS_filterOn' 
"C:\qp_lab\qpc\include\qs.h" 308 1 Info 757: global declarator 'QS_fun_dict(void (*)(void), const char_t *)' (line 308, file C:\qp_lab\qpc\include\qs.h) not referenced
 Note 960: Violates MISRA 2004 Required Rule 8.9, undefined symbol: 'QS_fun_dict' 
"C:\qp_lab\qpc\include\qf.h" 677 1 Info 757: global declarator 'QF_deleteRef_(const void *)' (line 677, file C:\qp_lab\qpc\include\qf.h) not referenced
 Note 960: Violates MISRA 2004 Required Rule 8.9, undefined symbol: 'QF_deleteRef_' 
"C:\qp_lab\qpc\include\qf.h" 605 1 Info 757: global declarator 'QF_tickX_(uint_fast8_t, const void *)' (line 605, file C:\qp_lab\qpc\include\qf.h) not referenced
 Note 960: Violates MISRA 2004 Required Rule 8.9, undefined symbol: 'QF_tickX_' 
"C:\qp_lab\qpc\src\qf_pkg.h" 118 1 Warning 526: Symbol 'QF_timeEvtHead_' (line 118, file C:\qp_lab\qpc\src\qf_pkg.h) not defined
"C:\qp_lab\qpc\include\qk.h" 105 1 Warning 526: Symbol 'QK_onContextSw(struct QActive *, struct QActive *)' (line 105, file C:\qp_lab\qpc\include\qk.h) not defined
 Note 960: Violates MISRA 2004 Required Rule 8.9, undefined symbol: 'QK_onContextSw' 
"C:\qp_lab\qpc\include\qk.h" 122 1 Warning 526: Symbol 'QK_onIdle(void)' (line 122, file C:\qp_lab\qpc\include\qk.h) not defined
 Note 960: Violates MISRA 2004 Required Rule 8.9, undefined symbol: 'QK_onIdle' 
"C:\qp_lab\qpc\include\qs.h" 317 1 Info 757: global declarator 'QS_getByte(void)' (line 317, file C:\qp_lab\qpc\include\qs.h) not referenced
 Note 960: Violates MISRA 2004 Required Rule 8.9, undefined symbol: 'QS_getByte' 
"C:\qp_lab\qpc\include\qs.h" 323 1 Info 757: global declarator 'QS_getBlock(uint16_t *)' (line 323, file C:\qp_lab\qpc\include\qs.h) not referenced
 Note 960: Violates MISRA 2004 Required Rule 8.9, undefined symbol: 'QS_getBlock' 
"C:\qp_lab\qpc\ports\lint\stdint.h" 36 1 Info 756: global typedef 'int_fast16_t' (line 36, file C:\qp_lab\qpc\ports\lint\stdint.h) not referenced
"C:\qp_lab\qpc\ports\lint\stdint.h" 38 1 Info 756: global typedef 'int_fast32_t' (line 38, file C:\qp_lab\qpc\ports\lint\stdint.h) not referenced
"C:\qp_lab\qpc\ports\lint\stdint.h" 34 1 Info 756: global typedef 'int_fast8_t' (line 34, file C:\qp_lab\qpc\ports\lint\stdint.h) not referenced
"C:\qp_lab\qpc\include\qf.h" 491 1 Info 757: global declarator 'QTimeEvt_armX(struct QTimeEvt *, QTimeEvtCtr, QTimeEvtCtr)' (line 491, file C:\qp_lab\qpc\include\qf.h) not referenced
 Note 960: Violates MISRA 2004 Required Rule 8.9, undefined symbol: 'QTimeEvt_armX' 
"C:\qp_lab\qpc\include\qf.h" 487 1 Info 757: global declarator 'QTimeEvt_ctorX(struct QTimeEvt *, struct QActive *, enum_t, uint_fast8_t)' (line 487, file C:\qp_lab\qpc\include\qf.h) not referenced
 Note 960: Violates MISRA 2004 Required Rule 8.9, undefined symbol: 'QTimeEvt_ctorX' 
"C:\qp_lab\qpc\include\qf.h" 495 1 Info 757: global declarator 'QTimeEvt_rearm(struct QTimeEvt *, QTimeEvtCtr)' (line 495, file C:\qp_lab\qpc\include\qf.h) not referenced
 Note 960: Violates MISRA 2004 Required Rule 8.9, undefined symbol: 'QTimeEvt_rearm' 
"C:\qp_lab\qpc\include\qf.h" 498 1 Info 757: global declarator 'QTimeEvt_disarm(struct QTimeEvt *)' (line 498, file C:\qp_lab\qpc\include\qf.h) not referenced
 Note 960: Violates MISRA 2004 Required Rule 8.9, undefined symbol: 'QTimeEvt_disarm' 
"C:\qp_lab\qpc\include\qf.h" 501 1 Info 757: global declarator 'QTimeEvt_ctr(const struct QTimeEvt *)' (line 501, file C:\qp_lab\qpc\include\qf.h) not referenced
 Note 960: Violates MISRA 2004 Required Rule 8.9, undefined symbol: 'QTimeEvt_ctr' 
"C:\qp_lab\qpc\ports\lint\stdint.h" 24 1 Info 756: global typedef 'int16_t' (line 24, file C:\qp_lab\qpc\ports\lint\stdint.h) not referenced
"C:\qp_lab\qpc\include\qequeue.h" 184 1 Info 757: global declarator 'QEQueue_get(struct QEQueue *)' (line 184, file C:\qp_lab\qpc\include\qequeue.h) not referenced
 Note 960: Violates MISRA 2004 Required Rule 8.9, undefined symbol: 'QEQueue_get' 
"C:\qp_lab\qpc\include\qequeue.h" 173 1 Warning 526: Symbol 'QEQueue_init(struct QEQueue *, const QEvt **, uint_fast16_t)' (line 173, file C:\qp_lab\qpc\include\qequeue.h) not defined
 Note 960: Violates MISRA 2004 Required Rule 8.9, undefined symbol: 'QEQueue_init' 
"C:\qp_lab\qpc\include\qequeue.h" 177 1 Info 757: global declarator 'QEQueue_post(struct QEQueue *, const QEvt *, uint_fast16_t)' (line 177, file C:\qp_lab\qpc\include\qequeue.h) not referenced
 Note 960: Violates MISRA 2004 Required Rule 8.9, undefined symbol: 'QEQueue_post' 
"C:\qp_lab\qpc\include\qequeue.h" 181 1 Info 757: global declarator 'QEQueue_postLIFO(struct QEQueue *, const QEvt *)' (line 181, file C:\qp_lab\qpc\include\qequeue.h) not referenced
 Note 960: Violates MISRA 2004 Required Rule 8.9, undefined symbol: 'QEQueue_postLIFO' 
"C:\qp_lab\qpc\include\qs.h" 240 1 Info 757: global declarator 'QS_initBuf(uint8_t *, uint_fast16_t)' (line 240, file C:\qp_lab\qpc\include\qs.h) not referenced
 Note 960: Violates MISRA 2004 Required Rule 8.9, undefined symbol: 'QS_initBuf' 
"C:\qp_lab\qpc\include\qf.h" 796 1 Warning 526: Symbol 'QF_gc(const QEvt *)' (line 796, file C:\qp_lab\qpc\include\qf.h) not defined
 Note 960: Violates MISRA 2004 Required Rule 8.9, undefined symbol: 'QF_gc' 
"C:\qp_lab\qpc\include\qf.h" 663 1 Info 757: global declarator 'QF_getPoolMin(uint_fast8_t)' (line 663, file C:\qp_lab\qpc\include\qf.h) not referenced
 Note 960: Violates MISRA 2004 Required Rule 8.9, undefined symbol: 'QF_getPoolMin' 
"C:\qp_lab\qpc\include\qf.h" 667 1 Info 757: global declarator 'QF_getQueueMin(uint_fast8_t)' (line 667, file C:\qp_lab\qpc\include\qf.h) not referenced
 Note 960: Violates MISRA 2004 Required Rule 8.9, undefined symbol: 'QF_getQueueMin' 
"C:\qp_lab\qpc\include\qmpool.h" 154 1 Info 757: global declarator 'QMPool_get(QMPool *, uint_fast16_t)' (line 154, file C:\qp_lab\qpc\include\qmpool.h) not referenced
 Note 960: Violates MISRA 2004 Required Rule 8.9, undefined symbol: 'QMPool_get' 
"C:\qp_lab\qpc\include\qmpool.h" 150 1 Info 757: global declarator 'QMPool_init(QMPool *, void *, uint_fast32_t, uint_fast16_t)' (line 150, file C:\qp_lab\qpc\include\qmpool.h) not referenced
 Note 960: Violates MISRA 2004 Required Rule 8.9, undefined symbol: 'QMPool_init' 
"C:\qp_lab\qpc\include\qmpool.h" 157 1 Info 757: global declarator 'QMPool_put(QMPool *, void *)' (line 157, file C:\qp_lab\qpc\include\qmpool.h) not referenced
 Note 960: Violates MISRA 2004 Required Rule 8.9, undefined symbol: 'QMPool_put' 
"C:\qp_lab\qpc\include\qassert.h" 254 1 Warning 526: Symbol 'Q_onAssert(const char_t *, int_t)' (line 254, file C:\qp_lab\qpc\include\qassert.h) not defined
 Note 960: Violates MISRA 2004 Required Rule 8.9, undefined symbol: 'Q_onAssert' 
"C:\qp_lab\qpc\ports\lint\stdint.h" 25 1 Info 756: global typedef 'int32_t' (line 25, file C:\qp_lab\qpc\ports\lint\stdint.h) not referenced
"C:\qp_lab\qpc\src\qf_pkg.h" 128 1 Info 756: global typedef 'QFreeBlock' (line 128, file C:\qp_lab\qpc\src\qf_pkg.h) not referenced
"C:\qp_lab\qpc\src\qk\qk.c" 246 1 Info 714: Symbol 'QK_schedLock(uint_fast8_t)' (line 246, file C:\qp_lab\qpc\src\qk\qk.c) not referenced
"C:\qp_lab\qpc\src\qk\qk.c" 296 1 Info 714: Symbol 'QK_schedUnlock(QSchedStatus)' (line 296, file C:\qp_lab\qpc\src\qk\qk.c) not referenced
"C:\qp_lab\qpc\include\qep.h" 385 1 Info 756: global typedef 'QMsmVtbl' (line 385, file C:\qp_lab\qpc\include\qep.h) not referenced
"C:\qp_lab\qpc\include\qep.h" 441 1 Info 757: global declarator 'QMsm_childStateObj_(const QMsm *, const struct QMState *)' (line 441, file C:\qp_lab\qpc\include\qep.h) not referenced
 Note 960: Violates MISRA 2004 Required Rule 8.9, undefined symbol: 'QMsm_childStateObj_' 
"C:\qp_lab\qpc\include\qep.h" 414 1 Info 757: global declarator 'QMsm_ctor(QMsm *, QStateHandler)' (line 414, file C:\qp_lab\qpc\include\qep.h) not referenced
 Note 960: Violates MISRA 2004 Required Rule 8.9, undefined symbol: 'QMsm_ctor' 
"C:\qp_lab\qpc\include\qep.h" 420 1 Info 757: global declarator 'QMsm_dispatch_(QMsm *, const QEvt *)' (line 420, file C:\qp_lab\qpc\include\qep.h) not referenced
 Note 960: Violates MISRA 2004 Required Rule 8.9, undefined symbol: 'QMsm_dispatch_' 
"C:\qp_lab\qpc\include\qep.h" 417 1 Info 757: global declarator 'QMsm_init_(QMsm *, const QEvt *)' (line 417, file C:\qp_lab\qpc\include\qep.h) not referenced
 Note 960: Violates MISRA 2004 Required Rule 8.9, undefined symbol: 'QMsm_init_' 
"C:\qp_lab\qpc\include\qep.h" 447 1 Info 757: global declarator 'QMsm_isInState(const QMsm *, const struct QMState *)' (line 447, file C:\qp_lab\qpc\include\qep.h) not referenced
 Note 960: Violates MISRA 2004 Required Rule 8.9, undefined symbol: 'QMsm_isInState' 
"C:\qp_lab\qpc\ports\lint\qk\qf_port.h" 211 1 Warning 526: Symbol 'intDisable(void)' (line 211, file C:\qp_lab\qpc\ports\lint\qk\qf_port.h) not defined
 Note 960: Violates MISRA 2004 Required Rule 8.9, undefined symbol: 'intDisable' 
"C:\qp_lab\qpc\src\qk\qk.c" 71 1 Info 714: Symbol 'QF_init(void)' (line 71, file C:\qp_lab\qpc\src\qk\qk.c) not referenced
"C:\qp_lab\qpc\ports\lint\qk\qk_port.h" 92 1 Warning 526: Symbol 'get_IPSR(void)' (line 92, file C:\qp_lab\qpc\ports\lint\qk\qk_port.h) not defined
 Note 960: Violates MISRA 2004 Required Rule 8.9, undefined symbol: 'get_IPSR' 
"C:\qp_lab\qpc\ports\lint\stdbool.h" 17 1 Info 755: global macro 'true' (line 17, file C:\qp_lab\qpc\ports\lint\stdbool.h) not referenced
"C:\qp_lab\qpc\include\qep.h" 542 1 Info 755: global macro 'QM_SM_EXIT' (line 542, file C:\qp_lab\qpc\include\qep.h) not referenced
"C:\qp_lab\qpc\include\qep.h" 596 1 Info 755: global macro 'QM_SUPER' (line 596, file C:\qp_lab\qpc\include\qep.h) not referenced
"C:\qp_lab\qpc\include\qep.h" 602 1 Info 755: global macro 'QM_SUPER_SUB' (line 602, file C:\qp_lab\qpc\include\qep.h) not referenced
"C:\qp_lab\qpc\src\qf_pkg.h" 195 1 Info 755: global macro 'QS_MPS_' (line 195, file C:\qp_lab\qpc\src\qf_pkg.h) not referenced
"C:\qp_lab\qpc\src\qf_pkg.h" 209 1 Info 755: global macro 'QS_MPC_' (line 209, file C:\qp_lab\qpc\src\qf_pkg.h) not referenced
"C:\qp_lab\qpc\include\qs.h" 862 1 Info 755: global macro 'QS_MEM' (line 862, file C:\qp_lab\qpc\include\qs.h) not referenced
"C:\qp_lab\qpc\include\qep.h" 549 1 Info 755: global macro 'QM_TRAN' (line 549, file C:\qp_lab\qpc\include\qep.h) not referenced
"C:\qp_lab\qpc\include\qep.h" 564 1 Info 755: global macro 'QM_TRAN_HIST' (line 564, file C:\qp_lab\qpc\include\qep.h) not referenced
"C:\qp_lab\qpc\include\qep.h" 571 1 Info 755: global macro 'QM_TRAN_EP' (line 571, file C:\qp_lab\qpc\include\qep.h) not referenced
"C:\qp_lab\qpc\include\qep.h" 556 1 Info 755: global macro 'QM_TRAN_INIT' (line 556, file C:\qp_lab\qpc\include\qep.h) not referenced
"C:\qp_lab\qpc\include\qep.h" 579 1 Info 755: global macro 'QM_TRAN_XP' (line 579, file C:\qp_lab\qpc\include\qep.h) not referenced
"C:\qp_lab\qpc\include\qk.h" 148 1 Info 755: global macro 'QK_getVersion' (line 148, file C:\qp_lab\qpc\include\qk.h) not referenced
"C:\qp_lab\qpc\include\qep.h" 523 1 Info 755: global macro 'QM_ENTRY' (line 523, file C:\qp_lab\qpc\include\qep.h) not referenced
"C:\qp_lab\qpc\include\qep.h" 529 1 Info 755: global macro 'QM_EXIT' (line 529, file C:\qp_lab\qpc\include\qep.h) not referenced
"C:\qp_lab\qpc\include\qep.h" 591 1 Info 755: global macro 'QM_UNHANDLED' (line 591, file C:\qp_lab\qpc\include\qep.h) not referenced
"C:\qp_lab\qpc\include\qep.h" 57 1 Info 755: global macro 'QP_RELEASE' (line 57, file C:\qp_lab\qpc\include\qep.h) not referenced
"C:\qp_lab\qpc\include\qs.h" 870 1 Info 755: global macro 'QS_OBJ' (line 870, file C:\qp_lab\qpc\include\qs.h) not referenced
"C:\qp_lab\qpc\include\qs.h" 753 1 Info 755: global macro 'QS_OBJ_' (line 753, file C:\qp_lab\qpc\include\qs.h) not referenced
"C:\qp_lab\qpc\include\qs.h" 980 1 Info 755: global macro 'QS_OBJ_DICTIONARY' (line 980, file C:\qp_lab\qpc\include\qs.h) not referenced
"C:\qp_lab\qpc\include\qmpool.h" 166 1 Info 755: global macro 'QF_MPOOL_EL' (line 166, file C:\qp_lab\qpc\include\qmpool.h) not referenced
"C:\qp_lab\qpc\include\qs.h" 233 1 Info 755: global macro 'QS_PTR_AT_' (line 233, file C:\qp_lab\qpc\include\qs.h) not referenced
"C:\qp_lab\qpc\include\qassert.h" 287 1 Info 755: global macro 'Q_ENSURE' (line 287, file C:\qp_lab\qpc\include\qassert.h) not referenced
"C:\qp_lab\qpc\include\qassert.h" 298 1 Info 755: global macro 'Q_ENSURE_ID' (line 298, file C:\qp_lab\qpc\include\qassert.h) not referenced
"C:\qp_lab\qpc\include\qf.h" 719 1 Info 755: global macro 'Q_NEW' (line 719, file C:\qp_lab\qpc\include\qf.h) not referenced
"C:\qp_lab\qpc\include\qf.h" 748 1 Info 755: global macro 'Q_NEW_X' (line 748, file C:\qp_lab\qpc\include\qf.h) not referenced
"C:\qp_lab\qpc\include\qf.h" 773 1 Info 755: global macro 'Q_NEW_REF' (line 773, file C:\qp_lab\qpc\include\qf.h) not referenced
"C:\qp_lab\qpc\include\qep.h" 483 1 Info 755: global macro 'Q_UNHANDLED' (line 483, file C:\qp_lab\qpc\include\qep.h) not referenced
"C:\qp_lab\qpc\include\qf.h" 648 1 Info 755: global macro 'QF_NO_MARGIN' (line 648, file C:\qp_lab\qpc\include\qf.h) not referenced
"C:\qp_lab\qpc\ports\lint\qk\qk_port.h" 66 1 Info 755: global macro 'QK_ISR_ENTRY' (line 66, file C:\qp_lab\qpc\ports\lint\qk\qk_port.h) not referenced
"C:\qp_lab\qpc\ports\lint\qk\qk_port.h" 87 1 Info 755: global macro 'QK_ISR_EXIT' (line 87, file C:\qp_lab\qpc\ports\lint\qk\qk_port.h) not referenced
"C:\qp_lab\qpc\include\qs.h" 1026 1 Info 755: global macro 'QS_ASSERTION' (line 1026, file C:\qp_lab\qpc\include\qs.h) not referenced
"C:\qp_lab\qpc\include\qep.h" 233 1 Info 755: global macro 'Q_ACTION_CAST' (line 233, file C:\qp_lab\qpc\include\qep.h) not referenced
"C:\qp_lab\qpc\include\qassert.h" 143 1 Info 755: global macro 'Q_ASSERT' (line 143, file C:\qp_lab\qpc\include\qassert.h) not referenced
"C:\qp_lab\qpc\include\qassert.h" 332 1 Info 755: global macro 'Q_ASSERT_COMPILE' (line 332, file C:\qp_lab\qpc\include\qassert.h) not referenced
"C:\qp_lab\qpc\src\qf_pkg.h" 104 1 Info 755: global macro 'Q_ASSERT_CRIT_' (line 104, file C:\qp_lab\qpc\src\qf_pkg.h) not referenced
"C:\qp_lab\qpc\include\qep.h" 101 1 Info 755: global macro 'QEP_getVersion' (line 101, file C:\qp_lab\qpc\include\qep.h) not referenced
"C:\qp_lab\qpc\include\qep.h" 584 1 Info 755: global macro 'QM_HANDLED' (line 584, file C:\qp_lab\qpc\include\qep.h) not referenced
"C:\qp_lab\qpc\include\qs.h" 663 1 Info 755: global macro 'QS_BEGIN' (line 663, file C:\qp_lab\qpc\include\qs.h) not referenced
"C:\qp_lab\qpc\include\qs.h" 687 1 Info 755: global macro 'QS_BEGIN_' (line 687, file C:\qp_lab\qpc\include\qs.h) not referenced
"C:\qp_lab\qpc\include\qs.h" 572 1 Info 755: global macro 'QS_BEGIN_NOCRIT' (line 572, file C:\qp_lab\qpc\include\qs.h) not referenced
"C:\qp_lab\qpc\include\qs.h" 1172 1 Info 755: global macro 'QS_RX_PUT' (line 1172, file C:\qp_lab\qpc\include\qs.h) not referenced
"C:\qp_lab\qpc\include\qf.h" 594 1 Info 755: global macro 'QF_PUBLISH' (line 594, file C:\qp_lab\qpc\include\qf.h) not referenced
"C:\qp_lab\qpc\src\qf_pkg.h" 139 1 Info 755: global macro 'QF_PTR_AT_' (line 139, file C:\qp_lab\qpc\src\qf_pkg.h) not referenced
"C:\qp_lab\qpc\src\qf_pkg.h" 149 1 Info 755: global macro 'QF_PTR_RANGE_' (line 149, file C:\qp_lab\qpc\src\qf_pkg.h) not referenced
"C:\qp_lab\qpc\include\qep.h" 48 1 Info 755: global macro 'QP_VERSION' (line 48, file C:\qp_lab\qpc\include\qep.h) not referenced
"C:\qp_lab\qpc\include\qep.h" 54 1 Info 755: global macro 'QP_VERSION_STR' (line 54, file C:\qp_lab\qpc\include\qep.h) not referenced
"C:\qp_lab\qpc\include\qs.h" 638 1 Info 755: global macro 'QS_CRIT_ENTRY_' (line 638, file C:\qp_lab\qpc\include\qs.h) not referenced
"C:\qp_lab\qpc\include\qs.h" 639 1 Info 755: global macro 'QS_CRIT_EXIT_' (line 639, file C:\qp_lab\qpc\include\qs.h) not referenced
"C:\qp_lab\qpc\include\qs.h" 637 1 Info 755: global macro 'QS_CRIT_STAT_' (line 637, file C:\qp_lab\qpc\include\qs.h) not referenced
"C:\qp_lab\qpc\include\qs.h" 900 1 Info 755: global macro 'QS_SIG' (line 900, file C:\qp_lab\qpc\include\qs.h) not referenced
"C:\qp_lab\qpc\include\qs.h" 742 1 Info 755: global macro 'QS_SIG_' (line 742, file C:\qp_lab\qpc\include\qs.h) not referenced
"C:\qp_lab\qpc\include\qs.h" 785 1 Info 755: global macro 'QS_STR_' (line 785, file C:\qp_lab\qpc\include\qs.h) not referenced
"C:\qp_lab\qpc\include\qs.h" 859 1 Info 755: global macro 'QS_STR' (line 859, file C:\qp_lab\qpc\include\qs.h) not referenced
"C:\qp_lab\qpc\include\qs.h" 961 1 Info 755: global macro 'QS_SIG_DICTIONARY' (line 961, file C:\qp_lab\qpc\include\qs.h) not referenced
"C:\qp_lab\qpc\include\qep.h" 454 1 Info 755: global macro 'Q_TRAN' (line 454, file C:\qp_lab\qpc\include\qep.h) not referenced
"C:\qp_lab\qpc\include\qep.h" 463 1 Info 755: global macro 'Q_TRAN_HIST' (line 463, file C:\qp_lab\qpc\include\qep.h) not referenced
"C:\qp_lab\qpc\ports\lint\stdbool.h" 18 1 Info 755: global macro 'false' (line 18, file C:\qp_lab\qpc\ports\lint\stdbool.h) not referenced
"C:\qp_lab\qpc\include\qep.h" 224 1 Info 755: global macro 'Q_STATE_CAST' (line 224, file C:\qp_lab\qpc\include\qep.h) not referenced
"C:\qp_lab\qpc\include\qs.h" 1067 1 Info 755: global macro 'QF_QS_ACTION' (line 1067, file C:\qp_lab\qpc\include\qs.h) not referenced
"C:\qp_lab\qpc\include\qs.h" 1043 1 Info 755: global macro 'QF_QS_CRIT_ENTRY' (line 1043, file C:\qp_lab\qpc\include\qs.h) not referenced
"C:\qp_lab\qpc\include\qs.h" 1050 1 Info 755: global macro 'QF_QS_CRIT_EXIT' (line 1050, file C:\qp_lab\qpc\include\qs.h) not referenced
"C:\qp_lab\qpc\include\qs.h" 1057 1 Info 755: global macro 'QF_QS_ISR_ENTRY' (line 1057, file C:\qp_lab\qpc\include\qs.h) not referenced
"C:\qp_lab\qpc\include\qs.h" 1064 1 Info 755: global macro 'QF_QS_ISR_EXIT' (line 1064, file C:\qp_lab\qpc\include\qs.h) not referenced
"C:\qp_lab\qpc\src\qf_pkg.h" 224 1 Info 755: global macro 'QS_TEC_' (line 224, file C:\qp_lab\qpc\src\qf_pkg.h) not referenced
"C:\qp_lab\qpc\include\qassert.h" 202 1 Info 755: global macro 'Q_ERROR' (line 202, file C:\qp_lab\qpc\include\qassert.h) not referenced
"C:\qp_lab\qpc\include\qs.h" 1233 1 Info 755: global macro 'QS_TEST_PROBE' (line 1233, file C:\qp_lab\qpc\include\qs.h) not referenced
"C:\qp_lab\qpc\include\qs.h" 1235 1 Info 755: global macro 'QS_TEST_PAUSE' (line 1235, file C:\qp_lab\qpc\include\qs.h) not referenced
"C:\qp_lab\qpc\include\qs.h" 1232 1 Info 755: global macro 'QS_TEST_PROBE_DEF' (line 1232, file C:\qp_lab\qpc\include\qs.h) not referenced
"C:\qp_lab\qpc\include\qs.h" 1234 1 Info 755: global macro 'QS_TEST_PROBE_ID' (line 1234, file C:\qp_lab\qpc\include\qs.h) not referenced
"C:\qp_lab\qpc\src\qf_pkg.h" 111 1 Info 755: global macro 'Q_ERROR_CRIT_' (line 111, file C:\qp_lab\qpc\src\qf_pkg.h) not referenced
"C:\qp_lab\qpc\include\qassert.h" 218 1 Info 755: global macro 'Q_ERROR_ID' (line 218, file C:\qp_lab\qpc\include\qassert.h) not referenced
"C:\qp_lab\qpc\include\qassert.h" 268 1 Info 755: global macro 'Q_REQUIRE' (line 268, file C:\qp_lab\qpc\include\qassert.h) not referenced
"C:\qp_lab\qpc\include\qassert.h" 308 1 Info 755: global macro 'Q_INVARIANT' (line 308, file C:\qp_lab\qpc\include\qassert.h) not referenced
"C:\qp_lab\qpc\include\qassert.h" 319 1 Info 755: global macro 'Q_INVARIANT_ID' (line 319, file C:\qp_lab\qpc\include\qassert.h) not referenced
"C:\qp_lab\qpc\src\qf_pkg.h" 106 1 Info 755: global macro 'Q_REQUIRE_CRIT_' (line 106, file C:\qp_lab\qpc\src\qf_pkg.h) not referenced
"C:\qp_lab\qpc\include\qs.h" 320 1 Info 755: global macro 'QS_EOD' (line 320, file C:\qp_lab\qpc\include\qs.h) not referenced
"C:\qp_lab\qpc\include\qs.h" 670 1 Info 755: global macro 'QS_END' (line 670, file C:\qp_lab\qpc\include\qs.h) not referenced
"C:\qp_lab\qpc\include\qs.h" 697 1 Info 755: global macro 'QS_END_' (line 697, file C:\qp_lab\qpc\include\qs.h) not referenced
"C:\qp_lab\qpc\include\qs.h" 576 1 Info 755: global macro 'QS_END_NOCRIT' (line 576, file C:\qp_lab\qpc\include\qs.h) not referenced
"C:\qp_lab\qpc\src\qf_pkg.h" 161 1 Info 755: global macro 'QS_EQC_' (line 161, file C:\qp_lab\qpc\src\qf_pkg.h) not referenced
"C:\qp_lab\qpc\src\qf_pkg.h" 180 1 Info 755: global macro 'QS_EVS_' (line 180, file C:\qp_lab\qpc\src\qf_pkg.h) not referenced
"C:\qp_lab\qpc\include\qs.h" 406 1 Info 755: global macro 'QS_EXIT' (line 406, file C:\qp_lab\qpc\include\qs.h) not referenced
"C:\qp_lab\qpc\include\qs.h" 828 1 Info 755: global macro 'QS_U16' (line 828, file C:\qp_lab\qpc\include\qs.h) not referenced
"C:\qp_lab\qpc\include\qs.h" 729 1 Info 755: global macro 'QS_U16_' (line 729, file C:\qp_lab\qpc\include\qs.h) not referenced
"C:\qp_lab\qpc\include\qs.h" 836 1 Info 755: global macro 'QS_U32' (line 836, file C:\qp_lab\qpc\include\qs.h) not referenced
"C:\qp_lab\qpc\include\qs.h" 732 1 Info 755: global macro 'QS_U32_' (line 732, file C:\qp_lab\qpc\include\qs.h) not referenced
"C:\qp_lab\qpc\include\qs.h" 820 1 Info 755: global macro 'QS_U8' (line 820, file C:\qp_lab\qpc\include\qs.h) not referenced
"C:\qp_lab\qpc\include\qs.h" 852 1 Info 755: global macro 'QS_U64' (line 852, file C:\qp_lab\qpc\include\qs.h) not referenced
"C:\qp_lab\qpc\include\qs.h" 856 1 Info 755: global macro 'QS_U32_HEX' (line 856, file C:\qp_lab\qpc\include\qs.h) not referenced
"C:\qp_lab\qpc\include\qs.h" 1009 1 Info 755: global macro 'QS_USR_DICTIONARY' (line 1009, file C:\qp_lab\qpc\include\qs.h) not referenced
"C:\qp_lab\qpc\include\qep.h" 472 1 Info 755: global macro 'Q_SUPER' (line 472, file C:\qp_lab\qpc\include\qep.h) not referenced
"C:\qp_lab\qpc\include\qk.h" 196 1 Info 755: global macro 'QACTIVE_EQUEUE_SIGNAL_' (line 196, file C:\qp_lab\qpc\include\qk.h) not referenced
"C:\qp_lab\qpc\include\qk.h" 187 1 Info 755: global macro 'QACTIVE_EQUEUE_WAIT_' (line 187, file C:\qp_lab\qpc\include\qk.h) not referenced
"C:\qp_lab\qpc\include\qf.h" 213 1 Info 755: global macro 'QACTIVE_START' (line 213, file C:\qp_lab\qpc\include\qf.h) not referenced
"C:\qp_lab\qpc\include\qf.h" 254 1 Info 755: global macro 'QACTIVE_POST' (line 254, file C:\qp_lab\qpc\include\qf.h) not referenced
"C:\qp_lab\qpc\include\qf.h" 292 1 Info 755: global macro 'QACTIVE_POST_X' (line 292, file C:\qp_lab\qpc\include\qf.h) not referenced
"C:\qp_lab\qpc\include\qf.h" 318 1 Info 755: global macro 'QACTIVE_POST_LIFO' (line 318, file C:\qp_lab\qpc\include\qf.h) not referenced
"C:\qp_lab\qpc\include\qk.h" 176 1 Info 755: global macro 'QF_SCHED_LOCK_' (line 176, file C:\qp_lab\qpc\include\qk.h) not referenced
"C:\qp_lab\qpc\include\qk.h" 167 1 Info 755: global macro 'QF_SCHED_STAT_' (line 167, file C:\qp_lab\qpc\include\qk.h) not referenced
"C:\qp_lab\qpc\include\qk.h" 183 1 Info 755: global macro 'QF_SCHED_UNLOCK_' (line 183, file C:\qp_lab\qpc\include\qk.h) not referenced
"C:\qp_lab\qpc\include\qep.h" 344 1 Info 755: global macro 'QHsm_childState' (line 344, file C:\qp_lab\qpc\include\qep.h) not referenced
"C:\qp_lab\qpc\include\qep.h" 334 1 Info 755: global macro 'QHsm_state' (line 334, file C:\qp_lab\qpc\include\qep.h) not referenced
"C:\qp_lab\qpc\include\qpset.h" 104 1 Info 755: global macro 'QPSet_setEmpty' (line 104, file C:\qp_lab\qpc\include\qpset.h) not referenced
"C:\qp_lab\qpc\include\qpset.h" 126 1 Info 755: global macro 'QPSet_hasElement' (line 126, file C:\qp_lab\qpc\include\qpset.h) not referenced
"C:\qp_lab\qpc\include\qpset.h" 136 1 Info 755: global macro 'QPSet_insert' (line 136, file C:\qp_lab\qpc\include\qpset.h) not referenced
"C:\qp_lab\qpc\include\qpset.h" 111 1 Info 755: global macro 'QPSet_isEmpty' (line 111, file C:\qp_lab\qpc\include\qpset.h) not referenced
"C:\qp_lab\qpc\include\qpset.h" 118 1 Info 755: global macro 'QPSet_notEmpty' (line 118, file C:\qp_lab\qpc\include\qpset.h) not referenced
"C:\qp_lab\qpc\include\qf.h" 793 1 Info 755: global macro 'Q_DELETE_REF' (line 793, file C:\qp_lab\qpc\include\qf.h) not referenced
"C:\qp_lab\qpc\include\qs.h" 430 1 Info 755: global macro 'QS_FILTER_OFF' (line 430, file C:\qp_lab\qpc\include\qs.h) not referenced
"C:\qp_lab\qpc\include\qs.h" 840 1 Info 755: global macro 'QS_F32' (line 840, file C:\qp_lab\qpc\include\qs.h) not referenced
"C:\qp_lab\qpc\include\qs.h" 844 1 Info 755: global macro 'QS_F64' (line 844, file C:\qp_lab\qpc\include\qs.h) not referenced
"C:\qp_lab\qpc\include\qs.h" 480 1 Info 755: global macro 'QS_FILTER_AO_OBJ' (line 480, file C:\qp_lab\qpc\include\qs.h) not referenced
"C:\qp_lab\qpc\include\qs.h" 500 1 Info 755: global macro 'QS_FILTER_MP_OBJ' (line 500, file C:\qp_lab\qpc\include\qs.h) not referenced
"C:\qp_lab\qpc\include\qs.h" 520 1 Info 755: global macro 'QS_FILTER_EQ_OBJ' (line 520, file C:\qp_lab\qpc\include\qs.h) not referenced
"C:\qp_lab\qpc\include\qs.h" 558 1 Info 755: global macro 'QS_FILTER_AP_OBJ' (line 558, file C:\qp_lab\qpc\include\qs.h) not referenced
"C:\qp_lab\qpc\include\qs.h" 417 1 Info 755: global macro 'QS_FILTER_ON' (line 417, file C:\qp_lab\qpc\include\qs.h) not referenced
"C:\qp_lab\qpc\include\qs.h" 458 1 Info 755: global macro 'QS_FILTER_SM_OBJ' (line 458, file C:\qp_lab\qpc\include\qs.h) not referenced
"C:\qp_lab\qpc\include\qs.h" 541 1 Info 755: global macro 'QS_FILTER_TE_OBJ' (line 541, file C:\qp_lab\qpc\include\qs.h) not referenced
"C:\qp_lab\qpc\include\qs.h" 884 1 Info 755: global macro 'QS_FUN' (line 884, file C:\qp_lab\qpc\include\qs.h) not referenced
"C:\qp_lab\qpc\include\qs.h" 771 1 Info 755: global macro 'QS_FUN_' (line 771, file C:\qp_lab\qpc\include\qs.h) not referenced
"C:\qp_lab\qpc\include\qs.h" 998 1 Info 755: global macro 'QS_FUN_DICTIONARY' (line 998, file C:\qp_lab\qpc\include\qs.h) not referenced
"C:\qp_lab\qpc\include\qassert.h" 111 1 Info 755: global macro 'Q_DEFINE_THIS_FILE' (line 111, file C:\qp_lab\qpc\include\qassert.h) not referenced
"C:\qp_lab\qpc\include\qep.h" 477 1 Info 755: global macro 'Q_HANDLED' (line 477, file C:\qp_lab\qpc\include\qep.h) not referenced
"C:\qp_lab\qpc\include\qf.h" 636 1 Info 755: global macro 'QF_TICK_X' (line 636, file C:\qp_lab\qpc\include\qf.h) not referenced
"C:\qp_lab\qpc\include\qf.h" 651 1 Info 755: global macro 'QF_TICK' (line 651, file C:\qp_lab\qpc\include\qf.h) not referenced
"C:\qp_lab\qpc\include\qs.h" 1070 1 Info 755: global macro 'QS_getVersion' (line 1070, file C:\qp_lab\qpc\include\qs.h) not referenced
"C:\qp_lab\qpc\include\qk.h" 202 1 Info 755: global macro 'QF_EPOOL_EVENT_SIZE_' (line 202, file C:\qp_lab\qpc\include\qk.h) not referenced
"C:\qp_lab\qpc\include\qk.h" 203 1 Info 755: global macro 'QF_EPOOL_GET_' (line 203, file C:\qp_lab\qpc\include\qk.h) not referenced
"C:\qp_lab\qpc\include\qk.h" 201 1 Info 755: global macro 'QF_EPOOL_INIT_' (line 201, file C:\qp_lab\qpc\include\qk.h) not referenced
"C:\qp_lab\qpc\include\qk.h" 204 1 Info 755: global macro 'QF_EPOOL_PUT_' (line 204, file C:\qp_lab\qpc\include\qk.h) not referenced
"C:\qp_lab\qpc\include\qep.h" 190 1 Info 755: global macro 'Q_EVT_CAST' (line 190, file C:\qp_lab\qpc\include\qep.h) not referenced
"C:\qp_lab\qpc\src\qf_pkg.h" 133 1 Info 755: global macro 'QF_EVT_REF_CTR_INC_' (line 133, file C:\qp_lab\qpc\src\qf_pkg.h) not referenced
"C:\qp_lab\qpc\src\qf_pkg.h" 136 1 Info 755: global macro 'QF_EVT_REF_CTR_DEC_' (line 136, file C:\qp_lab\qpc\src\qf_pkg.h) not referenced
"C:\qp_lab\qpc\include\qep.h" 180 1 Info 755: global macro 'Q_HSM_UPCAST' (line 180, file C:\qp_lab\qpc\include\qep.h) not referenced
"C:\qp_lab\qpc\include\qequeue.h" 200 1 Info 755: global macro 'QEQueue_getNFree' (line 200, file C:\qp_lab\qpc\include\qequeue.h) not referenced
"C:\qp_lab\qpc\include\qequeue.h" 214 1 Info 755: global macro 'QEQueue_getNMin' (line 214, file C:\qp_lab\qpc\include\qequeue.h) not referenced
"C:\qp_lab\qpc\include\qequeue.h" 230 1 Info 755: global macro 'QEQueue_isEmpty' (line 230, file C:\qp_lab\qpc\include\qequeue.h) not referenced
"C:\qp_lab\qpc\include\qs.h" 397 1 Info 755: global macro 'QS_INIT' (line 397, file C:\qp_lab\qpc\include\qs.h) not referenced
"C:\qp_lab\qpc\include\qs.h" 816 1 Info 755: global macro 'QS_I8' (line 816, file C:\qp_lab\qpc\include\qs.h) not referenced
"C:\qp_lab\qpc\include\qs.h" 824 1 Info 755: global macro 'QS_I16' (line 824, file C:\qp_lab\qpc\include\qs.h) not referenced
"C:\qp_lab\qpc\include\qs.h" 832 1 Info 755: global macro 'QS_I32' (line 832, file C:\qp_lab\qpc\include\qs.h) not referenced
"C:\qp_lab\qpc\include\qs.h" 848 1 Info 755: global macro 'QS_I64' (line 848, file C:\qp_lab\qpc\include\qs.h) not referenced
"C:\qp_lab\qpc\include\qf.h" 841 1 Info 755: global macro 'QF_getVersion' (line 841, file C:\qp_lab\qpc\include\qf.h) not referenced
"C:\qp_lab\qpc\include\qassert.h" 177 1 Info 755: global macro 'Q_ALLEGE' (line 177, file C:\qp_lab\qpc\include\qassert.h) not referenced
"C:\qp_lab\qpc\include\qassert.h" 192 1 Info 755: global macro 'Q_ALLEGE_ID' (line 192, file C:\qp_lab\qpc\include\qassert.h) not referenced
"C:\qp_lab\qpc\include\qassert.h" 335 1 Info 755: global macro 'Q_DIM' (line 335, file C:\qp_lab\qpc\include\qassert.h) not referenced
"C:\qp_lab\qpc\include\qep.h" 428 1 Info 755: global macro 'QMsm_stateObj' (line 428, file C:\qp_lab\qpc\include\qep.h) not referenced
"C:\qp_lab\qpc\include\qep.h" 438 1 Info 755: global macro 'QMsm_childStateObj' (line 438, file C:\qp_lab\qpc\include\qep.h) not referenced
"C:\qp_lab\qpc\include\qep.h" 201 1 Info 755: global macro 'Q_UINT2PTR_CAST' (line 201, file C:\qp_lab\qpc\include\qep.h) not referenced
"C:\qp_lab\qpc\ports\lint\stdbool.h" 22 1 Info 755: global macro '__bool_true_false_are_defined' (line 22, file C:\qp_lab\qpc\ports\lint\stdbool.h) not referenced
"C:\qp_lab\qpc\include\qep.h" 491 1 Info 758: global enum '(untagged)' (line 491, file C:\qp_lab\qpc\include\qep.h) not referenced
"C:\qp_lab\qpc\include\qep.h" 605 1 Info 758: global enum '(untagged)' (line 605, file C:\qp_lab\qpc\include\qep.h) not referenced
"C:\qp_lab\qpc\include\qs.h" 170 1 Info 758: global enum 'QSpyRecordGroups' (line 170, file C:\qp_lab\qpc\include\qs.h) not referenced
"C:\qp_lab\qpc\include\qs.h" 188 1 Info 758: global enum 'QSpyUserRecords' (line 188, file C:\qp_lab\qpc\include\qs.h) not referenced
"C:\qp_lab\qpc\include\qs.h" 795 1 Info 758: global enum '(untagged)' (line 795, file C:\qp_lab\qpc\include\qs.h) not referenced
"C:\qp_lab\qpc\include\qs.h" 1087 1 Info 758: global enum 'OSpyObjCombnation' (line 1087, file C:\qp_lab\qpc\include\qs.h) not referenced
"C:\qp_lab\qpc\include\qs.h" 1117 1 Info 758: global enum 'QSpyRxRecords' (line 1117, file C:\qp_lab\qpc\include\qs.h) not referenced
"C:\qp_lab\qpc\include\qep.h" 154 1 Info 768: global struct member 'QEvt::sig' (line 154, file C:\qp_lab\qpc\include\qep.h) not referenced
"C:\qp_lab\qpc\include\qep.h" 155 1 Info 768: global struct member 'QEvt::poolId_' (line 155, file C:\qp_lab\qpc\include\qep.h) not referenced
"C:\qp_lab\qpc\include\qep.h" 156 1 Info 768: global struct member 'QEvt::refCtr_' (line 156, file C:\qp_lab\qpc\include\qep.h) not referenced
"C:\qp_lab\qpc\include\qep.h" 247 1 Info 768: global struct member 'QHsmAttr::fun' (line 247, file C:\qp_lab\qpc\include\qep.h) not referenced
"C:\qp_lab\qpc\include\qep.h" 248 1 Info 768: global struct member 'QHsmAttr::act' (line 248, file C:\qp_lab\qpc\include\qep.h) not referenced
"C:\qp_lab\qpc\include\qep.h" 249 1 Info 768: global struct member 'QHsmAttr::obj' (line 249, file C:\qp_lab\qpc\include\qep.h) not referenced
"C:\qp_lab\qpc\include\qep.h" 250 1 Info 768: global struct member 'QHsmAttr::tatbl' (line 250, file C:\qp_lab\qpc\include\qep.h) not referenced
"C:\qp_lab\qpc\include\qep.h" 280 1 Info 768: global struct member 'QHsm::state' (line 280, file C:\qp_lab\qpc\include\qep.h) not referenced
"C:\qp_lab\qpc\include\qep.h" 281 1 Info 768: global struct member 'QHsm::temp' (line 281, file C:\qp_lab\qpc\include\qep.h) not referenced
"C:\qp_lab\qpc\include\qep.h" 400 1 Info 768: global struct member 'QMState::superstate' (line 400, file C:\qp_lab\qpc\include\qep.h) not referenced
"C:\qp_lab\qpc\include\qep.h" 401 1 Info 768: global struct member 'QMState::stateHandler' (line 401, file C:\qp_lab\qpc\include\qep.h) not referenced
"C:\qp_lab\qpc\include\qep.h" 402 1 Info 768: global struct member 'QMState::entryAction' (line 402, file C:\qp_lab\qpc\include\qep.h) not referenced
"C:\qp_lab\qpc\include\qep.h" 403 1 Info 768: global struct member 'QMState::exitAction' (line 403, file C:\qp_lab\qpc\include\qep.h) not referenced
"C:\qp_lab\qpc\include\qep.h" 404 1 Info 768: global struct member 'QMState::initAction' (line 404, file C:\qp_lab\qpc\include\qep.h) not referenced
"C:\qp_lab\qpc\include\qep.h" 409 1 Info 768: global struct member 'QMTranActTable::target' (line 409, file C:\qp_lab\qpc\include\qep.h) not referenced
"C:\qp_lab\qpc\include\qep.h" 410 1 Info 768: global struct member 'QMTranActTable::act' (line 410, file C:\qp_lab\qpc\include\qep.h) not referenced
"C:\qp_lab\qpc\include\qep.h" 493 1 Info 769: global enumeration constant 'Q_RET_SUPER' (line 493, file C:\qp_lab\qpc\include\qep.h) not referenced
"C:\qp_lab\qpc\include\qep.h" 494 1 Info 769: global enumeration constant 'Q_RET_SUPER_SUB' (line 494, file C:\qp_lab\qpc\include\qep.h) not referenced
"C:\qp_lab\qpc\include\qep.h" 495 1 Info 769: global enumeration constant 'Q_RET_UNHANDLED' (line 495, file C:\qp_lab\qpc\include\qep.h) not referenced
"C:\qp_lab\qpc\include\qep.h" 498 1 Info 769: global enumeration constant 'Q_RET_HANDLED' (line 498, file C:\qp_lab\qpc\include\qep.h) not referenced
"C:\qp_lab\qpc\include\qep.h" 499 1 Info 769: global enumeration constant 'Q_RET_IGNORED' (line 499, file C:\qp_lab\qpc\include\qep.h) not referenced
"C:\qp_lab\qpc\include\qep.h" 502 1 Info 769: global enumeration constant 'Q_RET_ENTRY' (line 502, file C:\qp_lab\qpc\include\qep.h) not referenced
"C:\qp_lab\qpc\include\qep.h" 503 1 Info 769: global enumeration constant 'Q_RET_EXIT' (line 503, file C:\qp_lab\qpc\include\qep.h) not referenced
"C:\qp_lab\qpc\include\qep.h" 506 1 Info 769: global enumeration constant 'Q_RET_NULL' (line 506, file C:\qp_lab\qpc\include\qep.h) not referenced
"C:\qp_lab\qpc\include\qep.h" 509 1 Info 769: global enumeration constant 'Q_RET_TRAN' (line 509, file C:\qp_lab\qpc\include\qep.h) not referenced
"C:\qp_lab\qpc\include\qep.h" 510 1 Info 769: global enumeration constant 'Q_RET_TRAN_INIT' (line 510, file C:\qp_lab\qpc\include\qep.h) not referenced
"C:\qp_lab\qpc\include\qep.h" 511 1 Info 769: global enumeration constant 'Q_RET_TRAN_EP' (line 511, file C:\qp_lab\qpc\include\qep.h) not referenced
"C:\qp_lab\qpc\include\qep.h" 514 1 Info 769: global enumeration constant 'Q_RET_TRAN_HIST' (line 514, file C:\qp_lab\qpc\include\qep.h) not referenced
"C:\qp_lab\qpc\include\qep.h" 515 1 Info 769: global enumeration constant 'Q_RET_TRAN_XP' (line 515, file C:\qp_lab\qpc\include\qep.h) not referenced
"C:\qp_lab\qpc\include\qep.h" 606 1 Info 769: global enumeration constant 'Q_ENTRY_SIG' (line 606, file C:\qp_lab\qpc\include\qep.h) not referenced
"C:\qp_lab\qpc\include\qep.h" 607 1 Info 769: global enumeration constant 'Q_EXIT_SIG' (line 607, file C:\qp_lab\qpc\include\qep.h) not referenced
"C:\qp_lab\qpc\include\qep.h" 608 1 Info 769: global enumeration constant 'Q_INIT_SIG' (line 608, file C:\qp_lab\qpc\include\qep.h) not referenced
"C:\qp_lab\qpc\include\qep.h" 609 1 Info 769: global enumeration constant 'Q_USER_SIG' (line 609, file C:\qp_lab\qpc\include\qep.h) not referenced
"C:\qp_lab\qpc\include\qequeue.h" 130 1 Info 768: global struct member 'QEQueue' (line 130, file C:\qp_lab\qpc\include\qequeue.h) not referenced
"C:\qp_lab\qpc\include\qequeue.h" 146 1 Info 768: global struct member 'QEQueue::ring' (line 146, file C:\qp_lab\qpc\include\qequeue.h) not referenced
"C:\qp_lab\qpc\include\qequeue.h" 149 1 Info 768: global struct member 'QEQueue::end' (line 149, file C:\qp_lab\qpc\include\qequeue.h) not referenced
"C:\qp_lab\qpc\include\qequeue.h" 152 1 Info 768: global struct member 'QEQueue::head' (line 152, file C:\qp_lab\qpc\include\qequeue.h) not referenced
"C:\qp_lab\qpc\include\qequeue.h" 155 1 Info 768: global struct member 'QEQueue::tail' (line 155, file C:\qp_lab\qpc\include\qequeue.h) not referenced
"C:\qp_lab\qpc\include\qequeue.h" 158 1 Info 768: global struct member 'QEQueue::nFree' (line 158, file C:\qp_lab\qpc\include\qequeue.h) not referenced
"C:\qp_lab\qpc\include\qequeue.h" 167 1 Info 768: global struct member 'QEQueue::nMin' (line 167, file C:\qp_lab\qpc\include\qequeue.h) not referenced
"C:\qp_lab\qpc\include\qmpool.h" 120 1 Info 768: global struct member 'QMPool::free_head' (line 120, file C:\qp_lab\qpc\include\qmpool.h) not referenced
"C:\qp_lab\qpc\include\qmpool.h" 123 1 Info 768: global struct member 'QMPool::start' (line 123, file C:\qp_lab\qpc\include\qmpool.h) not referenced
"C:\qp_lab\qpc\include\qmpool.h" 126 1 Info 768: global struct member 'QMPool::end' (line 126, file C:\qp_lab\qpc\include\qmpool.h) not referenced
"C:\qp_lab\qpc\include\qmpool.h" 129 1 Info 768: global struct member 'QMPool::blockSize' (line 129, file C:\qp_lab\qpc\include\qmpool.h) not referenced
"C:\qp_lab\qpc\include\qmpool.h" 132 1 Info 768: global struct member 'QMPool::nTot' (line 132, file C:\qp_lab\qpc\include\qmpool.h) not referenced
"C:\qp_lab\qpc\include\qmpool.h" 135 1 Info 768: global struct member 'QMPool::nFree' (line 135, file C:\qp_lab\qpc\include\qmpool.h) not referenced
"C:\qp_lab\qpc\include\qmpool.h" 144 1 Info 768: global struct member 'QMPool::nMin' (line 144, file C:\qp_lab\qpc\include\qmpool.h) not referenced
"C:\qp_lab\qpc\include\qk.h" 73 1 Info 768: global struct member 'QK_Attr::intNest' (line 73, file C:\qp_lab\qpc\include\qk.h) not referenced
"C:\qp_lab\qpc\include\qf.h" 149 1 Info 768: global struct member 'QActive::thread' (line 149, file C:\qp_lab\qpc\include\qf.h) not referenced
"C:\qp_lab\qpc\include\qf.h" 167 1 Info 768: global struct member 'QActiveVtbl::super' (line 167, file C:\qp_lab\qpc\include\qf.h) not referenced
"C:\qp_lab\qpc\include\qf.h" 174 1 Info 768: global struct member 'QActiveVtbl::start' (line 174, file C:\qp_lab\qpc\include\qf.h) not referenced
"C:\qp_lab\qpc\include\qf.h" 180 1 Info 768: global struct member 'QActiveVtbl::post' (line 180, file C:\qp_lab\qpc\include\qf.h) not referenced
"C:\qp_lab\qpc\include\qf.h" 188 1 Info 768: global struct member 'QActiveVtbl::postLIFO' (line 188, file C:\qp_lab\qpc\include\qf.h) not referenced
"C:\qp_lab\qpc\include\qf.h" 457 1 Info 768: global struct member 'QTimeEvt::super' (line 457, file C:\qp_lab\qpc\include\qf.h) not referenced
"C:\qp_lab\qpc\include\qf.h" 460 1 Info 768: global struct member 'QTimeEvt::next' (line 460, file C:\qp_lab\qpc\include\qf.h) not referenced
"C:\qp_lab\qpc\include\qf.h" 463 1 Info 768: global struct member 'QTimeEvt::act' (line 463, file C:\qp_lab\qpc\include\qf.h) not referenced
"C:\qp_lab\qpc\include\qf.h" 472 1 Info 768: global struct member 'QTimeEvt::ctr' (line 472, file C:\qp_lab\qpc\include\qf.h) not referenced
"C:\qp_lab\qpc\include\qf.h" 481 1 Info 768: global struct member 'QTimeEvt::interval' (line 481, file C:\qp_lab\qpc\include\qf.h) not referenced
"C:\qp_lab\qpc\src\qf_pkg.h" 127 1 Info 768: global struct member 'QFreeBlock::next' (line 127, file C:\qp_lab\qpc\src\qf_pkg.h) not referenced
"C:\qp_lab\qpc\include\qs.h" 67 1 Info 769: global enumeration constant 'QSpyRecords::QS_EMPTY' (line 67, file C:\qp_lab\qpc\include\qs.h) not referenced
"C:\qp_lab\qpc\include\qs.h" 70 1 Info 769: global enumeration constant 'QSpyRecords::QS_QEP_STATE_ENTRY' (line 70, file C:\qp_lab\qpc\include\qs.h) not referenced
"C:\qp_lab\qpc\include\qs.h" 71 1 Info 769: global enumeration constant 'QSpyRecords::QS_QEP_STATE_EXIT' (line 71, file C:\qp_lab\qpc\include\qs.h) not referenced
"C:\qp_lab\qpc\include\qs.h" 72 1 Info 769: global enumeration constant 'QSpyRecords::QS_QEP_STATE_INIT' (line 72, file C:\qp_lab\qpc\include\qs.h) not referenced
"C:\qp_lab\qpc\include\qs.h" 73 1 Info 769: global enumeration constant 'QSpyRecords::QS_QEP_INIT_TRAN' (line 73, file C:\qp_lab\qpc\include\qs.h) not referenced
"C:\qp_lab\qpc\include\qs.h" 74 1 Info 769: global enumeration constant 'QSpyRecords::QS_QEP_INTERN_TRAN' (line 74, file C:\qp_lab\qpc\include\qs.h) not referenced
"C:\qp_lab\qpc\include\qs.h" 75 1 Info 769: global enumeration constant 'QSpyRecords::QS_QEP_TRAN' (line 75, file C:\qp_lab\qpc\include\qs.h) not referenced
"C:\qp_lab\qpc\include\qs.h" 76 1 Info 769: global enumeration constant 'QSpyRecords::QS_QEP_IGNORED' (line 76, file C:\qp_lab\qpc\include\qs.h) not referenced
"C:\qp_lab\qpc\include\qs.h" 77 1 Info 769: global enumeration constant 'QSpyRecords::QS_QEP_DISPATCH' (line 77, file C:\qp_lab\qpc\include\qs.h) not referenced
"C:\qp_lab\qpc\include\qs.h" 78 1 Info 769: global enumeration constant 'QSpyRecords::QS_QEP_UNHANDLED' (line 78, file C:\qp_lab\qpc\include\qs.h) not referenced
"C:\qp_lab\qpc\include\qs.h" 81 1 Info 769: global enumeration constant 'QSpyRecords::QS_QF_ACTIVE_DEFER' (line 81, file C:\qp_lab\qpc\include\qs.h) not referenced
"C:\qp_lab\qpc\include\qs.h" 82 1 Info 769: global enumeration constant 'QSpyRecords::QS_QF_ACTIVE_RECALL' (line 82, file C:\qp_lab\qpc\include\qs.h) not referenced
"C:\qp_lab\qpc\include\qs.h" 83 1 Info 769: global enumeration constant 'QSpyRecords::QS_QF_ACTIVE_SUBSCRIBE' (line 83, file C:\qp_lab\qpc\include\qs.h) not referenced
"C:\qp_lab\qpc\include\qs.h" 84 1 Info 769: global enumeration constant 'QSpyRecords::QS_QF_ACTIVE_UNSUBSCRIBE' (line 84, file C:\qp_lab\qpc\include\qs.h) not referenced
"C:\qp_lab\qpc\include\qs.h" 85 1 Info 769: global enumeration constant 'QSpyRecords::QS_QF_ACTIVE_POST_FIFO' (line 85, file C:\qp_lab\qpc\include\qs.h) not referenced
"C:\qp_lab\qpc\include\qs.h" 86 1 Info 769: global enumeration constant 'QSpyRecords::QS_QF_ACTIVE_POST_LIFO' (line 86, file C:\qp_lab\qpc\include\qs.h) not referenced
"C:\qp_lab\qpc\include\qs.h" 87 1 Info 769: global enumeration constant 'QSpyRecords::QS_QF_ACTIVE_GET' (line 87, file C:\qp_lab\qpc\include\qs.h) not referenced
"C:\qp_lab\qpc\include\qs.h" 88 1 Info 769: global enumeration constant 'QSpyRecords::QS_QF_ACTIVE_GET_LAST' (line 88, file C:\qp_lab\qpc\include\qs.h) not referenced
"C:\qp_lab\qpc\include\qs.h" 89 1 Info 769: global enumeration constant 'QSpyRecords::QS_QF_ACTIVE_RECALL_ATTEMPT' (line 89, file C:\qp_lab\qpc\include\qs.h) not referenced
"C:\qp_lab\qpc\include\qs.h" 92 1 Info 769: global enumeration constant 'QSpyRecords::QS_QF_EQUEUE_POST_FIFO' (line 92, file C:\qp_lab\qpc\include\qs.h) not referenced
"C:\qp_lab\qpc\include\qs.h" 93 1 Info 769: global enumeration constant 'QSpyRecords::QS_QF_EQUEUE_POST_LIFO' (line 93, file C:\qp_lab\qpc\include\qs.h) not referenced
"C:\qp_lab\qpc\include\qs.h" 94 1 Info 769: global enumeration constant 'QSpyRecords::QS_QF_EQUEUE_GET' (line 94, file C:\qp_lab\qpc\include\qs.h) not referenced
"C:\qp_lab\qpc\include\qs.h" 95 1 Info 769: global enumeration constant 'QSpyRecords::QS_QF_EQUEUE_GET_LAST' (line 95, file C:\qp_lab\qpc\include\qs.h) not referenced
"C:\qp_lab\qpc\include\qs.h" 97 1 Info 769: global enumeration constant 'QSpyRecords::QS_QF_RESERVED2' (line 97, file C:\qp_lab\qpc\include\qs.h) not referenced
"C:\qp_lab\qpc\include\qs.h" 100 1 Info 769: global enumeration constant 'QSpyRecords::QS_QF_MPOOL_GET' (line 100, file C:\qp_lab\qpc\include\qs.h) not referenced
"C:\qp_lab\qpc\include\qs.h" 101 1 Info 769: global enumeration constant 'QSpyRecords::QS_QF_MPOOL_PUT' (line 101, file C:\qp_lab\qpc\include\qs.h) not referenced
"C:\qp_lab\qpc\include\qs.h" 104 1 Info 769: global enumeration constant 'QSpyRecords::QS_QF_PUBLISH' (line 104, file C:\qp_lab\qpc\include\qs.h) not referenced
"C:\qp_lab\qpc\include\qs.h" 105 1 Info 769: global enumeration constant 'QSpyRecords::QS_QF_NEW_REF' (line 105, file C:\qp_lab\qpc\include\qs.h) not referenced
"C:\qp_lab\qpc\include\qs.h" 106 1 Info 769: global enumeration constant 'QSpyRecords::QS_QF_NEW' (line 106, file C:\qp_lab\qpc\include\qs.h) not referenced
"C:\qp_lab\qpc\include\qs.h" 107 1 Info 769: global enumeration constant 'QSpyRecords::QS_QF_GC_ATTEMPT' (line 107, file C:\qp_lab\qpc\include\qs.h) not referenced
"C:\qp_lab\qpc\include\qs.h" 108 1 Info 769: global enumeration constant 'QSpyRecords::QS_QF_GC' (line 108, file C:\qp_lab\qpc\include\qs.h) not referenced
"C:\qp_lab\qpc\include\qs.h" 109 1 Info 769: global enumeration constant 'QSpyRecords::QS_QF_TICK' (line 109, file C:\qp_lab\qpc\include\qs.h) not referenced
"C:\qp_lab\qpc\include\qs.h" 112 1 Info 769: global enumeration constant 'QSpyRecords::QS_QF_TIMEEVT_ARM' (line 112, file C:\qp_lab\qpc\include\qs.h) not referenced
"C:\qp_lab\qpc\include\qs.h" 113 1 Info 769: global enumeration constant 'QSpyRecords::QS_QF_TIMEEVT_AUTO_DISARM' (line 113, file C:\qp_lab\qpc\include\qs.h) not referenced
"C:\qp_lab\qpc\include\qs.h" 114 1 Info 769: global enumeration constant 'QSpyRecords::QS_QF_TIMEEVT_DISARM_ATTEMPT' (line 114, file C:\qp_lab\qpc\include\qs.h) not referenced
"C:\qp_lab\qpc\include\qs.h" 115 1 Info 769: global enumeration constant 'QSpyRecords::QS_QF_TIMEEVT_DISARM' (line 115, file C:\qp_lab\qpc\include\qs.h) not referenced
"C:\qp_lab\qpc\include\qs.h" 116 1 Info 769: global enumeration constant 'QSpyRecords::QS_QF_TIMEEVT_REARM' (line 116, file C:\qp_lab\qpc\include\qs.h) not referenced
"C:\qp_lab\qpc\include\qs.h" 117 1 Info 769: global enumeration constant 'QSpyRecords::QS_QF_TIMEEVT_POST' (line 117, file C:\qp_lab\qpc\include\qs.h) not referenced
"C:\qp_lab\qpc\include\qs.h" 120 1 Info 769: global enumeration constant 'QSpyRecords::QS_QF_DELETE_REF' (line 120, file C:\qp_lab\qpc\include\qs.h) not referenced
"C:\qp_lab\qpc\include\qs.h" 121 1 Info 769: global enumeration constant 'QSpyRecords::QS_QF_CRIT_ENTRY' (line 121, file C:\qp_lab\qpc\include\qs.h) not referenced
"C:\qp_lab\qpc\include\qs.h" 122 1 Info 769: global enumeration constant 'QSpyRecords::QS_QF_CRIT_EXIT' (line 122, file C:\qp_lab\qpc\include\qs.h) not referenced
"C:\qp_lab\qpc\include\qs.h" 123 1 Info 769: global enumeration constant 'QSpyRecords::QS_QF_ISR_ENTRY' (line 123, file C:\qp_lab\qpc\include\qs.h) not referenced
"C:\qp_lab\qpc\include\qs.h" 124 1 Info 769: global enumeration constant 'QSpyRecords::QS_QF_ISR_EXIT' (line 124, file C:\qp_lab\qpc\include\qs.h) not referenced
"C:\qp_lab\qpc\include\qs.h" 125 1 Info 769: global enumeration constant 'QSpyRecords::QS_QF_INT_DISABLE' (line 125, file C:\qp_lab\qpc\include\qs.h) not referenced
"C:\qp_lab\qpc\include\qs.h" 126 1 Info 769: global enumeration constant 'QSpyRecords::QS_QF_INT_ENABLE' (line 126, file C:\qp_lab\qpc\include\qs.h) not referenced
"C:\qp_lab\qpc\include\qs.h" 129 1 Info 769: global enumeration constant 'QSpyRecords::QS_QF_ACTIVE_POST_ATTEMPT' (line 129, file C:\qp_lab\qpc\include\qs.h) not referenced
"C:\qp_lab\qpc\include\qs.h" 132 1 Info 769: global enumeration constant 'QSpyRecords::QS_QF_EQUEUE_POST_ATTEMPT' (line 132, file C:\qp_lab\qpc\include\qs.h) not referenced
"C:\qp_lab\qpc\include\qs.h" 135 1 Info 769: global enumeration constant 'QSpyRecords::QS_QF_MPOOL_GET_ATTEMPT' (line 135, file C:\qp_lab\qpc\include\qs.h) not referenced
"C:\qp_lab\qpc\include\qs.h" 138 1 Info 769: global enumeration constant 'QSpyRecords::QS_MUTEX_LOCK' (line 138, file C:\qp_lab\qpc\include\qs.h) not referenced
"C:\qp_lab\qpc\include\qs.h" 139 1 Info 769: global enumeration constant 'QSpyRecords::QS_MUTEX_UNLOCK' (line 139, file C:\qp_lab\qpc\include\qs.h) not referenced
"C:\qp_lab\qpc\include\qs.h" 147 1 Info 769: global enumeration constant 'QSpyRecords::QS_QEP_TRAN_HIST' (line 147, file C:\qp_lab\qpc\include\qs.h) not referenced
"C:\qp_lab\qpc\include\qs.h" 148 1 Info 769: global enumeration constant 'QSpyRecords::QS_QEP_TRAN_EP' (line 148, file C:\qp_lab\qpc\include\qs.h) not referenced
"C:\qp_lab\qpc\include\qs.h" 149 1 Info 769: global enumeration constant 'QSpyRecords::QS_QEP_TRAN_XP' (line 149, file C:\qp_lab\qpc\include\qs.h) not referenced
"C:\qp_lab\qpc\include\qs.h" 152 1 Info 769: global enumeration constant 'QSpyRecords::QS_TEST_PAUSED' (line 152, file C:\qp_lab\qpc\include\qs.h) not referenced
"C:\qp_lab\qpc\include\qs.h" 153 1 Info 769: global enumeration constant 'QSpyRecords::QS_TEST_PROBE_GET' (line 153, file C:\qp_lab\qpc\include\qs.h) not referenced
"C:\qp_lab\qpc\include\qs.h" 154 1 Info 769: global enumeration constant 'QSpyRecords::QS_SIG_DICT' (line 154, file C:\qp_lab\qpc\include\qs.h) not referenced
"C:\qp_lab\qpc\include\qs.h" 155 1 Info 769: global enumeration constant 'QSpyRecords::QS_OBJ_DICT' (line 155, file C:\qp_lab\qpc\include\qs.h) not referenced
"C:\qp_lab\qpc\include\qs.h" 156 1 Info 769: global enumeration constant 'QSpyRecords::QS_FUN_DICT' (line 156, file C:\qp_lab\qpc\include\qs.h) not referenced
"C:\qp_lab\qpc\include\qs.h" 157 1 Info 769: global enumeration constant 'QSpyRecords::QS_USR_DICT' (line 157, file C:\qp_lab\qpc\include\qs.h) not referenced
"C:\qp_lab\qpc\include\qs.h" 158 1 Info 769: global enumeration constant 'QSpyRecords::QS_TARGET_INFO' (line 158, file C:\qp_lab\qpc\include\qs.h) not referenced
"C:\qp_lab\qpc\include\qs.h" 159 1 Info 769: global enumeration constant 'QSpyRecords::QS_TARGET_DONE' (line 159, file C:\qp_lab\qpc\include\qs.h) not referenced
"C:\qp_lab\qpc\include\qs.h" 160 1 Info 769: global enumeration constant 'QSpyRecords::QS_RX_STATUS' (line 160, file C:\qp_lab\qpc\include\qs.h) not referenced
"C:\qp_lab\qpc\include\qs.h" 161 1 Info 769: global enumeration constant 'QSpyRecords::QS_MSC_RESERVED1' (line 161, file C:\qp_lab\qpc\include\qs.h) not referenced
"C:\qp_lab\qpc\include\qs.h" 162 1 Info 769: global enumeration constant 'QSpyRecords::QS_PEEK_DATA' (line 162, file C:\qp_lab\qpc\include\qs.h) not referenced
"C:\qp_lab\qpc\include\qs.h" 163 1 Info 769: global enumeration constant 'QSpyRecords::QS_ASSERT_FAIL' (line 163, file C:\qp_lab\qpc\include\qs.h) not referenced
"C:\qp_lab\qpc\include\qs.h" 171 1 Info 769: global enumeration constant 'QSpyRecordGroups::QS_ALL_RECORDS' (line 171, file C:\qp_lab\qpc\include\qs.h) not referenced
"C:\qp_lab\qpc\include\qs.h" 172 1 Info 769: global enumeration constant 'QSpyRecordGroups::QS_SM_RECORDS' (line 172, file C:\qp_lab\qpc\include\qs.h) not referenced
"C:\qp_lab\qpc\include\qs.h" 173 1 Info 769: global enumeration constant 'QSpyRecordGroups::QS_AO_RECORDS' (line 173, file C:\qp_lab\qpc\include\qs.h) not referenced
"C:\qp_lab\qpc\include\qs.h" 174 1 Info 769: global enumeration constant 'QSpyRecordGroups::QS_EQ_RECORDS' (line 174, file C:\qp_lab\qpc\include\qs.h) not referenced
"C:\qp_lab\qpc\include\qs.h" 175 1 Info 769: global enumeration constant 'QSpyRecordGroups::QS_MP_RECORDS' (line 175, file C:\qp_lab\qpc\include\qs.h) not referenced
"C:\qp_lab\qpc\include\qs.h" 176 1 Info 769: global enumeration constant 'QSpyRecordGroups::QS_TE_RECORDS' (line 176, file C:\qp_lab\qpc\include\qs.h) not referenced
"C:\qp_lab\qpc\include\qs.h" 177 1 Info 769: global enumeration constant 'QSpyRecordGroups::QS_QF_RECORDS' (line 177, file C:\qp_lab\qpc\include\qs.h) not referenced
"C:\qp_lab\qpc\include\qs.h" 178 1 Info 769: global enumeration constant 'QSpyRecordGroups::QS_SC_RECORDS' (line 178, file C:\qp_lab\qpc\include\qs.h) not referenced
"C:\qp_lab\qpc\include\qs.h" 179 1 Info 769: global enumeration constant 'QSpyRecordGroups::QS_U0_RECORDS' (line 179, file C:\qp_lab\qpc\include\qs.h) not referenced
"C:\qp_lab\qpc\include\qs.h" 180 1 Info 769: global enumeration constant 'QSpyRecordGroups::QS_U1_RECORDS' (line 180, file C:\qp_lab\qpc\include\qs.h) not referenced
"C:\qp_lab\qpc\include\qs.h" 181 1 Info 769: global enumeration constant 'QSpyRecordGroups::QS_U2_RECORDS' (line 181, file C:\qp_lab\qpc\include\qs.h) not referenced
"C:\qp_lab\qpc\include\qs.h" 182 1 Info 769: global enumeration constant 'QSpyRecordGroups::QS_U3_RECORDS' (line 182, file C:\qp_lab\qpc\include\qs.h) not referenced
"C:\qp_lab\qpc\include\qs.h" 183 1 Info 769: global enumeration constant 'QSpyRecordGroups::QS_U4_RECORDS' (line 183, file C:\qp_lab\qpc\include\qs.h) not referenced
"C:\qp_lab\qpc\include\qs.h" 184 1 Info 769: global enumeration constant 'QSpyRecordGroups::QS_UA_RECORDS' (line 184, file C:\qp_lab\qpc\include\qs.h) not referenced
"C:\qp_lab\qpc\include\qs.h" 192 1 Info 769: global enumeration constant 'QSpyUserRecords::QS_USER3' (line 192, file C:\qp_lab\qpc\include\qs.h) not referenced
"C:\qp_lab\qpc\include\qs.h" 796 1 Info 769: global enumeration constant 'QS_I8_T' (line 796, file C:\qp_lab\qpc\include\qs.h) not referenced
"C:\qp_lab\qpc\include\qs.h" 797 1 Info 769: global enumeration constant 'QS_U8_T' (line 797, file C:\qp_lab\qpc\include\qs.h) not referenced
"C:\qp_lab\qpc\include\qs.h" 798 1 Info 769: global enumeration constant 'QS_I16_T' (line 798, file C:\qp_lab\qpc\include\qs.h) not referenced
"C:\qp_lab\qpc\include\qs.h" 799 1 Info 769: global enumeration constant 'QS_U16_T' (line 799, file C:\qp_lab\qpc\include\qs.h) not referenced
"C:\qp_lab\qpc\include\qs.h" 800 1 Info 769: global enumeration constant 'QS_I32_T' (line 800, file C:\qp_lab\qpc\include\qs.h) not referenced
"C:\qp_lab\qpc\include\qs.h" 801 1 Info 769: global enumeration constant 'QS_U32_T' (line 801, file C:\qp_lab\qpc\include\qs.h) not referenced
"C:\qp_lab\qpc\include\qs.h" 802 1 Info 769: global enumeration constant 'QS_F32_T' (line 802, file C:\qp_lab\qpc\include\qs.h) not referenced
"C:\qp_lab\qpc\include\qs.h" 803 1 Info 769: global enumeration constant 'QS_F64_T' (line 803, file C:\qp_lab\qpc\include\qs.h) not referenced
"C:\qp_lab\qpc\include\qs.h" 804 1 Info 769: global enumeration constant 'QS_STR_T' (line 804, file C:\qp_lab\qpc\include\qs.h) not referenced
"C:\qp_lab\qpc\include\qs.h" 805 1 Info 769: global enumeration constant 'QS_MEM_T' (line 805, file C:\qp_lab\qpc\include\qs.h) not referenced
"C:\qp_lab\qpc\include\qs.h" 806 1 Info 769: global enumeration constant 'QS_SIG_T' (line 806, file C:\qp_lab\qpc\include\qs.h) not referenced
"C:\qp_lab\qpc\include\qs.h" 807 1 Info 769: global enumeration constant 'QS_OBJ_T' (line 807, file C:\qp_lab\qpc\include\qs.h) not referenced
"C:\qp_lab\qpc\include\qs.h" 808 1 Info 769: global enumeration constant 'QS_FUN_T' (line 808, file C:\qp_lab\qpc\include\qs.h) not referenced
"C:\qp_lab\qpc\include\qs.h" 809 1 Info 769: global enumeration constant 'QS_I64_T' (line 809, file C:\qp_lab\qpc\include\qs.h) not referenced
"C:\qp_lab\qpc\include\qs.h" 810 1 Info 769: global enumeration constant 'QS_U64_T' (line 810, file C:\qp_lab\qpc\include\qs.h) not referenced
"C:\qp_lab\qpc\include\qs.h" 811 1 Info 769: global enumeration constant 'QS_U32_HEX_T' (line 811, file C:\qp_lab\qpc\include\qs.h) not referenced
"C:\qp_lab\qpc\include\qs.h" 1078 1 Info 769: global enumeration constant 'QSpyObjKind::SM_OBJ' (line 1078, file C:\qp_lab\qpc\include\qs.h) not referenced
"C:\qp_lab\qpc\include\qs.h" 1080 1 Info 769: global enumeration constant 'QSpyObjKind::MP_OBJ' (line 1080, file C:\qp_lab\qpc\include\qs.h) not referenced
"C:\qp_lab\qpc\include\qs.h" 1081 1 Info 769: global enumeration constant 'QSpyObjKind::EQ_OBJ' (line 1081, file C:\qp_lab\qpc\include\qs.h) not referenced
"C:\qp_lab\qpc\include\qs.h" 1082 1 Info 769: global enumeration constant 'QSpyObjKind::TE_OBJ' (line 1082, file C:\qp_lab\qpc\include\qs.h) not referenced
"C:\qp_lab\qpc\include\qs.h" 1083 1 Info 769: global enumeration constant 'QSpyObjKind::AP_OBJ' (line 1083, file C:\qp_lab\qpc\include\qs.h) not referenced
"C:\qp_lab\qpc\include\qs.h" 1088 1 Info 769: global enumeration constant 'OSpyObjCombnation::SM_AO_OBJ' (line 1088, file C:\qp_lab\qpc\include\qs.h) not referenced
"C:\qp_lab\qpc\include\qs.h" 1095 1 Info 768: global struct member 'QSPriv::buf' (line 1095, file C:\qp_lab\qpc\include\qs.h) not referenced
"C:\qp_lab\qpc\include\qs.h" 1096 1 Info 768: global struct member 'QSPriv::end' (line 1096, file C:\qp_lab\qpc\include\qs.h) not referenced
"C:\qp_lab\qpc\include\qs.h" 1097 1 Info 768: global struct member 'QSPriv::head' (line 1097, file C:\qp_lab\qpc\include\qs.h) not referenced
"C:\qp_lab\qpc\include\qs.h" 1098 1 Info 768: global struct member 'QSPriv::tail' (line 1098, file C:\qp_lab\qpc\include\qs.h) not referenced
"C:\qp_lab\qpc\include\qs.h" 1099 1 Info 768: global struct member 'QSPriv::used' (line 1099, file C:\qp_lab\qpc\include\qs.h) not referenced
"C:\qp_lab\qpc\include\qs.h" 1100 1 Info 768: global struct member 'QSPriv::seq' (line 1100, file C:\qp_lab\qpc\include\qs.h) not referenced
"C:\qp_lab\qpc\include\qs.h" 1101 1 Info 768: global struct member 'QSPriv::chksum' (line 1101, file C:\qp_lab\qpc\include\qs.h) not referenced
"C:\qp_lab\qpc\include\qs.h" 1103 1 Info 768: global struct member 'QSPriv::critNest' (line 1103, file C:\qp_lab\qpc\include\qs.h) not referenced
"C:\qp_lab\qpc\include\qs.h" 1118 1 Info 769: global enumeration constant 'QSpyRxRecords::QS_RX_INFO' (line 1118, file C:\qp_lab\qpc\include\qs.h) not referenced
"C:\qp_lab\qpc\include\qs.h" 1119 1 Info 769: global enumeration constant 'QSpyRxRecords::QS_RX_COMMAND' (line 1119, file C:\qp_lab\qpc\include\qs.h) not referenced
"C:\qp_lab\qpc\include\qs.h" 1120 1 Info 769: global enumeration constant 'QSpyRxRecords::QS_RX_RESET' (line 1120, file C:\qp_lab\qpc\include\qs.h) not referenced
"C:\qp_lab\qpc\include\qs.h" 1121 1 Info 769: global enumeration constant 'QSpyRxRecords::QS_RX_TICK' (line 1121, file C:\qp_lab\qpc\include\qs.h) not referenced
"C:\qp_lab\qpc\include\qs.h" 1122 1 Info 769: global enumeration constant 'QSpyRxRecords::QS_RX_PEEK' (line 1122, file C:\qp_lab\qpc\include\qs.h) not referenced
"C:\qp_lab\qpc\include\qs.h" 1123 1 Info 769: global enumeration constant 'QSpyRxRecords::QS_RX_POKE' (line 1123, file C:\qp_lab\qpc\include\qs.h) not referenced
"C:\qp_lab\qpc\include\qs.h" 1124 1 Info 769: global enumeration constant 'QSpyRxRecords::QS_RX_FILL' (line 1124, file C:\qp_lab\qpc\include\qs.h) not referenced
"C:\qp_lab\qpc\include\qs.h" 1125 1 Info 769: global enumeration constant 'QSpyRxRecords::QS_RX_TEST_SETUP' (line 1125, file C:\qp_lab\qpc\include\qs.h) not referenced
"C:\qp_lab\qpc\include\qs.h" 1126 1 Info 769: global enumeration constant 'QSpyRxRecords::QS_RX_TEST_TEARDOWN' (line 1126, file C:\qp_lab\qpc\include\qs.h) not referenced
"C:\qp_lab\qpc\include\qs.h" 1127 1 Info 769: global enumeration constant 'QSpyRxRecords::QS_RX_TEST_PROBE' (line 1127, file C:\qp_lab\qpc\include\qs.h) not referenced
"C:\qp_lab\qpc\include\qs.h" 1128 1 Info 769: global enumeration constant 'QSpyRxRecords::QS_RX_GLB_FILTER' (line 1128, file C:\qp_lab\qpc\include\qs.h) not referenced
"C:\qp_lab\qpc\include\qs.h" 1129 1 Info 769: global enumeration constant 'QSpyRxRecords::QS_RX_LOC_FILTER' (line 1129, file C:\qp_lab\qpc\include\qs.h) not referenced
"C:\qp_lab\qpc\include\qs.h" 1130 1 Info 769: global enumeration constant 'QSpyRxRecords::QS_RX_AO_FILTER' (line 1130, file C:\qp_lab\qpc\include\qs.h) not referenced
"C:\qp_lab\qpc\include\qs.h" 1131 1 Info 769: global enumeration constant 'QSpyRxRecords::QS_RX_CURR_OBJ' (line 1131, file C:\qp_lab\qpc\include\qs.h) not referenced
"C:\qp_lab\qpc\include\qs.h" 1132 1 Info 769: global enumeration constant 'QSpyRxRecords::QS_RX_TEST_CONTINUE' (line 1132, file C:\qp_lab\qpc\include\qs.h) not referenced
"C:\qp_lab\qpc\include\qs.h" 1133 1 Info 769: global enumeration constant 'QSpyRxRecords::QS_RX_RESERVED1' (line 1133, file C:\qp_lab\qpc\include\qs.h) not referenced
"C:\qp_lab\qpc\include\qs.h" 1134 1 Info 769: global enumeration constant 'QSpyRxRecords::QS_RX_EVENT' (line 1134, file C:\qp_lab\qpc\include\qs.h) not referenced
"C:\qp_lab\qpc\include\qs.h" 1145 1 Info 768: global struct member 'QSrxPriv::currObj' (line 1145, file C:\qp_lab\qpc\include\qs.h) not referenced
"C:\qp_lab\qpc\include\qs.h" 1146 1 Info 768: global struct member 'QSrxPriv::buf' (line 1146, file C:\qp_lab\qpc\include\qs.h) not referenced
"C:\qp_lab\qpc\include\qs.h" 1147 1 Info 768: global struct member 'QSrxPriv::end' (line 1147, file C:\qp_lab\qpc\include\qs.h) not referenced
"C:\qp_lab\qpc\include\qs.h" 1148 1 Info 768: global struct member 'QSrxPriv::head' (line 1148, file C:\qp_lab\qpc\include\qs.h) not referenced
"C:\qp_lab\qpc\include\qs.h" 1149 1 Info 768: global struct member 'QSrxPriv::tail' (line 1149, file C:\qp_lab\qpc\include\qs.h) not referenced
 Note 900: Successful completion, 570 messages produced

Count   Type    Number  Text

30      Warning 526     Symbol '___' (___) not defined
7       Info    714     Symbol '___' (___) not referenced
151     Info    755     global macro '___' (___) not referenced
13      Info    756     global typedef '___' (___) not referenced
73      Info    757     global declarator '___' (___) not referenced
7       Info    758     global ___ '___' (___) not referenced
55      Info    768     global struct member '___' (___) not referenced
136     Info    769     global enumeration constant '___' (___) not referenced
1       Note    900     Successful completion, ___ messages produced
98      Note    960     Violates MISRA 2004 Required Rule ___, ___
