
--- Module:   C:\qp_lab\qpc\src\qf\qep_hsm.c (C)

--- Module:   C:\qp_lab\qpc\src\qf\qep_msm.c (C)

--- Module:   C:\qp_lab\qpc\src\qf\qf_act.c (C)

--- Module:   C:\qp_lab\qpc\src\qf\qf_actq.c (C)

--- Module:   C:\qp_lab\qpc\src\qf\qf_defer.c (C)

--- Module:   C:\qp_lab\qpc\src\qf\qf_dyn.c (C)

--- Module:   C:\qp_lab\qpc\src\qf\qf_mem.c (C)

--- Module:   C:\qp_lab\qpc\src\qf\qf_ps.c (C)

--- Module:   C:\qp_lab\qpc\src\qf\qf_qact.c (C)

--- Module:   C:\qp_lab\qpc\src\qf\qf_qeq.c (C)

--- Module:   C:\qp_lab\qpc\src\qf\qf_qmact.c (C)

--- Module:   C:\qp_lab\qpc\src\qf\qf_time.c (C)

/// Start of Pass 2 ///

--- Module:   C:\qp_lab\qpc\src\qf\qep_hsm.c (C)

--- Module:   C:\qp_lab\qpc\src\qf\qep_msm.c (C)

--- Module:   C:\qp_lab\qpc\src\qf\qf_act.c (C)

--- Module:   C:\qp_lab\qpc\src\qf\qf_actq.c (C)

--- Module:   C:\qp_lab\qpc\src\qf\qf_defer.c (C)

--- Module:   C:\qp_lab\qpc\src\qf\qf_dyn.c (C)

--- Module:   C:\qp_lab\qpc\src\qf\qf_mem.c (C)

--- Module:   C:\qp_lab\qpc\src\qf\qf_ps.c (C)

--- Module:   C:\qp_lab\qpc\src\qf\qf_qact.c (C)

--- Module:   C:\qp_lab\qpc\src\qf\qf_qeq.c (C)

--- Module:   C:\qp_lab\qpc\src\qf\qf_qmact.c (C)

--- Module:   C:\qp_lab\qpc\src\qf\qf_time.c (C)

--- Global Wrap-up

"C:\qp_lab\qpc\ports\lint\qv\qf_port.h" 212 1 Info 757: global declarator 'intEnable(void)' (line 212, file C:\qp_lab\qpc\ports\lint\qv\qf_port.h) not referenced
 Note 960: Violates MISRA 2004 Required Rule 8.9, undefined symbol: 'intEnable' 
"C:\qp_lab\qpc\include\qf.h" 61 1 Info 756: global typedef 'QEvtSize' (line 61, file C:\qp_lab\qpc\include\qf.h) not referenced
"C:\qp_lab\qpc\include\qs.h" 289 1 Info 757: global declarator 'QS_mem(const uint8_t *, uint8_t)' (line 289, file C:\qp_lab\qpc\include\qs.h) not referenced
 Note 960: Violates MISRA 2004 Required Rule 8.9, undefined symbol: 'QS_mem' 
"C:\qp_lab\qpc\ports\lint\stdint.h" 31 1 Info 756: global typedef 'uint64_t' (line 31, file C:\qp_lab\qpc\ports\lint\stdint.h) not referenced
"C:\qp_lab\qpc\ports\lint\stdint.h" 26 1 Info 756: global typedef 'int64_t' (line 26, file C:\qp_lab\qpc\ports\lint\stdint.h) not referenced
"C:\qp_lab\qpc\src\qf\qf_actq.c" 412 1 Info 759: header declaration for symbol 'QTicker_ctor(QTicker *, uint8_t)' defined at (line 412, file C:\qp_lab\qpc\src\qf\qf_actq.c) could be moved from header to module
"C:\qp_lab\qpc\src\qf\qf_actq.c" 412 1 Info 765: external 'QTicker_ctor(QTicker *, uint8_t)' (line 412, file C:\qp_lab\qpc\src\qf\qf_actq.c) could be made static [MISRA 2004 Rule 8.10, required]
"C:\qp_lab\qpc\src\qf\qf_actq.c" 412 1 Info 714: Symbol 'QTicker_ctor(QTicker *, uint8_t)' (line 412, file C:\qp_lab\qpc\src\qf\qf_actq.c) not referenced
"C:\qp_lab\qpc\src\qf\qf_qmact.c" 67 1 Info 759: header declaration for symbol 'QMActive_ctor(QMActive *, QStateHandler)' defined at (line 67, file C:\qp_lab\qpc\src\qf\qf_qmact.c) could be moved from header to module
"C:\qp_lab\qpc\src\qf\qf_qmact.c" 67 1 Info 765: external 'QMActive_ctor(QMActive *, QStateHandler)' (line 67, file C:\qp_lab\qpc\src\qf\qf_qmact.c) could be made static [MISRA 2004 Rule 8.10, required]
"C:\qp_lab\qpc\src\qf\qf_qmact.c" 67 1 Info 714: Symbol 'QMActive_ctor(QMActive *, QStateHandler)' (line 67, file C:\qp_lab\qpc\src\qf\qf_qmact.c) not referenced
"C:\qp_lab\qpc\include\qs.h" 304 1 Info 757: global declarator 'QS_obj_dict(const void *, const char_t *)' (line 304, file C:\qp_lab\qpc\include\qs.h) not referenced
 Note 960: Violates MISRA 2004 Required Rule 8.9, undefined symbol: 'QS_obj_dict' 
"C:\qp_lab\qpc\include\qs.h" 345 1 Info 757: global declarator 'QS_onStartup(const void *)' (line 345, file C:\qp_lab\qpc\include\qs.h) not referenced
 Note 960: Violates MISRA 2004 Required Rule 8.9, undefined symbol: 'QS_onStartup' 
"C:\qp_lab\qpc\include\qs.h" 355 1 Info 757: global declarator 'QS_onCleanup(void)' (line 355, file C:\qp_lab\qpc\include\qs.h) not referenced
 Note 960: Violates MISRA 2004 Required Rule 8.9, undefined symbol: 'QS_onCleanup' 
"C:\qp_lab\qpc\include\qs.h" 1181 1 Info 757: global declarator 'QS_onCommand(uint8_t, uint32_t, uint32_t, uint32_t)' (line 1181, file C:\qp_lab\qpc\include\qs.h) not referenced
 Note 960: Violates MISRA 2004 Required Rule 8.9, undefined symbol: 'QS_onCommand' 
"C:\qp_lab\qpc\include\qs.h" 365 1 Info 757: global declarator 'QS_onFlush(void)' (line 365, file C:\qp_lab\qpc\include\qs.h) not referenced
 Note 960: Violates MISRA 2004 Required Rule 8.9, undefined symbol: 'QS_onFlush' 
"C:\qp_lab\qpc\include\qs.h" 385 1 Warning 526: Symbol 'QS_onGetTime(void)' (line 385, file C:\qp_lab\qpc\include\qs.h, module C:\qp_lab\qpc\src\qf\qep_hsm.c) not defined
 Note 960: Violates MISRA 2004 Required Rule 8.9, undefined symbol: 'QS_onGetTime' 
"C:\qp_lab\qpc\include\qs.h" 1178 1 Info 757: global declarator 'QS_onReset(void)' (line 1178, file C:\qp_lab\qpc\include\qs.h) not referenced
 Note 960: Violates MISRA 2004 Required Rule 8.9, undefined symbol: 'QS_onReset' 
"C:\qp_lab\qpc\ports\lint\qv\qf_port.h" 272 1 Warning 526: Symbol 'critEntry(void)' (line 272, file C:\qp_lab\qpc\ports\lint\qv\qf_port.h, module C:\qp_lab\qpc\src\qf\qep_hsm.c) not defined
 Note 960: Violates MISRA 2004 Required Rule 8.9, undefined symbol: 'critEntry' 
"C:\qp_lab\qpc\ports\lint\qv\qf_port.h" 273 1 Warning 526: Symbol 'critExit(crit_stat_t)' (line 273, file C:\qp_lab\qpc\ports\lint\qv\qf_port.h, module C:\qp_lab\qpc\src\qf\qep_hsm.c) not defined
 Note 960: Violates MISRA 2004 Required Rule 8.9, undefined symbol: 'critExit' 
"C:\qp_lab\qpc\ports\lint\stdint.h" 23 1 Info 756: global typedef 'int8_t' (line 23, file C:\qp_lab\qpc\ports\lint\stdint.h) not referenced
"C:\qp_lab\qpc\src\qf\qf_dyn.c" 55 1 Info 729: Symbol 'QF_maxPool_' (line 55, file C:\qp_lab\qpc\src\qf\qf_dyn.c) not explicitly initialized
"C:\qp_lab\qpc\src\qf\qf_ps.c" 55 1 Info 759: header declaration for symbol 'QF_maxPubSignal_' defined at (line 55, file C:\qp_lab\qpc\src\qf\qf_ps.c) could be moved from header to module
"C:\qp_lab\qpc\src\qf\qf_ps.c" 55 1 Info 765: external 'QF_maxPubSignal_' (line 55, file C:\qp_lab\qpc\src\qf\qf_ps.c) could be made static [MISRA 2004 Rule 8.10, required]
"C:\qp_lab\qpc\include\qs.h" 1106 1 Warning 526: Symbol 'QS_priv_' (line 1106, file C:\qp_lab\qpc\include\qs.h, module C:\qp_lab\qpc\src\qf\qep_hsm.c) not defined
"C:\qp_lab\qpc\src\qf\qf_time.c" 202 1 Info 759: header declaration for symbol 'QF_noTimeEvtsActiveX(uint_fast8_t)' defined at (line 202, file C:\qp_lab\qpc\src\qf\qf_time.c) could be moved from header to module
"C:\qp_lab\qpc\src\qf\qf_time.c" 202 1 Info 765: external 'QF_noTimeEvtsActiveX(uint_fast8_t)' (line 202, file C:\qp_lab\qpc\src\qf\qf_time.c) could be made static [MISRA 2004 Rule 8.10, required]
"C:\qp_lab\qpc\src\qf\qf_time.c" 202 1 Info 714: Symbol 'QF_noTimeEvtsActiveX(uint_fast8_t)' (line 202, file C:\qp_lab\qpc\src\qf\qf_time.c) not referenced
"C:\qp_lab\qpc\src\qf\qf_dyn.c" 154 1 Info 759: header declaration for symbol 'QF_newX_(uint_fast16_t, uint_fast16_t, enum_t)' defined at (line 154, file C:\qp_lab\qpc\src\qf\qf_dyn.c) could be moved from header to module
"C:\qp_lab\qpc\src\qf\qf_dyn.c" 154 1 Info 765: external 'QF_newX_(uint_fast16_t, uint_fast16_t, enum_t)' (line 154, file C:\qp_lab\qpc\src\qf\qf_dyn.c) could be made static [MISRA 2004 Rule 8.10, required]
"C:\qp_lab\qpc\src\qf\qf_dyn.c" 154 1 Info 714: Symbol 'QF_newX_(uint_fast16_t, uint_fast16_t, enum_t)' (line 154, file C:\qp_lab\qpc\src\qf\qf_dyn.c) not referenced
"C:\qp_lab\qpc\src\qf\qf_dyn.c" 276 1 Info 759: header declaration for symbol 'QF_newRef_(const QEvt *, const void *)' defined at (line 276, file C:\qp_lab\qpc\src\qf\qf_dyn.c) could be moved from header to module
"C:\qp_lab\qpc\src\qf\qf_dyn.c" 276 1 Info 765: external 'QF_newRef_(const QEvt *, const void *)' (line 276, file C:\qp_lab\qpc\src\qf\qf_dyn.c) could be made static [MISRA 2004 Rule 8.10, required]
"C:\qp_lab\qpc\src\qf\qf_dyn.c" 276 1 Info 714: Symbol 'QF_newRef_(const QEvt *, const void *)' (line 276, file C:\qp_lab\qpc\src\qf\qf_dyn.c) not referenced
"C:\qp_lab\qpc\include\qf.h" 547 1 Info 757: global declarator 'QF_onStartup(void)' (line 547, file C:\qp_lab\qpc\include\qf.h) not referenced
 Note 960: Violates MISRA 2004 Required Rule 8.9, undefined symbol: 'QF_onStartup' 
"C:\qp_lab\qpc\include\qf.h" 563 1 Info 757: global declarator 'QF_onCleanup(void)' (line 563, file C:\qp_lab\qpc\include\qf.h) not referenced
 Note 960: Violates MISRA 2004 Required Rule 8.9, undefined symbol: 'QF_onCleanup' 
"C:\qp_lab\qpc\include\qv.h" 77 1 Info 757: global declarator 'QV_onIdle(void)' (line 77, file C:\qp_lab\qpc\include\qv.h) not referenced
 Note 960: Violates MISRA 2004 Required Rule 8.9, undefined symbol: 'QV_onIdle' 
"C:\qp_lab\qpc\include\qs.h" 249 1 Warning 526: Symbol 'QS_beginRec(uint_fast8_t)' (line 249, file C:\qp_lab\qpc\include\qs.h, module C:\qp_lab\qpc\src\qf\qep_hsm.c) not defined
 Note 960: Violates MISRA 2004 Required Rule 8.9, undefined symbol: 'QS_beginRec' 
"C:\qp_lab\qpc\include\qs.h" 1175 1 Info 757: global declarator 'QS_rxGetNfree(void)' (line 1175, file C:\qp_lab\qpc\include\qs.h) not referenced
 Note 960: Violates MISRA 2004 Required Rule 8.9, undefined symbol: 'QS_rxGetNfree' 
"C:\qp_lab\qpc\include\qs.h" 1138 1 Info 757: global declarator 'QS_rxInitBuf(uint8_t *, uint16_t)' (line 1138, file C:\qp_lab\qpc\include\qs.h) not referenced
 Note 960: Violates MISRA 2004 Required Rule 8.9, undefined symbol: 'QS_rxInitBuf' 
"C:\qp_lab\qpc\include\qs.h" 1141 1 Info 757: global declarator 'QS_rxParse(void)' (line 1141, file C:\qp_lab\qpc\include\qs.h) not referenced
 Note 960: Violates MISRA 2004 Required Rule 8.9, undefined symbol: 'QS_rxParse' 
"C:\qp_lab\qpc\include\qs.h" 1156 1 Info 757: global declarator 'QS_rxPriv_' (line 1156, file C:\qp_lab\qpc\include\qs.h) not referenced
 Note 960: Violates MISRA 2004 Required Rule 8.9, undefined symbol: 'QS_rxPriv_' 
"C:\qp_lab\qpc\src\qf\qf_dyn.c" 328 1 Info 759: header declaration for symbol 'QF_poolGetMaxBlockSize(void)' defined at (line 328, file C:\qp_lab\qpc\src\qf\qf_dyn.c) could be moved from header to module
"C:\qp_lab\qpc\src\qf\qf_dyn.c" 328 1 Info 765: external 'QF_poolGetMaxBlockSize(void)' (line 328, file C:\qp_lab\qpc\src\qf\qf_dyn.c) could be made static [MISRA 2004 Rule 8.10, required]
"C:\qp_lab\qpc\src\qf\qf_dyn.c" 328 1 Info 714: Symbol 'QF_poolGetMaxBlockSize(void)' (line 328, file C:\qp_lab\qpc\src\qf\qf_dyn.c) not referenced
"C:\qp_lab\qpc\src\qf\qf_dyn.c" 112 1 Info 759: header declaration for symbol 'QF_poolInit(void *, uint_fast32_t, uint_fast16_t)' defined at (line 112, file C:\qp_lab\qpc\src\qf\qf_dyn.c) could be moved from header to module
"C:\qp_lab\qpc\src\qf\qf_dyn.c" 112 1 Info 765: external 'QF_poolInit(void *, uint_fast32_t, uint_fast16_t)' (line 112, file C:\qp_lab\qpc\src\qf\qf_dyn.c) could be made static [MISRA 2004 Rule 8.10, required]
"C:\qp_lab\qpc\src\qf\qf_dyn.c" 112 1 Info 714: Symbol 'QF_poolInit(void *, uint_fast32_t, uint_fast16_t)' (line 112, file C:\qp_lab\qpc\src\qf\qf_dyn.c) not referenced
"C:\qp_lab\qpc\src\qf\qf_ps.c" 86 1 Info 759: header declaration for symbol 'QF_psInit(QSubscrList *, enum_t)' defined at (line 86, file C:\qp_lab\qpc\src\qf\qf_ps.c) could be moved from header to module
"C:\qp_lab\qpc\src\qf\qf_ps.c" 86 1 Info 765: external 'QF_psInit(QSubscrList *, enum_t)' (line 86, file C:\qp_lab\qpc\src\qf\qf_ps.c) could be made static [MISRA 2004 Rule 8.10, required]
"C:\qp_lab\qpc\src\qf\qf_ps.c" 86 1 Info 714: Symbol 'QF_psInit(QSubscrList *, enum_t)' (line 86, file C:\qp_lab\qpc\src\qf\qf_ps.c) not referenced
"C:\qp_lab\qpc\src\qf\qf_ps.c" 122 1 Info 759: header declaration for symbol 'QF_publish_(const QEvt *, const void *)' defined at (line 122, file C:\qp_lab\qpc\src\qf\qf_ps.c) could be moved from header to module
"C:\qp_lab\qpc\src\qf\qf_ps.c" 122 1 Info 765: external 'QF_publish_(const QEvt *, const void *)' (line 122, file C:\qp_lab\qpc\src\qf\qf_ps.c) could be made static [MISRA 2004 Rule 8.10, required]
"C:\qp_lab\qpc\src\qf\qf_ps.c" 122 1 Info 714: Symbol 'QF_publish_(const QEvt *, const void *)' (line 122, file C:\qp_lab\qpc\src\qf\qf_ps.c) not referenced
"C:\qp_lab\qpc\src\qf\qep_hsm.c" 52 1 Info 759: header declaration for symbol 'QP_versionStr' defined at (line 52, file C:\qp_lab\qpc\src\qf\qep_hsm.c) could be moved from header to module
"C:\qp_lab\qpc\src\qf\qep_hsm.c" 52 1 Info 765: external 'QP_versionStr' (line 52, file C:\qp_lab\qpc\src\qf\qep_hsm.c) could be made static [MISRA 2004 Rule 8.10, required]
"C:\qp_lab\qpc\src\qf\qep_hsm.c" 52 1 Info 714: Symbol 'QP_versionStr' (line 52, file C:\qp_lab\qpc\src\qf\qep_hsm.c) not referenced
"C:\qp_lab\qpc\include\qs.h" 267 1 Info 757: global declarator 'QS_str_(const char_t *)' (line 267, file C:\qp_lab\qpc\include\qs.h) not referenced
 Note 960: Violates MISRA 2004 Required Rule 8.9, undefined symbol: 'QS_str_' 
"C:\qp_lab\qpc\include\qs.h" 286 1 Info 757: global declarator 'QS_str(const char_t *)' (line 286, file C:\qp_lab\qpc\include\qs.h) not referenced
 Note 960: Violates MISRA 2004 Required Rule 8.9, undefined symbol: 'QS_str' 
"C:\qp_lab\qpc\include\qs.h" 300 1 Info 757: global declarator 'QS_sig_dict(enum_t, const void *, const char_t *)' (line 300, file C:\qp_lab\qpc\include\qs.h) not referenced
 Note 960: Violates MISRA 2004 Required Rule 8.9, undefined symbol: 'QS_sig_dict' 
"C:\qp_lab\qpc\src\qf\qf_act.c" 69 1 Info 759: header declaration for symbol 'QF_add_(struct QActive *)' defined at (line 69, file C:\qp_lab\qpc\src\qf\qf_act.c) could be moved from header to module
"C:\qp_lab\qpc\src\qf\qf_act.c" 69 1 Info 765: external 'QF_add_(struct QActive *)' (line 69, file C:\qp_lab\qpc\src\qf\qf_act.c) could be made static [MISRA 2004 Rule 8.10, required]
"C:\qp_lab\qpc\src\qf\qf_act.c" 69 1 Info 714: Symbol 'QF_add_(struct QActive *)' (line 69, file C:\qp_lab\qpc\src\qf\qf_act.c) not referenced
"C:\qp_lab\qpc\include\qv.h" 107 1 Warning 526: Symbol 'QV_readySet_' (line 107, file C:\qp_lab\qpc\include\qv.h, module C:\qp_lab\qpc\src\qf\qep_hsm.c) not defined
 Note 960: Violates MISRA 2004 Required Rule 8.9, undefined symbol: 'QV_readySet_' 
"C:\qp_lab\qpc\src\qf\qf_act.c" 102 1 Info 759: header declaration for symbol 'QF_remove_(struct QActive *)' defined at (line 102, file C:\qp_lab\qpc\src\qf\qf_act.c) could be moved from header to module
"C:\qp_lab\qpc\src\qf\qf_act.c" 102 1 Info 765: external 'QF_remove_(struct QActive *)' (line 102, file C:\qp_lab\qpc\src\qf\qf_act.c) could be made static [MISRA 2004 Rule 8.10, required]
"C:\qp_lab\qpc\src\qf\qf_act.c" 102 1 Info 714: Symbol 'QF_remove_(struct QActive *)' (line 102, file C:\qp_lab\qpc\src\qf\qf_act.c) not referenced
"C:\qp_lab\qpc\include\qf.h" 534 1 Info 757: global declarator 'QF_run(void)' (line 534, file C:\qp_lab\qpc\include\qf.h) not referenced
 Note 960: Violates MISRA 2004 Required Rule 8.9, undefined symbol: 'QF_run' 
"C:\qp_lab\qpc\include\qs.h" 252 1 Warning 526: Symbol 'QS_endRec(void)' (line 252, file C:\qp_lab\qpc\include\qs.h, module C:\qp_lab\qpc\src\qf\qep_hsm.c) not defined
 Note 960: Violates MISRA 2004 Required Rule 8.9, undefined symbol: 'QS_endRec' 
"C:\qp_lab\qpc\include\qs.h" 274 1 Info 757: global declarator 'QS_u16(uint8_t, uint16_t)' (line 274, file C:\qp_lab\qpc\include\qs.h) not referenced
 Note 960: Violates MISRA 2004 Required Rule 8.9, undefined symbol: 'QS_u16' 
"C:\qp_lab\qpc\include\qs.h" 261 1 Warning 526: Symbol 'QS_u16_(uint16_t)' (line 261, file C:\qp_lab\qpc\include\qs.h, module C:\qp_lab\qpc\src\qf\qep_hsm.c) not defined
 Note 960: Violates MISRA 2004 Required Rule 8.9, undefined symbol: 'QS_u16_' 
"C:\qp_lab\qpc\include\qs.h" 277 1 Info 757: global declarator 'QS_u32(uint8_t, uint32_t)' (line 277, file C:\qp_lab\qpc\include\qs.h) not referenced
 Note 960: Violates MISRA 2004 Required Rule 8.9, undefined symbol: 'QS_u32' 
"C:\qp_lab\qpc\include\qs.h" 264 1 Warning 526: Symbol 'QS_u32_(uint32_t)' (line 264, file C:\qp_lab\qpc\include\qs.h, module C:\qp_lab\qpc\src\qf\qep_hsm.c) not defined
 Note 960: Violates MISRA 2004 Required Rule 8.9, undefined symbol: 'QS_u32_' 
"C:\qp_lab\qpc\include\qs.h" 271 1 Info 757: global declarator 'QS_u8(uint8_t, uint8_t)' (line 271, file C:\qp_lab\qpc\include\qs.h) not referenced
 Note 960: Violates MISRA 2004 Required Rule 8.9, undefined symbol: 'QS_u8' 
"C:\qp_lab\qpc\include\qs.h" 255 1 Warning 526: Symbol 'QS_u8_(uint8_t)' (line 255, file C:\qp_lab\qpc\include\qs.h, module C:\qp_lab\qpc\src\qf\qep_hsm.c) not defined
 Note 960: Violates MISRA 2004 Required Rule 8.9, undefined symbol: 'QS_u8_' 
"C:\qp_lab\qpc\include\qs.h" 258 1 Warning 526: Symbol 'QS_u8u8_(uint8_t, uint8_t)' (line 258, file C:\qp_lab\qpc\include\qs.h, module C:\qp_lab\qpc\src\qf\qep_hsm.c) not defined
 Note 960: Violates MISRA 2004 Required Rule 8.9, undefined symbol: 'QS_u8u8_' 
"C:\qp_lab\qpc\include\qs.h" 312 1 Info 757: global declarator 'QS_usr_dict(enum_t, const char_t *)' (line 312, file C:\qp_lab\qpc\include\qs.h) not referenced
 Note 960: Violates MISRA 2004 Required Rule 8.9, undefined symbol: 'QS_usr_dict' 
"C:\qp_lab\qpc\src\qf\qf_defer.c" 77 1 Info 759: header declaration for symbol 'QActive_defer(const struct QActive *, struct QEQueue *, const QEvt *)' defined at (line 77, file C:\qp_lab\qpc\src\qf\qf_defer.c) could be moved from header to module
"C:\qp_lab\qpc\src\qf\qf_defer.c" 77 1 Info 765: external 'QActive_defer(const struct QActive *, struct QEQueue *, const QEvt *)' (line 77, file C:\qp_lab\qpc\src\qf\qf_defer.c) could be made static [MISRA 2004 Rule 8.10, required]
"C:\qp_lab\qpc\src\qf\qf_defer.c" 77 1 Info 714: Symbol 'QActive_defer(const struct QActive *, struct QEQueue *, const QEvt *)' (line 77, file C:\qp_lab\qpc\src\qf\qf_defer.c) not referenced
"C:\qp_lab\qpc\src\qf\qf_defer.c" 187 1 Info 759: header declaration for symbol 'QActive_flushDeferred(const struct QActive *, struct QEQueue *)' defined at (line 187, file C:\qp_lab\qpc\src\qf\qf_defer.c) could be moved from header to module
"C:\qp_lab\qpc\src\qf\qf_defer.c" 187 1 Info 765: external 'QActive_flushDeferred(const struct QActive *, struct QEQueue *)' (line 187, file C:\qp_lab\qpc\src\qf\qf_defer.c) could be made static [MISRA 2004 Rule 8.10, required]
"C:\qp_lab\qpc\src\qf\qf_defer.c" 187 1 Info 714: Symbol 'QActive_flushDeferred(const struct QActive *, struct QEQueue *)' (line 187, file C:\qp_lab\qpc\src\qf\qf_defer.c) not referenced
"C:\qp_lab\qpc\src\qf\qf_actq.c" 304 1 Info 759: header declaration for symbol 'QActive_get_(struct QActive *)' defined at (line 304, file C:\qp_lab\qpc\src\qf\qf_actq.c) could be moved from header to module
"C:\qp_lab\qpc\src\qf\qf_actq.c" 304 1 Info 765: external 'QActive_get_(struct QActive *)' (line 304, file C:\qp_lab\qpc\src\qf\qf_actq.c) could be made static [MISRA 2004 Rule 8.10, required]
"C:\qp_lab\qpc\src\qf\qf_actq.c" 304 1 Info 714: Symbol 'QActive_get_(struct QActive *)' (line 304, file C:\qp_lab\qpc\src\qf\qf_actq.c) not referenced
"C:\qp_lab\qpc\src\qf\qf_defer.c" 118 1 Info 759: header declaration for symbol 'QActive_recall(struct QActive *, struct QEQueue *)' defined at (line 118, file C:\qp_lab\qpc\src\qf\qf_defer.c) could be moved from header to module
"C:\qp_lab\qpc\src\qf\qf_defer.c" 118 1 Info 765: external 'QActive_recall(struct QActive *, struct QEQueue *)' (line 118, file C:\qp_lab\qpc\src\qf\qf_defer.c) could be made static [MISRA 2004 Rule 8.10, required]
"C:\qp_lab\qpc\src\qf\qf_defer.c" 118 1 Info 714: Symbol 'QActive_recall(struct QActive *, struct QEQueue *)' (line 118, file C:\qp_lab\qpc\src\qf\qf_defer.c) not referenced
"C:\qp_lab\qpc\include\qf.h" 352 1 Info 757: global declarator 'QActive_setAttr(struct QActive *, uint32_t, const void *)' (line 352, file C:\qp_lab\qpc\include\qf.h) not referenced
 Note 960: Violates MISRA 2004 Required Rule 8.9, undefined symbol: 'QActive_setAttr' 
"C:\qp_lab\qpc\include\qf.h" 216 1 Warning 526: Symbol 'QActive_start_(struct QActive *, uint_fast8_t, const QEvt **, uint_fast16_t, void *, uint_fast16_t, const QEvt *)' (line 216, file C:\qp_lab\qpc\include\qf.h, module C:\qp_lab\qpc\src\qf\qep_hsm.c) not defined
 Note 960: Violates MISRA 2004 Required Rule 8.9, undefined symbol: 'QActive_start_' 
"C:\qp_lab\qpc\include\qf.h" 325 1 Info 757: global declarator 'QActive_stop(struct QActive *)' (line 325, file C:\qp_lab\qpc\include\qf.h) not referenced
 Note 960: Violates MISRA 2004 Required Rule 8.9, undefined symbol: 'QActive_stop' 
"C:\qp_lab\qpc\src\qf\qf_ps.c" 207 1 Info 759: header declaration for symbol 'QActive_subscribe(const struct QActive *, enum_t)' defined at (line 207, file C:\qp_lab\qpc\src\qf\qf_ps.c) could be moved from header to module
"C:\qp_lab\qpc\src\qf\qf_ps.c" 207 1 Info 765: external 'QActive_subscribe(const struct QActive *, enum_t)' (line 207, file C:\qp_lab\qpc\src\qf\qf_ps.c) could be made static [MISRA 2004 Rule 8.10, required]
"C:\qp_lab\qpc\src\qf\qf_ps.c" 207 1 Info 714: Symbol 'QActive_subscribe(const struct QActive *, enum_t)' (line 207, file C:\qp_lab\qpc\src\qf\qf_ps.c) not referenced
"C:\qp_lab\qpc\src\qf\qf_ps.c" 255 1 Info 759: header declaration for symbol 'QActive_unsubscribe(const struct QActive *, enum_t)' defined at (line 255, file C:\qp_lab\qpc\src\qf\qf_ps.c) could be moved from header to module
"C:\qp_lab\qpc\src\qf\qf_ps.c" 255 1 Info 765: external 'QActive_unsubscribe(const struct QActive *, enum_t)' (line 255, file C:\qp_lab\qpc\src\qf\qf_ps.c) could be made static [MISRA 2004 Rule 8.10, required]
"C:\qp_lab\qpc\src\qf\qf_ps.c" 255 1 Info 714: Symbol 'QActive_unsubscribe(const struct QActive *, enum_t)' (line 255, file C:\qp_lab\qpc\src\qf\qf_ps.c) not referenced
"C:\qp_lab\qpc\src\qf\qf_ps.c" 304 1 Info 759: header declaration for symbol 'QActive_unsubscribeAll(const struct QActive *)' defined at (line 304, file C:\qp_lab\qpc\src\qf\qf_ps.c) could be moved from header to module
"C:\qp_lab\qpc\src\qf\qf_ps.c" 304 1 Info 765: external 'QActive_unsubscribeAll(const struct QActive *)' (line 304, file C:\qp_lab\qpc\src\qf\qf_ps.c) could be made static [MISRA 2004 Rule 8.10, required]
"C:\qp_lab\qpc\src\qf\qf_ps.c" 304 1 Info 714: Symbol 'QActive_unsubscribeAll(const struct QActive *)' (line 304, file C:\qp_lab\qpc\src\qf\qf_ps.c) not referenced
"C:\qp_lab\qpc\include\qf.h" 538 1 Info 757: global declarator 'QF_stop(void)' (line 538, file C:\qp_lab\qpc\include\qf.h) not referenced
 Note 960: Violates MISRA 2004 Required Rule 8.9, undefined symbol: 'QF_stop' 
"C:\qp_lab\qpc\src\qf\qf_ps.c" 54 1 Info 759: header declaration for symbol 'QF_subscrList_' defined at (line 54, file C:\qp_lab\qpc\src\qf\qf_ps.c) could be moved from header to module
"C:\qp_lab\qpc\src\qf\qf_ps.c" 54 1 Info 765: external 'QF_subscrList_' (line 54, file C:\qp_lab\qpc\src\qf\qf_ps.c) could be made static [MISRA 2004 Rule 8.10, required]
"C:\qp_lab\qpc\src\qf\qep_hsm.c" 607 1 Info 759: header declaration for symbol 'QHsm_childState_(QHsm *, QStateHandler)' defined at (line 607, file C:\qp_lab\qpc\src\qf\qep_hsm.c) could be moved from header to module
"C:\qp_lab\qpc\src\qf\qep_hsm.c" 607 1 Info 765: external 'QHsm_childState_(QHsm *, QStateHandler)' (line 607, file C:\qp_lab\qpc\src\qf\qep_hsm.c) could be made static [MISRA 2004 Rule 8.10, required]
"C:\qp_lab\qpc\src\qf\qep_hsm.c" 607 1 Info 714: Symbol 'QHsm_childState_(QHsm *, QStateHandler)' (line 607, file C:\qp_lab\qpc\src\qf\qep_hsm.c) not referenced
"C:\qp_lab\qpc\src\qf\qep_hsm.c" 562 1 Info 759: header declaration for symbol 'QHsm_isIn(QHsm *, QStateHandler)' defined at (line 562, file C:\qp_lab\qpc\src\qf\qep_hsm.c) could be moved from header to module
"C:\qp_lab\qpc\src\qf\qep_hsm.c" 562 1 Info 765: external 'QHsm_isIn(QHsm *, QStateHandler)' (line 562, file C:\qp_lab\qpc\src\qf\qep_hsm.c) could be made static [MISRA 2004 Rule 8.10, required]
"C:\qp_lab\qpc\src\qf\qep_hsm.c" 562 1 Info 714: Symbol 'QHsm_isIn(QHsm *, QStateHandler)' (line 562, file C:\qp_lab\qpc\src\qf\qep_hsm.c) not referenced
"C:\qp_lab\qpc\src\qf\qep_hsm.c" 233 1 Info 759: header declaration for symbol 'QHsm_top(const void *, const QEvt *)' defined at (line 233, file C:\qp_lab\qpc\src\qf\qep_hsm.c) could be moved from header to module
"C:\qp_lab\qpc\src\qf\qep_hsm.c" 233 1 Info 765: external 'QHsm_top(const void *, const QEvt *)' (line 233, file C:\qp_lab\qpc\src\qf\qep_hsm.c) could be made static [MISRA 2004 Rule 8.10, required]
"C:\qp_lab\qpc\include\qs.h" 246 1 Info 757: global declarator 'QS_filterOff(uint_fast8_t)' (line 246, file C:\qp_lab\qpc\include\qs.h) not referenced
 Note 960: Violates MISRA 2004 Required Rule 8.9, undefined symbol: 'QS_filterOff' 
"C:\qp_lab\qpc\include\qs.h" 280 1 Info 757: global declarator 'QS_f32(uint8_t, float32_t)' (line 280, file C:\qp_lab\qpc\include\qs.h) not referenced
 Note 960: Violates MISRA 2004 Required Rule 8.9, undefined symbol: 'QS_f32' 
"C:\qp_lab\qpc\include\qs.h" 283 1 Info 757: global declarator 'QS_f64(uint8_t, float64_t)' (line 283, file C:\qp_lab\qpc\include\qs.h) not referenced
 Note 960: Violates MISRA 2004 Required Rule 8.9, undefined symbol: 'QS_f64' 
"C:\qp_lab\qpc\include\qs.h" 243 1 Info 757: global declarator 'QS_filterOn(uint_fast8_t)' (line 243, file C:\qp_lab\qpc\include\qs.h) not referenced
 Note 960: Violates MISRA 2004 Required Rule 8.9, undefined symbol: 'QS_filterOn' 
"C:\qp_lab\qpc\include\qs.h" 308 1 Info 757: global declarator 'QS_fun_dict(void (*)(void), const char_t *)' (line 308, file C:\qp_lab\qpc\include\qs.h) not referenced
 Note 960: Violates MISRA 2004 Required Rule 8.9, undefined symbol: 'QS_fun_dict' 
"C:\qp_lab\qpc\src\qf\qf_dyn.c" 310 1 Info 759: header declaration for symbol 'QF_deleteRef_(const void *)' defined at (line 310, file C:\qp_lab\qpc\src\qf\qf_dyn.c) could be moved from header to module
"C:\qp_lab\qpc\src\qf\qf_dyn.c" 310 1 Info 765: external 'QF_deleteRef_(const void *)' (line 310, file C:\qp_lab\qpc\src\qf\qf_dyn.c) could be made static [MISRA 2004 Rule 8.10, required]
"C:\qp_lab\qpc\src\qf\qf_dyn.c" 310 1 Info 714: Symbol 'QF_deleteRef_(const void *)' (line 310, file C:\qp_lab\qpc\src\qf\qf_dyn.c) not referenced
"C:\qp_lab\qpc\include\qs.h" 317 1 Info 757: global declarator 'QS_getByte(void)' (line 317, file C:\qp_lab\qpc\include\qs.h) not referenced
 Note 960: Violates MISRA 2004 Required Rule 8.9, undefined symbol: 'QS_getByte' 
"C:\qp_lab\qpc\include\qs.h" 323 1 Info 757: global declarator 'QS_getBlock(uint16_t *)' (line 323, file C:\qp_lab\qpc\include\qs.h) not referenced
 Note 960: Violates MISRA 2004 Required Rule 8.9, undefined symbol: 'QS_getBlock' 
"C:\qp_lab\qpc\src\qf\qf_time.c" 53 1 Info 759: header declaration for symbol 'QF_timeEvtHead_' defined at (line 53, file C:\qp_lab\qpc\src\qf\qf_time.c) could be moved from header to module
"C:\qp_lab\qpc\src\qf\qf_time.c" 53 1 Info 765: external 'QF_timeEvtHead_' (line 53, file C:\qp_lab\qpc\src\qf\qf_time.c) could be made static [MISRA 2004 Rule 8.10, required]
"C:\qp_lab\qpc\ports\lint\stdint.h" 36 1 Info 756: global typedef 'int_fast16_t' (line 36, file C:\qp_lab\qpc\ports\lint\stdint.h) not referenced
"C:\qp_lab\qpc\ports\lint\stdint.h" 38 1 Info 756: global typedef 'int_fast32_t' (line 38, file C:\qp_lab\qpc\ports\lint\stdint.h) not referenced
"C:\qp_lab\qpc\src\qf\qf_time.c" 296 1 Info 759: header declaration for symbol 'QTimeEvt_armX(struct QTimeEvt *, QTimeEvtCtr, QTimeEvtCtr)' defined at (line 296, file C:\qp_lab\qpc\src\qf\qf_time.c) could be moved from header to module
"C:\qp_lab\qpc\src\qf\qf_time.c" 296 1 Info 765: external 'QTimeEvt_armX(struct QTimeEvt *, QTimeEvtCtr, QTimeEvtCtr)' (line 296, file C:\qp_lab\qpc\src\qf\qf_time.c) could be made static [MISRA 2004 Rule 8.10, required]
"C:\qp_lab\qpc\src\qf\qf_time.c" 296 1 Info 714: Symbol 'QTimeEvt_armX(struct QTimeEvt *, QTimeEvtCtr, QTimeEvtCtr)' (line 296, file C:\qp_lab\qpc\src\qf\qf_time.c) not referenced
"C:\qp_lab\qpc\src\qf\qf_time.c" 234 1 Info 759: header declaration for symbol 'QTimeEvt_ctorX(struct QTimeEvt *, struct QActive *, enum_t, uint_fast8_t)' defined at (line 234, file C:\qp_lab\qpc\src\qf\qf_time.c) could be moved from header to module
"C:\qp_lab\qpc\src\qf\qf_time.c" 234 1 Info 765: external 'QTimeEvt_ctorX(struct QTimeEvt *, struct QActive *, enum_t, uint_fast8_t)' (line 234, file C:\qp_lab\qpc\src\qf\qf_time.c) could be made static [MISRA 2004 Rule 8.10, required]
"C:\qp_lab\qpc\src\qf\qf_time.c" 234 1 Info 714: Symbol 'QTimeEvt_ctorX(struct QTimeEvt *, struct QActive *, enum_t, uint_fast8_t)' (line 234, file C:\qp_lab\qpc\src\qf\qf_time.c) not referenced
"C:\qp_lab\qpc\src\qf\qf_time.c" 368 1 Info 759: header declaration for symbol 'QTimeEvt_disarm(struct QTimeEvt *)' defined at (line 368, file C:\qp_lab\qpc\src\qf\qf_time.c) could be moved from header to module
"C:\qp_lab\qpc\src\qf\qf_time.c" 368 1 Info 765: external 'QTimeEvt_disarm(struct QTimeEvt *)' (line 368, file C:\qp_lab\qpc\src\qf\qf_time.c) could be made static [MISRA 2004 Rule 8.10, required]
"C:\qp_lab\qpc\src\qf\qf_time.c" 368 1 Info 714: Symbol 'QTimeEvt_disarm(struct QTimeEvt *)' (line 368, file C:\qp_lab\qpc\src\qf\qf_time.c) not referenced
"C:\qp_lab\qpc\src\qf\qf_time.c" 504 1 Info 759: header declaration for symbol 'QTimeEvt_ctr(const struct QTimeEvt *)' defined at (line 504, file C:\qp_lab\qpc\src\qf\qf_time.c) could be moved from header to module
"C:\qp_lab\qpc\src\qf\qf_time.c" 504 1 Info 765: external 'QTimeEvt_ctr(const struct QTimeEvt *)' (line 504, file C:\qp_lab\qpc\src\qf\qf_time.c) could be made static [MISRA 2004 Rule 8.10, required]
"C:\qp_lab\qpc\src\qf\qf_time.c" 504 1 Info 714: Symbol 'QTimeEvt_ctr(const struct QTimeEvt *)' (line 504, file C:\qp_lab\qpc\src\qf\qf_time.c) not referenced
"C:\qp_lab\qpc\src\qf\qf_time.c" 427 1 Info 759: header declaration for symbol 'QTimeEvt_rearm(struct QTimeEvt *, QTimeEvtCtr)' defined at (line 427, file C:\qp_lab\qpc\src\qf\qf_time.c) could be moved from header to module
"C:\qp_lab\qpc\src\qf\qf_time.c" 427 1 Info 765: external 'QTimeEvt_rearm(struct QTimeEvt *, QTimeEvtCtr)' (line 427, file C:\qp_lab\qpc\src\qf\qf_time.c) could be made static [MISRA 2004 Rule 8.10, required]
"C:\qp_lab\qpc\src\qf\qf_time.c" 427 1 Info 714: Symbol 'QTimeEvt_rearm(struct QTimeEvt *, QTimeEvtCtr)' (line 427, file C:\qp_lab\qpc\src\qf\qf_time.c) not referenced
"C:\qp_lab\qpc\ports\lint\stdint.h" 24 1 Info 756: global typedef 'int16_t' (line 24, file C:\qp_lab\qpc\ports\lint\stdint.h) not referenced
"C:\qp_lab\qpc\src\qf\qf_qeq.c" 71 1 Info 759: header declaration for symbol 'QEQueue_init(struct QEQueue *, const QEvt **, uint_fast16_t)' defined at (line 71, file C:\qp_lab\qpc\src\qf\qf_qeq.c) could be moved from header to module
"C:\qp_lab\qpc\src\qf\qf_qeq.c" 71 1 Info 765: external 'QEQueue_init(struct QEQueue *, const QEvt **, uint_fast16_t)' (line 71, file C:\qp_lab\qpc\src\qf\qf_qeq.c) could be made static [MISRA 2004 Rule 8.10, required]
"C:\qp_lab\qpc\src\qf\qf_qeq.c" 71 1 Info 714: Symbol 'QEQueue_init(struct QEQueue *, const QEvt **, uint_fast16_t)' (line 71, file C:\qp_lab\qpc\src\qf\qf_qeq.c) not referenced
"C:\qp_lab\qpc\src\qf\qf_qeq.c" 214 1 Info 759: header declaration for symbol 'QEQueue_postLIFO(struct QEQueue *, const QEvt *)' defined at (line 214, file C:\qp_lab\qpc\src\qf\qf_qeq.c) could be moved from header to module
"C:\qp_lab\qpc\src\qf\qf_qeq.c" 214 1 Info 765: external 'QEQueue_postLIFO(struct QEQueue *, const QEvt *)' (line 214, file C:\qp_lab\qpc\src\qf\qf_qeq.c) could be made static [MISRA 2004 Rule 8.10, required]
"C:\qp_lab\qpc\src\qf\qf_qeq.c" 214 1 Info 714: Symbol 'QEQueue_postLIFO(struct QEQueue *, const QEvt *)' (line 214, file C:\qp_lab\qpc\src\qf\qf_qeq.c) not referenced
"C:\qp_lab\qpc\include\qs.h" 240 1 Info 757: global declarator 'QS_initBuf(uint8_t *, uint_fast16_t)' (line 240, file C:\qp_lab\qpc\include\qs.h) not referenced
 Note 960: Violates MISRA 2004 Required Rule 8.9, undefined symbol: 'QS_initBuf' 
"C:\qp_lab\qpc\src\qf\qf_mem.c" 290 1 Info 759: header declaration for symbol 'QF_getPoolMin(uint_fast8_t)' defined at (line 290, file C:\qp_lab\qpc\src\qf\qf_mem.c) could be moved from header to module
"C:\qp_lab\qpc\src\qf\qf_mem.c" 290 1 Info 765: external 'QF_getPoolMin(uint_fast8_t)' (line 290, file C:\qp_lab\qpc\src\qf\qf_mem.c) could be made static [MISRA 2004 Rule 8.10, required]
"C:\qp_lab\qpc\src\qf\qf_mem.c" 290 1 Info 714: Symbol 'QF_getPoolMin(uint_fast8_t)' (line 290, file C:\qp_lab\qpc\src\qf\qf_mem.c) not referenced
"C:\qp_lab\qpc\src\qf\qf_actq.c" 371 1 Info 759: header declaration for symbol 'QF_getQueueMin(uint_fast8_t)' defined at (line 371, file C:\qp_lab\qpc\src\qf\qf_actq.c) could be moved from header to module
"C:\qp_lab\qpc\src\qf\qf_actq.c" 371 1 Info 765: external 'QF_getQueueMin(uint_fast8_t)' (line 371, file C:\qp_lab\qpc\src\qf\qf_actq.c) could be made static [MISRA 2004 Rule 8.10, required]
"C:\qp_lab\qpc\src\qf\qf_actq.c" 371 1 Info 714: Symbol 'QF_getQueueMin(uint_fast8_t)' (line 371, file C:\qp_lab\qpc\src\qf\qf_actq.c) not referenced
"C:\qp_lab\qpc\include\qassert.h" 254 1 Warning 526: Symbol 'Q_onAssert(const char_t *, int_t)' (line 254, file C:\qp_lab\qpc\include\qassert.h, module C:\qp_lab\qpc\src\qf\qep_hsm.c) not defined
 Note 960: Violates MISRA 2004 Required Rule 8.9, undefined symbol: 'Q_onAssert' 
"C:\qp_lab\qpc\ports\lint\stdint.h" 25 1 Info 756: global typedef 'int32_t' (line 25, file C:\qp_lab\qpc\ports\lint\stdint.h) not referenced
"C:\qp_lab\qpc\src\qf\qep_msm.c" 570 1 Info 759: header declaration for symbol 'QMsm_childStateObj_(const QMsm *, const struct QMState *)' defined at (line 570, file C:\qp_lab\qpc\src\qf\qep_msm.c) could be moved from header to module
"C:\qp_lab\qpc\src\qf\qep_msm.c" 570 1 Info 765: external 'QMsm_childStateObj_(const QMsm *, const struct QMState *)' (line 570, file C:\qp_lab\qpc\src\qf\qep_msm.c) could be made static [MISRA 2004 Rule 8.10, required]
"C:\qp_lab\qpc\src\qf\qep_msm.c" 570 1 Info 714: Symbol 'QMsm_childStateObj_(const QMsm *, const struct QMState *)' (line 570, file C:\qp_lab\qpc\src\qf\qep_msm.c) not referenced
"C:\qp_lab\qpc\src\qf\qep_msm.c" 539 1 Info 759: header declaration for symbol 'QMsm_isInState(const QMsm *, const struct QMState *)' defined at (line 539, file C:\qp_lab\qpc\src\qf\qep_msm.c) could be moved from header to module
"C:\qp_lab\qpc\src\qf\qep_msm.c" 539 1 Info 765: external 'QMsm_isInState(const QMsm *, const struct QMState *)' (line 539, file C:\qp_lab\qpc\src\qf\qep_msm.c) could be made static [MISRA 2004 Rule 8.10, required]
"C:\qp_lab\qpc\src\qf\qep_msm.c" 539 1 Info 714: Symbol 'QMsm_isInState(const QMsm *, const struct QMState *)' (line 539, file C:\qp_lab\qpc\src\qf\qep_msm.c) not referenced
"C:\qp_lab\qpc\ports\lint\qv\qf_port.h" 211 1 Info 757: global declarator 'intDisable(void)' (line 211, file C:\qp_lab\qpc\ports\lint\qv\qf_port.h) not referenced
 Note 960: Violates MISRA 2004 Required Rule 8.9, undefined symbol: 'intDisable' 
"C:\qp_lab\qpc\include\qf.h" 521 1 Info 757: global declarator 'QF_init(void)' (line 521, file C:\qp_lab\qpc\include\qf.h) not referenced
 Note 960: Violates MISRA 2004 Required Rule 8.9, undefined symbol: 'QF_init' 
"C:\qp_lab\qpc\include\qep.h" 542 1 Info 755: global macro 'QM_SM_EXIT' (line 542, file C:\qp_lab\qpc\include\qep.h) not referenced
"C:\qp_lab\qpc\include\qep.h" 596 1 Info 755: global macro 'QM_SUPER' (line 596, file C:\qp_lab\qpc\include\qep.h) not referenced
"C:\qp_lab\qpc\include\qep.h" 602 1 Info 755: global macro 'QM_SUPER_SUB' (line 602, file C:\qp_lab\qpc\include\qep.h) not referenced
"C:\qp_lab\qpc\include\qs.h" 862 1 Info 755: global macro 'QS_MEM' (line 862, file C:\qp_lab\qpc\include\qs.h) not referenced
"C:\qp_lab\qpc\src\qf_pkg.h" 195 1 Info 755: global macro 'QS_MPS_' (line 195, file C:\qp_lab\qpc\src\qf_pkg.h) not referenced
"C:\qp_lab\qpc\include\qep.h" 549 1 Info 755: global macro 'QM_TRAN' (line 549, file C:\qp_lab\qpc\include\qep.h) not referenced
"C:\qp_lab\qpc\include\qep.h" 564 1 Info 755: global macro 'QM_TRAN_HIST' (line 564, file C:\qp_lab\qpc\include\qep.h) not referenced
"C:\qp_lab\qpc\include\qep.h" 571 1 Info 755: global macro 'QM_TRAN_EP' (line 571, file C:\qp_lab\qpc\include\qep.h) not referenced
"C:\qp_lab\qpc\include\qep.h" 556 1 Info 755: global macro 'QM_TRAN_INIT' (line 556, file C:\qp_lab\qpc\include\qep.h) not referenced
"C:\qp_lab\qpc\include\qep.h" 579 1 Info 755: global macro 'QM_TRAN_XP' (line 579, file C:\qp_lab\qpc\include\qep.h) not referenced
"C:\qp_lab\qpc\include\qep.h" 523 1 Info 755: global macro 'QM_ENTRY' (line 523, file C:\qp_lab\qpc\include\qep.h) not referenced
"C:\qp_lab\qpc\include\qep.h" 529 1 Info 755: global macro 'QM_EXIT' (line 529, file C:\qp_lab\qpc\include\qep.h) not referenced
"C:\qp_lab\qpc\include\qep.h" 591 1 Info 755: global macro 'QM_UNHANDLED' (line 591, file C:\qp_lab\qpc\include\qep.h) not referenced
"C:\qp_lab\qpc\include\qep.h" 57 1 Info 755: global macro 'QP_RELEASE' (line 57, file C:\qp_lab\qpc\include\qep.h) not referenced
"C:\qp_lab\qpc\include\qs.h" 870 1 Info 755: global macro 'QS_OBJ' (line 870, file C:\qp_lab\qpc\include\qs.h) not referenced
"C:\qp_lab\qpc\include\qs.h" 980 1 Info 755: global macro 'QS_OBJ_DICTIONARY' (line 980, file C:\qp_lab\qpc\include\qs.h) not referenced
"C:\qp_lab\qpc\include\qmpool.h" 166 1 Info 755: global macro 'QF_MPOOL_EL' (line 166, file C:\qp_lab\qpc\include\qmpool.h) not referenced
"C:\qp_lab\qpc\include\qs.h" 233 1 Info 755: global macro 'QS_PTR_AT_' (line 233, file C:\qp_lab\qpc\include\qs.h) not referenced
"C:\qp_lab\qpc\include\qassert.h" 287 1 Info 755: global macro 'Q_ENSURE' (line 287, file C:\qp_lab\qpc\include\qassert.h) not referenced
"C:\qp_lab\qpc\include\qf.h" 719 1 Info 755: global macro 'Q_NEW' (line 719, file C:\qp_lab\qpc\include\qf.h) not referenced
"C:\qp_lab\qpc\include\qf.h" 748 1 Info 755: global macro 'Q_NEW_X' (line 748, file C:\qp_lab\qpc\include\qf.h) not referenced
"C:\qp_lab\qpc\include\qf.h" 773 1 Info 755: global macro 'Q_NEW_REF' (line 773, file C:\qp_lab\qpc\include\qf.h) not referenced
"C:\qp_lab\qpc\include\qep.h" 483 1 Info 755: global macro 'Q_UNHANDLED' (line 483, file C:\qp_lab\qpc\include\qep.h) not referenced
"C:\qp_lab\qpc\include\qs.h" 1026 1 Info 755: global macro 'QS_ASSERTION' (line 1026, file C:\qp_lab\qpc\include\qs.h) not referenced
"C:\qp_lab\qpc\include\qassert.h" 143 1 Info 755: global macro 'Q_ASSERT' (line 143, file C:\qp_lab\qpc\include\qassert.h) not referenced
"C:\qp_lab\qpc\include\qassert.h" 332 1 Info 755: global macro 'Q_ASSERT_COMPILE' (line 332, file C:\qp_lab\qpc\include\qassert.h) not referenced
"C:\qp_lab\qpc\include\qep.h" 101 1 Info 755: global macro 'QEP_getVersion' (line 101, file C:\qp_lab\qpc\include\qep.h) not referenced
"C:\qp_lab\qpc\include\qep.h" 584 1 Info 755: global macro 'QM_HANDLED' (line 584, file C:\qp_lab\qpc\include\qep.h) not referenced
"C:\qp_lab\qpc\include\qs.h" 663 1 Info 755: global macro 'QS_BEGIN' (line 663, file C:\qp_lab\qpc\include\qs.h) not referenced
"C:\qp_lab\qpc\include\qs.h" 572 1 Info 755: global macro 'QS_BEGIN_NOCRIT' (line 572, file C:\qp_lab\qpc\include\qs.h) not referenced
"C:\qp_lab\qpc\include\qs.h" 1172 1 Info 755: global macro 'QS_RX_PUT' (line 1172, file C:\qp_lab\qpc\include\qs.h) not referenced
"C:\qp_lab\qpc\include\qf.h" 594 1 Info 755: global macro 'QF_PUBLISH' (line 594, file C:\qp_lab\qpc\include\qf.h) not referenced
"C:\qp_lab\qpc\include\qep.h" 48 1 Info 755: global macro 'QP_VERSION' (line 48, file C:\qp_lab\qpc\include\qep.h) not referenced
"C:\qp_lab\qpc\include\qs.h" 900 1 Info 755: global macro 'QS_SIG' (line 900, file C:\qp_lab\qpc\include\qs.h) not referenced
"C:\qp_lab\qpc\include\qs.h" 785 1 Info 755: global macro 'QS_STR_' (line 785, file C:\qp_lab\qpc\include\qs.h) not referenced
"C:\qp_lab\qpc\include\qs.h" 859 1 Info 755: global macro 'QS_STR' (line 859, file C:\qp_lab\qpc\include\qs.h) not referenced
"C:\qp_lab\qpc\include\qs.h" 961 1 Info 755: global macro 'QS_SIG_DICTIONARY' (line 961, file C:\qp_lab\qpc\include\qs.h) not referenced
"C:\qp_lab\qpc\include\qep.h" 454 1 Info 755: global macro 'Q_TRAN' (line 454, file C:\qp_lab\qpc\include\qep.h) not referenced
"C:\qp_lab\qpc\include\qep.h" 463 1 Info 755: global macro 'Q_TRAN_HIST' (line 463, file C:\qp_lab\qpc\include\qep.h) not referenced
"C:\qp_lab\qpc\include\qs.h" 1067 1 Info 755: global macro 'QF_QS_ACTION' (line 1067, file C:\qp_lab\qpc\include\qs.h) not referenced
"C:\qp_lab\qpc\include\qs.h" 1043 1 Info 755: global macro 'QF_QS_CRIT_ENTRY' (line 1043, file C:\qp_lab\qpc\include\qs.h) not referenced
"C:\qp_lab\qpc\include\qs.h" 1050 1 Info 755: global macro 'QF_QS_CRIT_EXIT' (line 1050, file C:\qp_lab\qpc\include\qs.h) not referenced
"C:\qp_lab\qpc\include\qs.h" 1057 1 Info 755: global macro 'QF_QS_ISR_ENTRY' (line 1057, file C:\qp_lab\qpc\include\qs.h) not referenced
"C:\qp_lab\qpc\include\qs.h" 1064 1 Info 755: global macro 'QF_QS_ISR_EXIT' (line 1064, file C:\qp_lab\qpc\include\qs.h) not referenced
"C:\qp_lab\qpc\include\qs.h" 1233 1 Info 755: global macro 'QS_TEST_PROBE' (line 1233, file C:\qp_lab\qpc\include\qs.h) not referenced
"C:\qp_lab\qpc\include\qs.h" 1235 1 Info 755: global macro 'QS_TEST_PAUSE' (line 1235, file C:\qp_lab\qpc\include\qs.h) not referenced
"C:\qp_lab\qpc\include\qassert.h" 202 1 Info 755: global macro 'Q_ERROR' (line 202, file C:\qp_lab\qpc\include\qassert.h) not referenced
"C:\qp_lab\qpc\include\qassert.h" 308 1 Info 755: global macro 'Q_INVARIANT' (line 308, file C:\qp_lab\qpc\include\qassert.h) not referenced
"C:\qp_lab\qpc\include\qassert.h" 319 1 Info 755: global macro 'Q_INVARIANT_ID' (line 319, file C:\qp_lab\qpc\include\qassert.h) not referenced
"C:\qp_lab\qpc\include\qassert.h" 268 1 Info 755: global macro 'Q_REQUIRE' (line 268, file C:\qp_lab\qpc\include\qassert.h) not referenced
"C:\qp_lab\qpc\include\qs.h" 670 1 Info 755: global macro 'QS_END' (line 670, file C:\qp_lab\qpc\include\qs.h) not referenced
"C:\qp_lab\qpc\include\qs.h" 576 1 Info 755: global macro 'QS_END_NOCRIT' (line 576, file C:\qp_lab\qpc\include\qs.h) not referenced
"C:\qp_lab\qpc\include\qs.h" 320 1 Info 755: global macro 'QS_EOD' (line 320, file C:\qp_lab\qpc\include\qs.h) not referenced
"C:\qp_lab\qpc\include\qs.h" 406 1 Info 755: global macro 'QS_EXIT' (line 406, file C:\qp_lab\qpc\include\qs.h) not referenced
"C:\qp_lab\qpc\include\qs.h" 828 1 Info 755: global macro 'QS_U16' (line 828, file C:\qp_lab\qpc\include\qs.h) not referenced
"C:\qp_lab\qpc\include\qs.h" 729 1 Info 755: global macro 'QS_U16_' (line 729, file C:\qp_lab\qpc\include\qs.h) not referenced
"C:\qp_lab\qpc\include\qs.h" 836 1 Info 755: global macro 'QS_U32' (line 836, file C:\qp_lab\qpc\include\qs.h) not referenced
"C:\qp_lab\qpc\include\qs.h" 732 1 Info 755: global macro 'QS_U32_' (line 732, file C:\qp_lab\qpc\include\qs.h) not referenced
"C:\qp_lab\qpc\include\qs.h" 820 1 Info 755: global macro 'QS_U8' (line 820, file C:\qp_lab\qpc\include\qs.h) not referenced
"C:\qp_lab\qpc\include\qs.h" 852 1 Info 755: global macro 'QS_U64' (line 852, file C:\qp_lab\qpc\include\qs.h) not referenced
"C:\qp_lab\qpc\include\qs.h" 856 1 Info 755: global macro 'QS_U32_HEX' (line 856, file C:\qp_lab\qpc\include\qs.h) not referenced
"C:\qp_lab\qpc\include\qs.h" 1009 1 Info 755: global macro 'QS_USR_DICTIONARY' (line 1009, file C:\qp_lab\qpc\include\qs.h) not referenced
"C:\qp_lab\qpc\include\qep.h" 472 1 Info 755: global macro 'Q_SUPER' (line 472, file C:\qp_lab\qpc\include\qep.h) not referenced
"C:\qp_lab\qpc\include\qep.h" 323 1 Info 755: global macro 'QHSM_DISPATCH' (line 323, file C:\qp_lab\qpc\include\qep.h) not referenced
"C:\qp_lab\qpc\include\qf.h" 213 1 Info 755: global macro 'QACTIVE_START' (line 213, file C:\qp_lab\qpc\include\qf.h) not referenced
"C:\qp_lab\qpc\include\qf.h" 292 1 Info 755: global macro 'QACTIVE_POST_X' (line 292, file C:\qp_lab\qpc\include\qf.h) not referenced
"C:\qp_lab\qpc\include\qep.h" 308 1 Info 755: global macro 'QHSM_INIT' (line 308, file C:\qp_lab\qpc\include\qep.h) not referenced
"C:\qp_lab\qpc\include\qep.h" 344 1 Info 755: global macro 'QHsm_childState' (line 344, file C:\qp_lab\qpc\include\qep.h) not referenced
"C:\qp_lab\qpc\include\qep.h" 334 1 Info 755: global macro 'QHsm_state' (line 334, file C:\qp_lab\qpc\include\qep.h) not referenced
"C:\qp_lab\qpc\include\qpset.h" 104 1 Info 755: global macro 'QPSet_setEmpty' (line 104, file C:\qp_lab\qpc\include\qpset.h) not referenced
"C:\qp_lab\qpc\include\qpset.h" 111 1 Info 755: global macro 'QPSet_isEmpty' (line 111, file C:\qp_lab\qpc\include\qpset.h) not referenced
"C:\qp_lab\qpc\include\qs.h" 430 1 Info 755: global macro 'QS_FILTER_OFF' (line 430, file C:\qp_lab\qpc\include\qs.h) not referenced
"C:\qp_lab\qpc\include\qs.h" 840 1 Info 755: global macro 'QS_F32' (line 840, file C:\qp_lab\qpc\include\qs.h) not referenced
"C:\qp_lab\qpc\include\qs.h" 844 1 Info 755: global macro 'QS_F64' (line 844, file C:\qp_lab\qpc\include\qs.h) not referenced
"C:\qp_lab\qpc\include\qs.h" 480 1 Info 755: global macro 'QS_FILTER_AO_OBJ' (line 480, file C:\qp_lab\qpc\include\qs.h) not referenced
"C:\qp_lab\qpc\include\qs.h" 500 1 Info 755: global macro 'QS_FILTER_MP_OBJ' (line 500, file C:\qp_lab\qpc\include\qs.h) not referenced
"C:\qp_lab\qpc\include\qs.h" 520 1 Info 755: global macro 'QS_FILTER_EQ_OBJ' (line 520, file C:\qp_lab\qpc\include\qs.h) not referenced
"C:\qp_lab\qpc\include\qs.h" 558 1 Info 755: global macro 'QS_FILTER_AP_OBJ' (line 558, file C:\qp_lab\qpc\include\qs.h) not referenced
"C:\qp_lab\qpc\include\qs.h" 417 1 Info 755: global macro 'QS_FILTER_ON' (line 417, file C:\qp_lab\qpc\include\qs.h) not referenced
"C:\qp_lab\qpc\include\qs.h" 458 1 Info 755: global macro 'QS_FILTER_SM_OBJ' (line 458, file C:\qp_lab\qpc\include\qs.h) not referenced
"C:\qp_lab\qpc\include\qs.h" 541 1 Info 755: global macro 'QS_FILTER_TE_OBJ' (line 541, file C:\qp_lab\qpc\include\qs.h) not referenced
"C:\qp_lab\qpc\include\qs.h" 884 1 Info 755: global macro 'QS_FUN' (line 884, file C:\qp_lab\qpc\include\qs.h) not referenced
"C:\qp_lab\qpc\include\qs.h" 1036 1 Info 755: global macro 'QS_FLUSH' (line 1036, file C:\qp_lab\qpc\include\qs.h) not referenced
"C:\qp_lab\qpc\include\qs.h" 998 1 Info 755: global macro 'QS_FUN_DICTIONARY' (line 998, file C:\qp_lab\qpc\include\qs.h) not referenced
"C:\qp_lab\qpc\ports\lint\qv\qf_port.h" 269 1 Info 755: global macro 'QV_CPU_SLEEP' (line 269, file C:\qp_lab\qpc\ports\lint\qv\qf_port.h) not referenced
"C:\qp_lab\qpc\include\qassert.h" 111 1 Info 755: global macro 'Q_DEFINE_THIS_FILE' (line 111, file C:\qp_lab\qpc\include\qassert.h) not referenced
"C:\qp_lab\qpc\include\qf.h" 793 1 Info 755: global macro 'Q_DELETE_REF' (line 793, file C:\qp_lab\qpc\include\qf.h) not referenced
"C:\qp_lab\qpc\include\qep.h" 477 1 Info 755: global macro 'Q_HANDLED' (line 477, file C:\qp_lab\qpc\include\qep.h) not referenced
"C:\qp_lab\qpc\include\qf.h" 651 1 Info 755: global macro 'QF_TICK' (line 651, file C:\qp_lab\qpc\include\qf.h) not referenced
"C:\qp_lab\qpc\include\qs.h" 1070 1 Info 755: global macro 'QS_getVersion' (line 1070, file C:\qp_lab\qpc\include\qs.h) not referenced
"C:\qp_lab\qpc\include\qep.h" 190 1 Info 755: global macro 'Q_EVT_CAST' (line 190, file C:\qp_lab\qpc\include\qep.h) not referenced
"C:\qp_lab\qpc\include\qep.h" 180 1 Info 755: global macro 'Q_HSM_UPCAST' (line 180, file C:\qp_lab\qpc\include\qep.h) not referenced
"C:\qp_lab\qpc\include\qequeue.h" 200 1 Info 755: global macro 'QEQueue_getNFree' (line 200, file C:\qp_lab\qpc\include\qequeue.h) not referenced
"C:\qp_lab\qpc\include\qequeue.h" 214 1 Info 755: global macro 'QEQueue_getNMin' (line 214, file C:\qp_lab\qpc\include\qequeue.h) not referenced
"C:\qp_lab\qpc\include\qequeue.h" 230 1 Info 755: global macro 'QEQueue_isEmpty' (line 230, file C:\qp_lab\qpc\include\qequeue.h) not referenced
"C:\qp_lab\qpc\include\qs.h" 397 1 Info 755: global macro 'QS_INIT' (line 397, file C:\qp_lab\qpc\include\qs.h) not referenced
"C:\qp_lab\qpc\include\qs.h" 816 1 Info 755: global macro 'QS_I8' (line 816, file C:\qp_lab\qpc\include\qs.h) not referenced
"C:\qp_lab\qpc\include\qs.h" 824 1 Info 755: global macro 'QS_I16' (line 824, file C:\qp_lab\qpc\include\qs.h) not referenced
"C:\qp_lab\qpc\include\qs.h" 832 1 Info 755: global macro 'QS_I32' (line 832, file C:\qp_lab\qpc\include\qs.h) not referenced
"C:\qp_lab\qpc\include\qs.h" 848 1 Info 755: global macro 'QS_I64' (line 848, file C:\qp_lab\qpc\include\qs.h) not referenced
"C:\qp_lab\qpc\include\qv.h" 81 1 Info 755: global macro 'QV_getVersion' (line 81, file C:\qp_lab\qpc\include\qv.h) not referenced
"C:\qp_lab\qpc\include\qf.h" 841 1 Info 755: global macro 'QF_getVersion' (line 841, file C:\qp_lab\qpc\include\qf.h) not referenced
"C:\qp_lab\qpc\include\qassert.h" 177 1 Info 755: global macro 'Q_ALLEGE' (line 177, file C:\qp_lab\qpc\include\qassert.h) not referenced
"C:\qp_lab\qpc\include\qassert.h" 192 1 Info 755: global macro 'Q_ALLEGE_ID' (line 192, file C:\qp_lab\qpc\include\qassert.h) not referenced
"C:\qp_lab\qpc\include\qep.h" 428 1 Info 755: global macro 'QMsm_stateObj' (line 428, file C:\qp_lab\qpc\include\qep.h) not referenced
"C:\qp_lab\qpc\include\qep.h" 438 1 Info 755: global macro 'QMsm_childStateObj' (line 438, file C:\qp_lab\qpc\include\qep.h) not referenced
"C:\qp_lab\qpc\include\qep.h" 201 1 Info 755: global macro 'Q_UINT2PTR_CAST' (line 201, file C:\qp_lab\qpc\include\qep.h) not referenced
"C:\qp_lab\qpc\ports\lint\stdbool.h" 22 1 Info 755: global macro '__bool_true_false_are_defined' (line 22, file C:\qp_lab\qpc\ports\lint\stdbool.h) not referenced
"C:\qp_lab\qpc\ports\lint\qv\qf_port.h" 198 1 Info 755: global macro 'QF_INT_DISABLE' (line 198, file C:\qp_lab\qpc\ports\lint\qv\qf_port.h) not referenced
"C:\qp_lab\qpc\ports\lint\qv\qf_port.h" 209 1 Info 755: global macro 'QF_INT_ENABLE' (line 209, file C:\qp_lab\qpc\ports\lint\qv\qf_port.h) not referenced
"C:\qp_lab\qpc\include\qs.h" 170 1 Info 758: global enum 'QSpyRecordGroups' (line 170, file C:\qp_lab\qpc\include\qs.h) not referenced
"C:\qp_lab\qpc\include\qs.h" 188 1 Info 758: global enum 'QSpyUserRecords' (line 188, file C:\qp_lab\qpc\include\qs.h) not referenced
"C:\qp_lab\qpc\include\qs.h" 795 1 Info 758: global enum '(untagged)' (line 795, file C:\qp_lab\qpc\include\qs.h) not referenced
"C:\qp_lab\qpc\include\qs.h" 1087 1 Info 758: global enum 'OSpyObjCombnation' (line 1087, file C:\qp_lab\qpc\include\qs.h) not referenced
"C:\qp_lab\qpc\include\qs.h" 1117 1 Info 758: global enum 'QSpyRxRecords' (line 1117, file C:\qp_lab\qpc\include\qs.h) not referenced
"C:\qp_lab\qpc\include\qep.h" 287 1 Info 768: global struct member 'QHsmVtbl::init' (line 287, file C:\qp_lab\qpc\include\qep.h) not referenced
"C:\qp_lab\qpc\include\qep.h" 290 1 Info 768: global struct member 'QHsmVtbl::dispatch' (line 290, file C:\qp_lab\qpc\include\qep.h) not referenced
"C:\qp_lab\qpc\include\qequeue.h" 130 1 Info 768: global struct member 'QEQueue' (line 130, file C:\qp_lab\qpc\include\qequeue.h) not referenced
"C:\qp_lab\qpc\include\qf.h" 174 1 Info 768: global struct member 'QActiveVtbl::start' (line 174, file C:\qp_lab\qpc\include\qf.h) not referenced
"C:\qp_lab\qpc\include\qs.h" 67 1 Info 769: global enumeration constant 'QSpyRecords::QS_EMPTY' (line 67, file C:\qp_lab\qpc\include\qs.h) not referenced
"C:\qp_lab\qpc\include\qs.h" 97 1 Info 769: global enumeration constant 'QSpyRecords::QS_QF_RESERVED2' (line 97, file C:\qp_lab\qpc\include\qs.h) not referenced
"C:\qp_lab\qpc\include\qs.h" 121 1 Info 769: global enumeration constant 'QSpyRecords::QS_QF_CRIT_ENTRY' (line 121, file C:\qp_lab\qpc\include\qs.h) not referenced
"C:\qp_lab\qpc\include\qs.h" 122 1 Info 769: global enumeration constant 'QSpyRecords::QS_QF_CRIT_EXIT' (line 122, file C:\qp_lab\qpc\include\qs.h) not referenced
"C:\qp_lab\qpc\include\qs.h" 123 1 Info 769: global enumeration constant 'QSpyRecords::QS_QF_ISR_ENTRY' (line 123, file C:\qp_lab\qpc\include\qs.h) not referenced
"C:\qp_lab\qpc\include\qs.h" 124 1 Info 769: global enumeration constant 'QSpyRecords::QS_QF_ISR_EXIT' (line 124, file C:\qp_lab\qpc\include\qs.h) not referenced
"C:\qp_lab\qpc\include\qs.h" 125 1 Info 769: global enumeration constant 'QSpyRecords::QS_QF_INT_DISABLE' (line 125, file C:\qp_lab\qpc\include\qs.h) not referenced
"C:\qp_lab\qpc\include\qs.h" 126 1 Info 769: global enumeration constant 'QSpyRecords::QS_QF_INT_ENABLE' (line 126, file C:\qp_lab\qpc\include\qs.h) not referenced
"C:\qp_lab\qpc\include\qs.h" 138 1 Info 769: global enumeration constant 'QSpyRecords::QS_MUTEX_LOCK' (line 138, file C:\qp_lab\qpc\include\qs.h) not referenced
"C:\qp_lab\qpc\include\qs.h" 139 1 Info 769: global enumeration constant 'QSpyRecords::QS_MUTEX_UNLOCK' (line 139, file C:\qp_lab\qpc\include\qs.h) not referenced
"C:\qp_lab\qpc\include\qs.h" 140 1 Info 769: global enumeration constant 'QSpyRecords::QS_SCHED_LOCK' (line 140, file C:\qp_lab\qpc\include\qs.h) not referenced
"C:\qp_lab\qpc\include\qs.h" 141 1 Info 769: global enumeration constant 'QSpyRecords::QS_SCHED_UNLOCK' (line 141, file C:\qp_lab\qpc\include\qs.h) not referenced
"C:\qp_lab\qpc\include\qs.h" 142 1 Info 769: global enumeration constant 'QSpyRecords::QS_SCHED_NEXT' (line 142, file C:\qp_lab\qpc\include\qs.h) not referenced
"C:\qp_lab\qpc\include\qs.h" 143 1 Info 769: global enumeration constant 'QSpyRecords::QS_SCHED_IDLE' (line 143, file C:\qp_lab\qpc\include\qs.h) not referenced
"C:\qp_lab\qpc\include\qs.h" 144 1 Info 769: global enumeration constant 'QSpyRecords::QS_SCHED_RESUME' (line 144, file C:\qp_lab\qpc\include\qs.h) not referenced
"C:\qp_lab\qpc\include\qs.h" 152 1 Info 769: global enumeration constant 'QSpyRecords::QS_TEST_PAUSED' (line 152, file C:\qp_lab\qpc\include\qs.h) not referenced
"C:\qp_lab\qpc\include\qs.h" 153 1 Info 769: global enumeration constant 'QSpyRecords::QS_TEST_PROBE_GET' (line 153, file C:\qp_lab\qpc\include\qs.h) not referenced
"C:\qp_lab\qpc\include\qs.h" 154 1 Info 769: global enumeration constant 'QSpyRecords::QS_SIG_DICT' (line 154, file C:\qp_lab\qpc\include\qs.h) not referenced
"C:\qp_lab\qpc\include\qs.h" 155 1 Info 769: global enumeration constant 'QSpyRecords::QS_OBJ_DICT' (line 155, file C:\qp_lab\qpc\include\qs.h) not referenced
"C:\qp_lab\qpc\include\qs.h" 156 1 Info 769: global enumeration constant 'QSpyRecords::QS_FUN_DICT' (line 156, file C:\qp_lab\qpc\include\qs.h) not referenced
"C:\qp_lab\qpc\include\qs.h" 157 1 Info 769: global enumeration constant 'QSpyRecords::QS_USR_DICT' (line 157, file C:\qp_lab\qpc\include\qs.h) not referenced
"C:\qp_lab\qpc\include\qs.h" 158 1 Info 769: global enumeration constant 'QSpyRecords::QS_TARGET_INFO' (line 158, file C:\qp_lab\qpc\include\qs.h) not referenced
"C:\qp_lab\qpc\include\qs.h" 159 1 Info 769: global enumeration constant 'QSpyRecords::QS_TARGET_DONE' (line 159, file C:\qp_lab\qpc\include\qs.h) not referenced
"C:\qp_lab\qpc\include\qs.h" 160 1 Info 769: global enumeration constant 'QSpyRecords::QS_RX_STATUS' (line 160, file C:\qp_lab\qpc\include\qs.h) not referenced
"C:\qp_lab\qpc\include\qs.h" 161 1 Info 769: global enumeration constant 'QSpyRecords::QS_MSC_RESERVED1' (line 161, file C:\qp_lab\qpc\include\qs.h) not referenced
"C:\qp_lab\qpc\include\qs.h" 162 1 Info 769: global enumeration constant 'QSpyRecords::QS_PEEK_DATA' (line 162, file C:\qp_lab\qpc\include\qs.h) not referenced
"C:\qp_lab\qpc\include\qs.h" 163 1 Info 769: global enumeration constant 'QSpyRecords::QS_ASSERT_FAIL' (line 163, file C:\qp_lab\qpc\include\qs.h) not referenced
"C:\qp_lab\qpc\include\qs.h" 171 1 Info 769: global enumeration constant 'QSpyRecordGroups::QS_ALL_RECORDS' (line 171, file C:\qp_lab\qpc\include\qs.h) not referenced
"C:\qp_lab\qpc\include\qs.h" 172 1 Info 769: global enumeration constant 'QSpyRecordGroups::QS_SM_RECORDS' (line 172, file C:\qp_lab\qpc\include\qs.h) not referenced
"C:\qp_lab\qpc\include\qs.h" 173 1 Info 769: global enumeration constant 'QSpyRecordGroups::QS_AO_RECORDS' (line 173, file C:\qp_lab\qpc\include\qs.h) not referenced
"C:\qp_lab\qpc\include\qs.h" 174 1 Info 769: global enumeration constant 'QSpyRecordGroups::QS_EQ_RECORDS' (line 174, file C:\qp_lab\qpc\include\qs.h) not referenced
"C:\qp_lab\qpc\include\qs.h" 175 1 Info 769: global enumeration constant 'QSpyRecordGroups::QS_MP_RECORDS' (line 175, file C:\qp_lab\qpc\include\qs.h) not referenced
"C:\qp_lab\qpc\include\qs.h" 176 1 Info 769: global enumeration constant 'QSpyRecordGroups::QS_TE_RECORDS' (line 176, file C:\qp_lab\qpc\include\qs.h) not referenced
"C:\qp_lab\qpc\include\qs.h" 177 1 Info 769: global enumeration constant 'QSpyRecordGroups::QS_QF_RECORDS' (line 177, file C:\qp_lab\qpc\include\qs.h) not referenced
"C:\qp_lab\qpc\include\qs.h" 178 1 Info 769: global enumeration constant 'QSpyRecordGroups::QS_SC_RECORDS' (line 178, file C:\qp_lab\qpc\include\qs.h) not referenced
"C:\qp_lab\qpc\include\qs.h" 179 1 Info 769: global enumeration constant 'QSpyRecordGroups::QS_U0_RECORDS' (line 179, file C:\qp_lab\qpc\include\qs.h) not referenced
"C:\qp_lab\qpc\include\qs.h" 180 1 Info 769: global enumeration constant 'QSpyRecordGroups::QS_U1_RECORDS' (line 180, file C:\qp_lab\qpc\include\qs.h) not referenced
"C:\qp_lab\qpc\include\qs.h" 181 1 Info 769: global enumeration constant 'QSpyRecordGroups::QS_U2_RECORDS' (line 181, file C:\qp_lab\qpc\include\qs.h) not referenced
"C:\qp_lab\qpc\include\qs.h" 182 1 Info 769: global enumeration constant 'QSpyRecordGroups::QS_U3_RECORDS' (line 182, file C:\qp_lab\qpc\include\qs.h) not referenced
"C:\qp_lab\qpc\include\qs.h" 183 1 Info 769: global enumeration constant 'QSpyRecordGroups::QS_U4_RECORDS' (line 183, file C:\qp_lab\qpc\include\qs.h) not referenced
"C:\qp_lab\qpc\include\qs.h" 184 1 Info 769: global enumeration constant 'QSpyRecordGroups::QS_UA_RECORDS' (line 184, file C:\qp_lab\qpc\include\qs.h) not referenced
"C:\qp_lab\qpc\include\qs.h" 192 1 Info 769: global enumeration constant 'QSpyUserRecords::QS_USER3' (line 192, file C:\qp_lab\qpc\include\qs.h) not referenced
"C:\qp_lab\qpc\include\qs.h" 796 1 Info 769: global enumeration constant 'QS_I8_T' (line 796, file C:\qp_lab\qpc\include\qs.h) not referenced
"C:\qp_lab\qpc\include\qs.h" 797 1 Info 769: global enumeration constant 'QS_U8_T' (line 797, file C:\qp_lab\qpc\include\qs.h) not referenced
"C:\qp_lab\qpc\include\qs.h" 798 1 Info 769: global enumeration constant 'QS_I16_T' (line 798, file C:\qp_lab\qpc\include\qs.h) not referenced
"C:\qp_lab\qpc\include\qs.h" 799 1 Info 769: global enumeration constant 'QS_U16_T' (line 799, file C:\qp_lab\qpc\include\qs.h) not referenced
"C:\qp_lab\qpc\include\qs.h" 800 1 Info 769: global enumeration constant 'QS_I32_T' (line 800, file C:\qp_lab\qpc\include\qs.h) not referenced
"C:\qp_lab\qpc\include\qs.h" 801 1 Info 769: global enumeration constant 'QS_U32_T' (line 801, file C:\qp_lab\qpc\include\qs.h) not referenced
"C:\qp_lab\qpc\include\qs.h" 802 1 Info 769: global enumeration constant 'QS_F32_T' (line 802, file C:\qp_lab\qpc\include\qs.h) not referenced
"C:\qp_lab\qpc\include\qs.h" 803 1 Info 769: global enumeration constant 'QS_F64_T' (line 803, file C:\qp_lab\qpc\include\qs.h) not referenced
"C:\qp_lab\qpc\include\qs.h" 804 1 Info 769: global enumeration constant 'QS_STR_T' (line 804, file C:\qp_lab\qpc\include\qs.h) not referenced
"C:\qp_lab\qpc\include\qs.h" 805 1 Info 769: global enumeration constant 'QS_MEM_T' (line 805, file C:\qp_lab\qpc\include\qs.h) not referenced
"C:\qp_lab\qpc\include\qs.h" 806 1 Info 769: global enumeration constant 'QS_SIG_T' (line 806, file C:\qp_lab\qpc\include\qs.h) not referenced
"C:\qp_lab\qpc\include\qs.h" 807 1 Info 769: global enumeration constant 'QS_OBJ_T' (line 807, file C:\qp_lab\qpc\include\qs.h) not referenced
"C:\qp_lab\qpc\include\qs.h" 808 1 Info 769: global enumeration constant 'QS_FUN_T' (line 808, file C:\qp_lab\qpc\include\qs.h) not referenced
"C:\qp_lab\qpc\include\qs.h" 809 1 Info 769: global enumeration constant 'QS_I64_T' (line 809, file C:\qp_lab\qpc\include\qs.h) not referenced
"C:\qp_lab\qpc\include\qs.h" 810 1 Info 769: global enumeration constant 'QS_U64_T' (line 810, file C:\qp_lab\qpc\include\qs.h) not referenced
"C:\qp_lab\qpc\include\qs.h" 811 1 Info 769: global enumeration constant 'QS_U32_HEX_T' (line 811, file C:\qp_lab\qpc\include\qs.h) not referenced
"C:\qp_lab\qpc\include\qs.h" 1083 1 Info 769: global enumeration constant 'QSpyObjKind::AP_OBJ' (line 1083, file C:\qp_lab\qpc\include\qs.h) not referenced
"C:\qp_lab\qpc\include\qs.h" 1088 1 Info 769: global enumeration constant 'OSpyObjCombnation::SM_AO_OBJ' (line 1088, file C:\qp_lab\qpc\include\qs.h) not referenced
"C:\qp_lab\qpc\include\qs.h" 1095 1 Info 768: global struct member 'QSPriv::buf' (line 1095, file C:\qp_lab\qpc\include\qs.h) not referenced
"C:\qp_lab\qpc\include\qs.h" 1096 1 Info 768: global struct member 'QSPriv::end' (line 1096, file C:\qp_lab\qpc\include\qs.h) not referenced
"C:\qp_lab\qpc\include\qs.h" 1097 1 Info 768: global struct member 'QSPriv::head' (line 1097, file C:\qp_lab\qpc\include\qs.h) not referenced
"C:\qp_lab\qpc\include\qs.h" 1098 1 Info 768: global struct member 'QSPriv::tail' (line 1098, file C:\qp_lab\qpc\include\qs.h) not referenced
"C:\qp_lab\qpc\include\qs.h" 1099 1 Info 768: global struct member 'QSPriv::used' (line 1099, file C:\qp_lab\qpc\include\qs.h) not referenced
"C:\qp_lab\qpc\include\qs.h" 1100 1 Info 768: global struct member 'QSPriv::seq' (line 1100, file C:\qp_lab\qpc\include\qs.h) not referenced
"C:\qp_lab\qpc\include\qs.h" 1101 1 Info 768: global struct member 'QSPriv::chksum' (line 1101, file C:\qp_lab\qpc\include\qs.h) not referenced
"C:\qp_lab\qpc\include\qs.h" 1103 1 Info 768: global struct member 'QSPriv::critNest' (line 1103, file C:\qp_lab\qpc\include\qs.h) not referenced
"C:\qp_lab\qpc\include\qs.h" 1118 1 Info 769: global enumeration constant 'QSpyRxRecords::QS_RX_INFO' (line 1118, file C:\qp_lab\qpc\include\qs.h) not referenced
"C:\qp_lab\qpc\include\qs.h" 1119 1 Info 769: global enumeration constant 'QSpyRxRecords::QS_RX_COMMAND' (line 1119, file C:\qp_lab\qpc\include\qs.h) not referenced
"C:\qp_lab\qpc\include\qs.h" 1120 1 Info 769: global enumeration constant 'QSpyRxRecords::QS_RX_RESET' (line 1120, file C:\qp_lab\qpc\include\qs.h) not referenced
"C:\qp_lab\qpc\include\qs.h" 1121 1 Info 769: global enumeration constant 'QSpyRxRecords::QS_RX_TICK' (line 1121, file C:\qp_lab\qpc\include\qs.h) not referenced
"C:\qp_lab\qpc\include\qs.h" 1122 1 Info 769: global enumeration constant 'QSpyRxRecords::QS_RX_PEEK' (line 1122, file C:\qp_lab\qpc\include\qs.h) not referenced
"C:\qp_lab\qpc\include\qs.h" 1123 1 Info 769: global enumeration constant 'QSpyRxRecords::QS_RX_POKE' (line 1123, file C:\qp_lab\qpc\include\qs.h) not referenced
"C:\qp_lab\qpc\include\qs.h" 1124 1 Info 769: global enumeration constant 'QSpyRxRecords::QS_RX_FILL' (line 1124, file C:\qp_lab\qpc\include\qs.h) not referenced
"C:\qp_lab\qpc\include\qs.h" 1125 1 Info 769: global enumeration constant 'QSpyRxRecords::QS_RX_TEST_SETUP' (line 1125, file C:\qp_lab\qpc\include\qs.h) not referenced
"C:\qp_lab\qpc\include\qs.h" 1126 1 Info 769: global enumeration constant 'QSpyRxRecords::QS_RX_TEST_TEARDOWN' (line 1126, file C:\qp_lab\qpc\include\qs.h) not referenced
"C:\qp_lab\qpc\include\qs.h" 1127 1 Info 769: global enumeration constant 'QSpyRxRecords::QS_RX_TEST_PROBE' (line 1127, file C:\qp_lab\qpc\include\qs.h) not referenced
"C:\qp_lab\qpc\include\qs.h" 1128 1 Info 769: global enumeration constant 'QSpyRxRecords::QS_RX_GLB_FILTER' (line 1128, file C:\qp_lab\qpc\include\qs.h) not referenced
"C:\qp_lab\qpc\include\qs.h" 1129 1 Info 769: global enumeration constant 'QSpyRxRecords::QS_RX_LOC_FILTER' (line 1129, file C:\qp_lab\qpc\include\qs.h) not referenced
"C:\qp_lab\qpc\include\qs.h" 1130 1 Info 769: global enumeration constant 'QSpyRxRecords::QS_RX_AO_FILTER' (line 1130, file C:\qp_lab\qpc\include\qs.h) not referenced
"C:\qp_lab\qpc\include\qs.h" 1131 1 Info 769: global enumeration constant 'QSpyRxRecords::QS_RX_CURR_OBJ' (line 1131, file C:\qp_lab\qpc\include\qs.h) not referenced
"C:\qp_lab\qpc\include\qs.h" 1132 1 Info 769: global enumeration constant 'QSpyRxRecords::QS_RX_TEST_CONTINUE' (line 1132, file C:\qp_lab\qpc\include\qs.h) not referenced
"C:\qp_lab\qpc\include\qs.h" 1133 1 Info 769: global enumeration constant 'QSpyRxRecords::QS_RX_RESERVED1' (line 1133, file C:\qp_lab\qpc\include\qs.h) not referenced
"C:\qp_lab\qpc\include\qs.h" 1134 1 Info 769: global enumeration constant 'QSpyRxRecords::QS_RX_EVENT' (line 1134, file C:\qp_lab\qpc\include\qs.h) not referenced
"C:\qp_lab\qpc\include\qs.h" 1145 1 Info 768: global struct member 'QSrxPriv::currObj' (line 1145, file C:\qp_lab\qpc\include\qs.h) not referenced
"C:\qp_lab\qpc\include\qs.h" 1146 1 Info 768: global struct member 'QSrxPriv::buf' (line 1146, file C:\qp_lab\qpc\include\qs.h) not referenced
"C:\qp_lab\qpc\include\qs.h" 1147 1 Info 768: global struct member 'QSrxPriv::end' (line 1147, file C:\qp_lab\qpc\include\qs.h) not referenced
"C:\qp_lab\qpc\include\qs.h" 1148 1 Info 768: global struct member 'QSrxPriv::head' (line 1148, file C:\qp_lab\qpc\include\qs.h) not referenced
"C:\qp_lab\qpc\include\qs.h" 1149 1 Info 768: global struct member 'QSrxPriv::tail' (line 1149, file C:\qp_lab\qpc\include\qs.h) not referenced
 Note 900: Successful completion, 422 messages produced

Count   Type    Number  Text

13      Warning 526     Symbol '___' (___) not defined
33      Info    714     Symbol '___' (___) not referenced
1       Info    729     Symbol '___' (___) not explicitly initialized
110     Info    755     global macro '___' (___) not referenced
8       Info    756     global typedef '___' (___) not referenced
36      Info    757     global declarator '___' (___) not referenced
5       Info    758     global ___ '___' (___) not referenced
37      Info    759     header declaration for symbol '___' defined at (___) could be moved from header to module
37      Info    765     external '___' (___) could be made static
17      Info    768     global struct member '___' (___) not referenced
77      Info    769     global enumeration constant '___' (___) not referenced
1       Note    900     Successful completion, ___ messages produced
48      Note    960     Violates MISRA 2004 Required Rule ___, ___
