
--- Module:   C:\qp_lab\qpc\examples\arm-cm\dpp_efm32-slstk3401a\philo.c (C)
"C:\qp_lab\qpc\ports\arm-cm\qk\gnu\qf_port.h" 69 13 Note 961: Violates MISRA 2004 Advisory Rule 19.7, Function-like macro defined: 'QF_PRIMASK_DISABLE' 
"C:\qp_lab\qpc\ports\arm-cm\qk\gnu\qf_port.h" 69 59 Note 960: Violates MISRA 2004 Required Rule 19.4, Disallowed definition for macro 'QF_PRIMASK_DISABLE'
"C:\qp_lab\qpc\ports\arm-cm\qk\gnu\qf_port.h" 70 13 Note 961: Violates MISRA 2004 Advisory Rule 19.7, Function-like macro defined: 'QF_PRIMASK_ENABLE' 
"C:\qp_lab\qpc\ports\arm-cm\qk\gnu\qf_port.h" 70 59 Note 960: Violates MISRA 2004 Required Rule 19.4, Disallowed definition for macro 'QF_PRIMASK_ENABLE'
"C:\qp_lab\qpc\ports\arm-cm\qk\gnu\qk_port.h" 47 8 Note 950: Non-ANSI reserved word or construct: 'inline' [MISRA 2004 Rule 1.1, required], [MISRA 2004 Rule 2.2, required]
"C:\qp_lab\qpc\ports\arm-cm\qk\gnu\qk_port.h" 47 15 Warning 618: Storage class specified after a type
"C:\qp_lab\qpc\ports\arm-cm\qk\gnu\qk_port.h" 47 15 Note 963: Qualifier const or volatile precedes a type; use +fqb to reverse the test
"C:\qp_lab\qpc\ports\arm-cm\qk\gnu\qk_port.h" 47 42 Note 960: Violates MISRA 2004 Required Rule 8.5, object/function definition in header file: 'QK_get_IPSR' 
"C:\qp_lab\qpc\ports\arm-cm\qk\gnu\qk_port.h" 48 21 Note 960: Violates MISRA 2004 Required Rule 8.5, object/function definition in header file: 'regIPSR' 
"C:\qp_lab\qpc\ports\arm-cm\qk\gnu\qk_port.h" 49 52 Note 960: Violates MISRA 2004 Required Rule 14.3, null statement not in line by itself
"C:\qp_lab\qpc\ports\arm-cm\qk\gnu\qk_port.h" 50 19 Warning 530: Symbol 'regIPSR' (line 48) not initialized [MISRA 2004 Rule 9.1, required]
"C:\qp_lab\qpc\ports\arm-cm\qk\gnu\qk_port.h" 48 1 Info 830: Location cited in prior message
"C:\qp_lab\qpc\ports\arm-cm\qk\gnu\qk_port.h" 65 9 Note 961: Violates MISRA 2004 Advisory Rule 19.7, Function-like macro defined: 'QK_INIT' 
"C:\qp_lab\qpc\ports\arm-cm\qk\gnu\qk_port.h" 65 27 Note 960: Violates MISRA 2004 Required Rule 19.4, Disallowed definition for macro 'QK_INIT'
"C:\qp_lab\qpc\ports\arm-cm\qk\gnu\qs_port.h" 58 10 Warning 537: Repeated include file 'C:\qp_lab\qpc\ports\arm-cm\qk\gnu\qf_port.h'
"C:\qp_lab\qpc\include\qpc.h" 98 9 Note 961: Violates MISRA 2004 Advisory Rule 19.7, Function-like macro defined: 'QMSM_INIT' 
"C:\qp_lab\qpc\include\qpc.h" 98 53 Note 960: Violates MISRA 2004 Required Rule 19.4, Disallowed definition for macro 'QMSM_INIT'
"C:\qp_lab\qpc\include\qpc.h" 102 9 Note 961: Violates MISRA 2004 Advisory Rule 19.7, Function-like macro defined: 'QMSM_DISPATCH' 
"C:\qp_lab\qpc\include\qpc.h" 102 57 Note 960: Violates MISRA 2004 Required Rule 19.4, Disallowed definition for macro 'QMSM_DISPATCH'
"C:\qp_lab\qpc\examples\arm-cm\dpp_efm32-slstk3401a\dpp.h" 35 76 Note 960: Violates MISRA 2004 Required Rule 10.1, Implicit conversion changes signedness
"C:\qp_lab\qpc\examples\arm-cm\dpp_efm32-slstk3401a\dpp.h" 35 77 Note 960: Violates MISRA 2004 Required Rule 10.1, Implicit conversion changes signedness
"C:\qp_lab\qpc\examples\arm-cm\dpp_efm32-slstk3401a\philo.c" 26 76 Note 960: Violates MISRA 2004 Required Rule 10.1, Implicit conversion changes signedness
"C:\qp_lab\qpc\examples\arm-cm\dpp_efm32-slstk3401a\philo.c" 26 77 Note 960: Violates MISRA 2004 Required Rule 10.1, Implicit conversion changes signedness
"C:\qp_lab\qpc\examples\arm-cm\dpp_efm32-slstk3401a\philo.c" 121 42 Warning 534: Ignoring return value of function 'QTimeEvt_disarm(struct QTimeEvt *)' (compare with line 498, file C:\qp_lab\qpc\include\qf.h) [Encompasses MISRA 2004 Rule 16.10, required]
"C:\qp_lab\qpc\include\qf.h" 498 1 Info 830: Location cited in prior message

--- Module:   C:\qp_lab\qpc\examples\arm-cm\dpp_efm32-slstk3401a\table.c (C)
"C:\qp_lab\qpc\ports\arm-cm\qk\gnu\qf_port.h" 69 13 Note 961: Violates MISRA 2004 Advisory Rule 19.7, Function-like macro defined: 'QF_PRIMASK_DISABLE' 
"C:\qp_lab\qpc\ports\arm-cm\qk\gnu\qf_port.h" 69 59 Note 960: Violates MISRA 2004 Required Rule 19.4, Disallowed definition for macro 'QF_PRIMASK_DISABLE'
"C:\qp_lab\qpc\ports\arm-cm\qk\gnu\qf_port.h" 70 13 Note 961: Violates MISRA 2004 Advisory Rule 19.7, Function-like macro defined: 'QF_PRIMASK_ENABLE' 
"C:\qp_lab\qpc\ports\arm-cm\qk\gnu\qf_port.h" 70 59 Note 960: Violates MISRA 2004 Required Rule 19.4, Disallowed definition for macro 'QF_PRIMASK_ENABLE'
"C:\qp_lab\qpc\ports\arm-cm\qk\gnu\qk_port.h" 47 8 Note 950: Non-ANSI reserved word or construct: 'inline' [MISRA 2004 Rule 1.1, required], [MISRA 2004 Rule 2.2, required]
"C:\qp_lab\qpc\ports\arm-cm\qk\gnu\qk_port.h" 47 15 Warning 618: Storage class specified after a type
"C:\qp_lab\qpc\ports\arm-cm\qk\gnu\qk_port.h" 47 15 Note 963: Qualifier const or volatile precedes a type; use +fqb to reverse the test
"C:\qp_lab\qpc\ports\arm-cm\qk\gnu\qk_port.h" 47 42 Note 960: Violates MISRA 2004 Required Rule 8.5, object/function definition in header file: 'QK_get_IPSR' 
"C:\qp_lab\qpc\ports\arm-cm\qk\gnu\qk_port.h" 48 21 Note 960: Violates MISRA 2004 Required Rule 8.5, object/function definition in header file: 'regIPSR' 
"C:\qp_lab\qpc\ports\arm-cm\qk\gnu\qk_port.h" 49 52 Note 960: Violates MISRA 2004 Required Rule 14.3, null statement not in line by itself
"C:\qp_lab\qpc\ports\arm-cm\qk\gnu\qk_port.h" 50 19 Warning 530: Symbol 'regIPSR' (line 48) not initialized [MISRA 2004 Rule 9.1, required]
"C:\qp_lab\qpc\ports\arm-cm\qk\gnu\qk_port.h" 48 1 Info 830: Location cited in prior message
"C:\qp_lab\qpc\ports\arm-cm\qk\gnu\qk_port.h" 65 9 Note 961: Violates MISRA 2004 Advisory Rule 19.7, Function-like macro defined: 'QK_INIT' 
"C:\qp_lab\qpc\ports\arm-cm\qk\gnu\qk_port.h" 65 27 Note 960: Violates MISRA 2004 Required Rule 19.4, Disallowed definition for macro 'QK_INIT'
"C:\qp_lab\qpc\ports\arm-cm\qk\gnu\qs_port.h" 58 10 Warning 537: Repeated include file 'C:\qp_lab\qpc\ports\arm-cm\qk\gnu\qf_port.h'
"C:\qp_lab\qpc\include\qpc.h" 98 9 Note 961: Violates MISRA 2004 Advisory Rule 19.7, Function-like macro defined: 'QMSM_INIT' 
"C:\qp_lab\qpc\include\qpc.h" 98 53 Note 960: Violates MISRA 2004 Required Rule 19.4, Disallowed definition for macro 'QMSM_INIT'
"C:\qp_lab\qpc\include\qpc.h" 102 9 Note 961: Violates MISRA 2004 Advisory Rule 19.7, Function-like macro defined: 'QMSM_DISPATCH' 
"C:\qp_lab\qpc\include\qpc.h" 102 57 Note 960: Violates MISRA 2004 Required Rule 19.4, Disallowed definition for macro 'QMSM_DISPATCH'
"C:\qp_lab\qpc\examples\arm-cm\dpp_efm32-slstk3401a\dpp.h" 35 76 Note 960: Violates MISRA 2004 Required Rule 10.1, Implicit conversion changes signedness
"C:\qp_lab\qpc\examples\arm-cm\dpp_efm32-slstk3401a\dpp.h" 35 77 Note 960: Violates MISRA 2004 Required Rule 10.1, Implicit conversion changes signedness
"C:\qp_lab\qpc\examples\arm-cm\dpp_efm32-slstk3401a\table.c" 26 76 Note 960: Violates MISRA 2004 Required Rule 10.1, Implicit conversion changes signedness
"C:\qp_lab\qpc\examples\arm-cm\dpp_efm32-slstk3401a\table.c" 26 77 Note 960: Violates MISRA 2004 Required Rule 10.1, Implicit conversion changes signedness
"C:\qp_lab\qpc\examples\arm-cm\dpp_efm32-slstk3401a\table.c" 56 18 Error 18: Symbol 'AO_Table' redeclared (ptrs to strong) conflicts with line 61, file C:\qp_lab\qpc\examples\arm-cm\dpp_efm32-slstk3401a\dpp.h, module C:\qp_lab\qpc\examples\arm-cm\dpp_efm32-slstk3401a\philo.c [Encompasses MISRA 2004 Rule 8.3, required], [Encompasses MISRA 2004 Rule 8.4, required]
"C:\qp_lab\qpc\examples\arm-cm\dpp_efm32-slstk3401a\dpp.h" 61 1 Info 830: Location cited in prior message
"C:\qp_lab\qpc\examples\arm-cm\dpp_efm32-slstk3401a\table.c" 117 21 Warning 527: Unreachable code at token 'status_' [MISRA 2004 Rule 14.1, required]
"C:\qp_lab\qpc\examples\arm-cm\dpp_efm32-slstk3401a\table.c" 225 21 Warning 527: Unreachable code at token 'status_' [MISRA 2004 Rule 14.1, required]
"C:\qp_lab\qpc\examples\arm-cm\dpp_efm32-slstk3401a\dpp.h" 61 1 Note 960: Violates MISRA 2004 Required Rule 8.7, could define variable at block scope: 'AO_Table' at location line 61, file C:\qp_lab\qpc\examples\arm-cm\dpp_efm32-slstk3401a\dpp.h, module C:\qp_lab\qpc\examples\arm-cm\dpp_efm32-slstk3401a\philo.c

/// Start of Pass 2 ///

--- Module:   C:\qp_lab\qpc\examples\arm-cm\dpp_efm32-slstk3401a\philo.c (C)

--- Module:   C:\qp_lab\qpc\examples\arm-cm\dpp_efm32-slstk3401a\table.c (C)

--- Global Wrap-up

 Note 960: Violates MISRA 2004 Required Rule 8.9, undefined symbol: 'QS_mem' 
 Note 960: Violates MISRA 2004 Required Rule 8.9, undefined symbol: 'the_Ticker0' 
 Note 960: Violates MISRA 2004 Required Rule 8.9, undefined symbol: 'QTicker_ctor' 
 Note 960: Violates MISRA 2004 Required Rule 8.9, undefined symbol: 'Q_APP_BUILD_DATE' 
 Note 960: Violates MISRA 2004 Required Rule 8.9, undefined symbol: 'Q_APP_BUILD_TIME' 
 Note 960: Violates MISRA 2004 Required Rule 8.9, undefined symbol: 'QMActive_ctor' 
"C:\qp_lab\qpc\include\qs.h" 287 1 Warning 526: Symbol 'QS_obj_dict(const void *, const char_t *)' (line 287, file C:\qp_lab\qpc\include\qs.h, module C:\qp_lab\qpc\examples\arm-cm\dpp_efm32-slstk3401a\philo.c) not defined
 Note 960: Violates MISRA 2004 Required Rule 8.9, undefined symbol: 'QS_obj_dict' 
 Note 960: Violates MISRA 2004 Required Rule 8.9, undefined symbol: 'QS_onStartup' 
 Note 960: Violates MISRA 2004 Required Rule 8.9, undefined symbol: 'QS_onCleanup' 
 Note 960: Violates MISRA 2004 Required Rule 8.9, undefined symbol: 'QS_onCommand' 
 Note 960: Violates MISRA 2004 Required Rule 8.9, undefined symbol: 'QS_onFlush' 
 Note 960: Violates MISRA 2004 Required Rule 8.9, undefined symbol: 'QS_onGetTime' 
 Note 960: Violates MISRA 2004 Required Rule 8.9, undefined symbol: 'QS_onReset' 
 Note 960: Violates MISRA 2004 Required Rule 8.9, undefined symbol: 'QS_priv_' 
"C:\qp_lab\qpc\examples\arm-cm\dpp_efm32-slstk3401a\table.c" 60 1 Info 759: header declaration for symbol 'Table_ctor(void)' defined at (line 60, file C:\qp_lab\qpc\examples\arm-cm\dpp_efm32-slstk3401a\table.c) could be moved from header to module
"C:\qp_lab\qpc\examples\arm-cm\dpp_efm32-slstk3401a\table.c" 60 1 Info 765: external 'Table_ctor(void)' (line 60, file C:\qp_lab\qpc\examples\arm-cm\dpp_efm32-slstk3401a\table.c) could be made static [MISRA 2004 Rule 8.10, required]
 Note 960: Violates MISRA 2004 Required Rule 8.9, undefined symbol: 'QK_init' 
 Note 960: Violates MISRA 2004 Required Rule 8.9, undefined symbol: 'QF_noTimeEvtsActiveX' 
"C:\qp_lab\qpc\include\qf.h" 670 1 Warning 526: Symbol 'QF_newX_(uint_fast16_t, uint_fast16_t, enum_t)' (line 670, file C:\qp_lab\qpc\include\qf.h, module C:\qp_lab\qpc\examples\arm-cm\dpp_efm32-slstk3401a\philo.c) not defined
 Note 960: Violates MISRA 2004 Required Rule 8.9, undefined symbol: 'QF_newX_' 
 Note 960: Violates MISRA 2004 Required Rule 8.9, undefined symbol: 'QF_newRef_' 
"C:\qp_lab\qpc\examples\arm-cm\dpp_efm32-slstk3401a\bsp.h" 40 1 Warning 526: Symbol 'BSP_displayPaused(uint8_t)' (line 40, file C:\qp_lab\qpc\examples\arm-cm\dpp_efm32-slstk3401a\bsp.h, module C:\qp_lab\qpc\examples\arm-cm\dpp_efm32-slstk3401a\philo.c) not defined
 Note 960: Violates MISRA 2004 Required Rule 8.9, undefined symbol: 'BSP_displayPaused' 
"C:\qp_lab\qpc\examples\arm-cm\dpp_efm32-slstk3401a\bsp.h" 41 1 Warning 526: Symbol 'BSP_displayPhilStat(uint8_t, const char_t *)' (line 41, file C:\qp_lab\qpc\examples\arm-cm\dpp_efm32-slstk3401a\bsp.h, module C:\qp_lab\qpc\examples\arm-cm\dpp_efm32-slstk3401a\philo.c) not defined
 Note 960: Violates MISRA 2004 Required Rule 8.9, undefined symbol: 'BSP_displayPhilStat' 
 Note 960: Violates MISRA 2004 Required Rule 8.9, undefined symbol: 'BSP_init' 
 Note 960: Violates MISRA 2004 Required Rule 8.9, undefined symbol: 'BSP_randomSeed' 
"C:\qp_lab\qpc\examples\arm-cm\dpp_efm32-slstk3401a\bsp.h" 45 1 Warning 526: Symbol 'BSP_random(void)' (line 45, file C:\qp_lab\qpc\examples\arm-cm\dpp_efm32-slstk3401a\bsp.h, module C:\qp_lab\qpc\examples\arm-cm\dpp_efm32-slstk3401a\philo.c) not defined
 Note 960: Violates MISRA 2004 Required Rule 8.9, undefined symbol: 'BSP_random' 
 Note 960: Violates MISRA 2004 Required Rule 8.9, undefined symbol: 'BSP_ledOn' 
 Note 960: Violates MISRA 2004 Required Rule 8.9, undefined symbol: 'BSP_ledOff' 
 Note 960: Violates MISRA 2004 Required Rule 8.9, undefined symbol: 'BSP_terminate' 
 Note 960: Violates MISRA 2004 Required Rule 8.9, undefined symbol: 'BSP_wait4PB1' 
 Note 960: Violates MISRA 2004 Required Rule 8.9, undefined symbol: 'QF_onStartup' 
 Note 960: Violates MISRA 2004 Required Rule 8.9, undefined symbol: 'QF_onCleanup' 
 Note 960: Violates MISRA 2004 Required Rule 8.9, undefined symbol: 'QS_beginRec' 
 Note 960: Violates MISRA 2004 Required Rule 8.9, undefined symbol: 'QS_rxGetNfree' 
 Note 960: Violates MISRA 2004 Required Rule 8.9, undefined symbol: 'QS_rxInitBuf' 
 Note 960: Violates MISRA 2004 Required Rule 8.9, undefined symbol: 'QS_rxParse' 
 Note 960: Violates MISRA 2004 Required Rule 8.9, undefined symbol: 'QS_rxPriv_' 
 Note 960: Violates MISRA 2004 Required Rule 8.9, undefined symbol: 'QF_poolInit' 
 Note 960: Violates MISRA 2004 Required Rule 8.9, undefined symbol: 'QF_poolGetMaxBlockSize' 
 Note 960: Violates MISRA 2004 Required Rule 8.9, undefined symbol: 'QF_psInit' 
"C:\qp_lab\qpc\include\qf.h" 568 1 Warning 526: Symbol 'QF_publish_(const QEvt *, const void *)' (line 568, file C:\qp_lab\qpc\include\qf.h, module C:\qp_lab\qpc\examples\arm-cm\dpp_efm32-slstk3401a\philo.c) not defined
 Note 960: Violates MISRA 2004 Required Rule 8.9, undefined symbol: 'QF_publish_' 
 Note 960: Violates MISRA 2004 Required Rule 8.9, undefined symbol: 'QP_versionStr' 
 Note 960: Violates MISRA 2004 Required Rule 8.9, undefined symbol: 'QS_str_' 
 Note 960: Violates MISRA 2004 Required Rule 8.9, undefined symbol: 'QS_str' 
"C:\qp_lab\qpc\include\qs.h" 283 1 Warning 526: Symbol 'QS_sig_dict(enum_t, const void *, const char_t *)' (line 283, file C:\qp_lab\qpc\include\qs.h, module C:\qp_lab\qpc\examples\arm-cm\dpp_efm32-slstk3401a\philo.c) not defined
 Note 960: Violates MISRA 2004 Required Rule 8.9, undefined symbol: 'QS_sig_dict' 
 Note 960: Violates MISRA 2004 Required Rule 8.9, undefined symbol: 'QF_active_' 
 Note 960: Violates MISRA 2004 Required Rule 8.9, undefined symbol: 'QF_add_' 
 Note 960: Violates MISRA 2004 Required Rule 8.9, undefined symbol: 'QF_remove_' 
 Note 960: Violates MISRA 2004 Required Rule 8.9, undefined symbol: 'QF_bzero' 
 Note 960: Violates MISRA 2004 Required Rule 8.9, undefined symbol: 'QF_run' 
 Note 960: Violates MISRA 2004 Required Rule 8.9, undefined symbol: 'QS_endRec' 
 Note 960: Violates MISRA 2004 Required Rule 8.9, undefined symbol: 'QS_u16' 
 Note 960: Violates MISRA 2004 Required Rule 8.9, undefined symbol: 'QS_u16_' 
 Note 960: Violates MISRA 2004 Required Rule 8.9, undefined symbol: 'QS_u32' 
 Note 960: Violates MISRA 2004 Required Rule 8.9, undefined symbol: 'QS_u32_' 
 Note 960: Violates MISRA 2004 Required Rule 8.9, undefined symbol: 'QS_u8' 
 Note 960: Violates MISRA 2004 Required Rule 8.9, undefined symbol: 'QS_u8_' 
 Note 960: Violates MISRA 2004 Required Rule 8.9, undefined symbol: 'QS_u8u8_' 
 Note 960: Violates MISRA 2004 Required Rule 8.9, undefined symbol: 'QS_usr_dict' 
"C:\qp_lab\qpc\include\qf.h" 163 1 Warning 526: Symbol 'QActive_ctor(struct QActive *, QStateHandler)' (line 163, file C:\qp_lab\qpc\include\qf.h, module C:\qp_lab\qpc\examples\arm-cm\dpp_efm32-slstk3401a\philo.c) not defined
 Note 960: Violates MISRA 2004 Required Rule 8.9, undefined symbol: 'QActive_ctor' 
 Note 960: Violates MISRA 2004 Required Rule 8.9, undefined symbol: 'QActive_postLIFO_' 
 Note 960: Violates MISRA 2004 Required Rule 8.9, undefined symbol: 'QActive_defer' 
 Note 960: Violates MISRA 2004 Required Rule 8.9, undefined symbol: 'QActive_flushDeferred' 
 Note 960: Violates MISRA 2004 Required Rule 8.9, undefined symbol: 'QActive_get_' 
 Note 960: Violates MISRA 2004 Required Rule 8.9, undefined symbol: 'QActive_post_' 
 Note 960: Violates MISRA 2004 Required Rule 8.9, undefined symbol: 'QActive_recall' 
 Note 960: Violates MISRA 2004 Required Rule 8.9, undefined symbol: 'QActive_setAttr' 
 Note 960: Violates MISRA 2004 Required Rule 8.9, undefined symbol: 'QActive_start_' 
 Note 960: Violates MISRA 2004 Required Rule 8.9, undefined symbol: 'QActive_stop' 
"C:\qp_lab\qpc\include\qf.h" 328 1 Warning 526: Symbol 'QActive_subscribe(const struct QActive *, enum_t)' (line 328, file C:\qp_lab\qpc\include\qf.h, module C:\qp_lab\qpc\examples\arm-cm\dpp_efm32-slstk3401a\philo.c) not defined
 Note 960: Violates MISRA 2004 Required Rule 8.9, undefined symbol: 'QActive_subscribe' 
 Note 960: Violates MISRA 2004 Required Rule 8.9, undefined symbol: 'QActive_unsubscribe' 
 Note 960: Violates MISRA 2004 Required Rule 8.9, undefined symbol: 'QActive_unsubscribeAll' 
 Note 960: Violates MISRA 2004 Required Rule 8.9, undefined symbol: 'QF_stop' 
 Note 960: Violates MISRA 2004 Required Rule 8.9, undefined symbol: 'QHsm_childState_' 
 Note 960: Violates MISRA 2004 Required Rule 8.9, undefined symbol: 'QHsm_ctor' 
 Note 960: Violates MISRA 2004 Required Rule 8.9, undefined symbol: 'QHsm_dispatch_' 
 Note 960: Violates MISRA 2004 Required Rule 8.9, undefined symbol: 'QHsm_init_' 
 Note 960: Violates MISRA 2004 Required Rule 8.9, undefined symbol: 'QHsm_isIn' 
"C:\qp_lab\qpc\include\qep.h" 361 1 Warning 526: Symbol 'QHsm_top(const void *, const QEvt *)' (line 361, file C:\qp_lab\qpc\include\qep.h, module C:\qp_lab\qpc\examples\arm-cm\dpp_efm32-slstk3401a\philo.c) not defined
 Note 960: Violates MISRA 2004 Required Rule 8.9, undefined symbol: 'QHsm_top' 
 Note 960: Violates MISRA 2004 Required Rule 8.9, undefined symbol: 'QS_filterOff' 
 Note 960: Violates MISRA 2004 Required Rule 8.9, undefined symbol: 'QS_f32' 
 Note 960: Violates MISRA 2004 Required Rule 8.9, undefined symbol: 'QS_f64' 
 Note 960: Violates MISRA 2004 Required Rule 8.9, undefined symbol: 'QS_filterOn' 
"C:\qp_lab\qpc\include\qs.h" 291 1 Warning 526: Symbol 'QS_fun_dict(void (*)(void), const char_t *)' (line 291, file C:\qp_lab\qpc\include\qs.h, module C:\qp_lab\qpc\examples\arm-cm\dpp_efm32-slstk3401a\philo.c) not defined
 Note 960: Violates MISRA 2004 Required Rule 8.9, undefined symbol: 'QS_fun_dict' 
 Note 960: Violates MISRA 2004 Required Rule 8.9, undefined symbol: 'QF_tickX_' 
 Note 960: Violates MISRA 2004 Required Rule 8.9, undefined symbol: 'QK_onIdle' 
 Note 960: Violates MISRA 2004 Required Rule 8.9, undefined symbol: 'QS_getByte' 
 Note 960: Violates MISRA 2004 Required Rule 8.9, undefined symbol: 'QS_getBlock' 
"C:\qp_lab\qpc\include\qf.h" 491 1 Warning 526: Symbol 'QTimeEvt_armX(struct QTimeEvt *, QTimeEvtCtr, QTimeEvtCtr)' (line 491, file C:\qp_lab\qpc\include\qf.h, module C:\qp_lab\qpc\examples\arm-cm\dpp_efm32-slstk3401a\philo.c) not defined
 Note 960: Violates MISRA 2004 Required Rule 8.9, undefined symbol: 'QTimeEvt_armX' 
"C:\qp_lab\qpc\include\qf.h" 487 1 Warning 526: Symbol 'QTimeEvt_ctorX(struct QTimeEvt *, struct QActive *, enum_t, uint_fast8_t)' (line 487, file C:\qp_lab\qpc\include\qf.h, module C:\qp_lab\qpc\examples\arm-cm\dpp_efm32-slstk3401a\philo.c) not defined
 Note 960: Violates MISRA 2004 Required Rule 8.9, undefined symbol: 'QTimeEvt_ctorX' 
 Note 960: Violates MISRA 2004 Required Rule 8.9, undefined symbol: 'QTimeEvt_rearm' 
"C:\qp_lab\qpc\include\qf.h" 498 1 Warning 526: Symbol 'QTimeEvt_disarm(struct QTimeEvt *)' (line 498, file C:\qp_lab\qpc\include\qf.h, module C:\qp_lab\qpc\examples\arm-cm\dpp_efm32-slstk3401a\philo.c) not defined
 Note 960: Violates MISRA 2004 Required Rule 8.9, undefined symbol: 'QTimeEvt_disarm' 
 Note 960: Violates MISRA 2004 Required Rule 8.9, undefined symbol: 'QTimeEvt_ctr' 
 Note 960: Violates MISRA 2004 Required Rule 8.9, undefined symbol: 'QEQueue_get' 
 Note 960: Violates MISRA 2004 Required Rule 8.9, undefined symbol: 'QEQueue_init' 
 Note 960: Violates MISRA 2004 Required Rule 8.9, undefined symbol: 'QEQueue_post' 
 Note 960: Violates MISRA 2004 Required Rule 8.9, undefined symbol: 'QEQueue_postLIFO' 
 Note 960: Violates MISRA 2004 Required Rule 8.9, undefined symbol: 'QK_activate_' 
 Note 960: Violates MISRA 2004 Required Rule 8.9, undefined symbol: 'QK_attr_' 
 Note 960: Violates MISRA 2004 Required Rule 8.9, undefined symbol: 'QS_initBuf' 
 Note 960: Violates MISRA 2004 Required Rule 8.9, undefined symbol: 'QF_gc' 
"C:\qp_lab\qpc\examples\arm-cm\dpp_efm32-slstk3401a\philo.c" 68 1 Info 759: header declaration for symbol 'Philo_ctor(void)' defined at (line 68, file C:\qp_lab\qpc\examples\arm-cm\dpp_efm32-slstk3401a\philo.c) could be moved from header to module
"C:\qp_lab\qpc\examples\arm-cm\dpp_efm32-slstk3401a\philo.c" 68 1 Info 765: external 'Philo_ctor(void)' (line 68, file C:\qp_lab\qpc\examples\arm-cm\dpp_efm32-slstk3401a\philo.c) could be made static [MISRA 2004 Rule 8.10, required]
 Note 960: Violates MISRA 2004 Required Rule 8.9, undefined symbol: 'QF_getPoolMin' 
 Note 960: Violates MISRA 2004 Required Rule 8.9, undefined symbol: 'QF_getQueueMin' 
 Note 960: Violates MISRA 2004 Required Rule 8.9, undefined symbol: 'QMPool_get' 
 Note 960: Violates MISRA 2004 Required Rule 8.9, undefined symbol: 'QMPool_init' 
 Note 960: Violates MISRA 2004 Required Rule 8.9, undefined symbol: 'QMPool_put' 
"C:\qp_lab\qpc\include\qassert.h" 229 1 Warning 526: Symbol 'Q_onAssert(const char_t *, int_t)' (line 229, file C:\qp_lab\qpc\include\qassert.h, module C:\qp_lab\qpc\examples\arm-cm\dpp_efm32-slstk3401a\philo.c) not defined
 Note 960: Violates MISRA 2004 Required Rule 8.9, undefined symbol: 'Q_onAssert' 
 Note 960: Violates MISRA 2004 Required Rule 8.9, undefined symbol: 'QK_sched_' 
 Note 960: Violates MISRA 2004 Required Rule 8.9, undefined symbol: 'QK_schedLock' 
 Note 960: Violates MISRA 2004 Required Rule 8.9, undefined symbol: 'QK_schedUnlock' 
 Note 960: Violates MISRA 2004 Required Rule 8.9, undefined symbol: 'QMsm_childStateObj_' 
 Note 960: Violates MISRA 2004 Required Rule 8.9, undefined symbol: 'QMsm_ctor' 
 Note 960: Violates MISRA 2004 Required Rule 8.9, undefined symbol: 'QMsm_dispatch_' 
 Note 960: Violates MISRA 2004 Required Rule 8.9, undefined symbol: 'QMsm_init_' 
 Note 960: Violates MISRA 2004 Required Rule 8.9, undefined symbol: 'QMsm_isInState' 
 Note 960: Violates MISRA 2004 Required Rule 8.9, undefined symbol: 'QF_init' 
"C:\qp_lab\qpc\examples\arm-cm\dpp_efm32-slstk3401a\philo.c" 58 1 Info 759: header declaration for symbol 'AO_Philo' defined at (line 58, file C:\qp_lab\qpc\examples\arm-cm\dpp_efm32-slstk3401a\philo.c) could be moved from header to module
"C:\qp_lab\qpc\examples\arm-cm\dpp_efm32-slstk3401a\philo.c" 58 1 Info 765: external 'AO_Philo' (line 58, file C:\qp_lab\qpc\examples\arm-cm\dpp_efm32-slstk3401a\philo.c) could be made static [MISRA 2004 Rule 8.10, required]
"C:\qp_lab\qpc\include\qs.h" 153 1 Info 758: global enum 'QSpyRecordGroups' (line 153, file C:\qp_lab\qpc\include\qs.h) not referenced
"C:\qp_lab\qpc\include\qs.h" 171 1 Info 758: global enum 'QSpyUserRecords' (line 171, file C:\qp_lab\qpc\include\qs.h) not referenced
"C:\qp_lab\qpc\include\qs.h" 777 1 Info 758: global enum '(untagged)' (line 777, file C:\qp_lab\qpc\include\qs.h) not referenced
"C:\qp_lab\qpc\include\qs.h" 1092 1 Info 758: global enum 'QSpyRxRecords' (line 1092, file C:\qp_lab\qpc\include\qs.h) not referenced
"C:\qp_lab\qpc\include\qep.h" 497 1 Info 769: global enumeration constant 'Q_RET_SUPER_SUB' (line 497, file C:\qp_lab\qpc\include\qep.h) not referenced
"C:\qp_lab\qpc\include\qep.h" 502 1 Info 769: global enumeration constant 'Q_RET_IGNORED' (line 502, file C:\qp_lab\qpc\include\qep.h) not referenced
"C:\qp_lab\qpc\include\qep.h" 505 1 Info 769: global enumeration constant 'Q_RET_ENTRY' (line 505, file C:\qp_lab\qpc\include\qep.h) not referenced
"C:\qp_lab\qpc\include\qep.h" 506 1 Info 769: global enumeration constant 'Q_RET_EXIT' (line 506, file C:\qp_lab\qpc\include\qep.h) not referenced
"C:\qp_lab\qpc\include\qep.h" 509 1 Info 769: global enumeration constant 'Q_RET_NULL' (line 509, file C:\qp_lab\qpc\include\qep.h) not referenced
"C:\qp_lab\qpc\include\qep.h" 513 1 Info 769: global enumeration constant 'Q_RET_TRAN_INIT' (line 513, file C:\qp_lab\qpc\include\qep.h) not referenced
"C:\qp_lab\qpc\include\qep.h" 514 1 Info 769: global enumeration constant 'Q_RET_TRAN_EP' (line 514, file C:\qp_lab\qpc\include\qep.h) not referenced
"C:\qp_lab\qpc\include\qep.h" 517 1 Info 769: global enumeration constant 'Q_RET_TRAN_HIST' (line 517, file C:\qp_lab\qpc\include\qep.h) not referenced
"C:\qp_lab\qpc\include\qep.h" 518 1 Info 769: global enumeration constant 'Q_RET_TRAN_XP' (line 518, file C:\qp_lab\qpc\include\qep.h) not referenced
"C:\qp_lab\qpc\include\qep.h" 611 1 Info 769: global enumeration constant 'Q_INIT_SIG' (line 611, file C:\qp_lab\qpc\include\qep.h) not referenced
"C:\qp_lab\qpc\include\qs.h" 67 1 Info 769: global enumeration constant 'QSpyRecords::QS_EMPTY' (line 67, file C:\qp_lab\qpc\include\qs.h) not referenced
"C:\qp_lab\qpc\include\qs.h" 70 1 Info 769: global enumeration constant 'QSpyRecords::QS_QEP_STATE_ENTRY' (line 70, file C:\qp_lab\qpc\include\qs.h) not referenced
"C:\qp_lab\qpc\include\qs.h" 71 1 Info 769: global enumeration constant 'QSpyRecords::QS_QEP_STATE_EXIT' (line 71, file C:\qp_lab\qpc\include\qs.h) not referenced
"C:\qp_lab\qpc\include\qs.h" 72 1 Info 769: global enumeration constant 'QSpyRecords::QS_QEP_STATE_INIT' (line 72, file C:\qp_lab\qpc\include\qs.h) not referenced
"C:\qp_lab\qpc\include\qs.h" 73 1 Info 769: global enumeration constant 'QSpyRecords::QS_QEP_INIT_TRAN' (line 73, file C:\qp_lab\qpc\include\qs.h) not referenced
"C:\qp_lab\qpc\include\qs.h" 74 1 Info 769: global enumeration constant 'QSpyRecords::QS_QEP_INTERN_TRAN' (line 74, file C:\qp_lab\qpc\include\qs.h) not referenced
"C:\qp_lab\qpc\include\qs.h" 75 1 Info 769: global enumeration constant 'QSpyRecords::QS_QEP_TRAN' (line 75, file C:\qp_lab\qpc\include\qs.h) not referenced
"C:\qp_lab\qpc\include\qs.h" 76 1 Info 769: global enumeration constant 'QSpyRecords::QS_QEP_IGNORED' (line 76, file C:\qp_lab\qpc\include\qs.h) not referenced
"C:\qp_lab\qpc\include\qs.h" 77 1 Info 769: global enumeration constant 'QSpyRecords::QS_QEP_DISPATCH' (line 77, file C:\qp_lab\qpc\include\qs.h) not referenced
"C:\qp_lab\qpc\include\qs.h" 78 1 Info 769: global enumeration constant 'QSpyRecords::QS_QEP_UNHANDLED' (line 78, file C:\qp_lab\qpc\include\qs.h) not referenced
"C:\qp_lab\qpc\include\qs.h" 81 1 Info 769: global enumeration constant 'QSpyRecords::QS_QF_ACTIVE_ADD' (line 81, file C:\qp_lab\qpc\include\qs.h) not referenced
"C:\qp_lab\qpc\include\qs.h" 82 1 Info 769: global enumeration constant 'QSpyRecords::QS_QF_ACTIVE_REMOVE' (line 82, file C:\qp_lab\qpc\include\qs.h) not referenced
"C:\qp_lab\qpc\include\qs.h" 83 1 Info 769: global enumeration constant 'QSpyRecords::QS_QF_ACTIVE_SUBSCRIBE' (line 83, file C:\qp_lab\qpc\include\qs.h) not referenced
"C:\qp_lab\qpc\include\qs.h" 84 1 Info 769: global enumeration constant 'QSpyRecords::QS_QF_ACTIVE_UNSUBSCRIBE' (line 84, file C:\qp_lab\qpc\include\qs.h) not referenced
"C:\qp_lab\qpc\include\qs.h" 85 1 Info 769: global enumeration constant 'QSpyRecords::QS_QF_ACTIVE_POST_FIFO' (line 85, file C:\qp_lab\qpc\include\qs.h) not referenced
"C:\qp_lab\qpc\include\qs.h" 86 1 Info 769: global enumeration constant 'QSpyRecords::QS_QF_ACTIVE_POST_LIFO' (line 86, file C:\qp_lab\qpc\include\qs.h) not referenced
"C:\qp_lab\qpc\include\qs.h" 87 1 Info 769: global enumeration constant 'QSpyRecords::QS_QF_ACTIVE_GET' (line 87, file C:\qp_lab\qpc\include\qs.h) not referenced
"C:\qp_lab\qpc\include\qs.h" 88 1 Info 769: global enumeration constant 'QSpyRecords::QS_QF_ACTIVE_GET_LAST' (line 88, file C:\qp_lab\qpc\include\qs.h) not referenced
"C:\qp_lab\qpc\include\qs.h" 89 1 Info 769: global enumeration constant 'QSpyRecords::QS_QF_EQUEUE_INIT' (line 89, file C:\qp_lab\qpc\include\qs.h) not referenced
"C:\qp_lab\qpc\include\qs.h" 90 1 Info 769: global enumeration constant 'QSpyRecords::QS_QF_EQUEUE_POST_FIFO' (line 90, file C:\qp_lab\qpc\include\qs.h) not referenced
"C:\qp_lab\qpc\include\qs.h" 91 1 Info 769: global enumeration constant 'QSpyRecords::QS_QF_EQUEUE_POST_LIFO' (line 91, file C:\qp_lab\qpc\include\qs.h) not referenced
"C:\qp_lab\qpc\include\qs.h" 92 1 Info 769: global enumeration constant 'QSpyRecords::QS_QF_EQUEUE_GET' (line 92, file C:\qp_lab\qpc\include\qs.h) not referenced
"C:\qp_lab\qpc\include\qs.h" 93 1 Info 769: global enumeration constant 'QSpyRecords::QS_QF_EQUEUE_GET_LAST' (line 93, file C:\qp_lab\qpc\include\qs.h) not referenced
"C:\qp_lab\qpc\include\qs.h" 94 1 Info 769: global enumeration constant 'QSpyRecords::QS_QF_MPOOL_INIT' (line 94, file C:\qp_lab\qpc\include\qs.h) not referenced
"C:\qp_lab\qpc\include\qs.h" 95 1 Info 769: global enumeration constant 'QSpyRecords::QS_QF_MPOOL_GET' (line 95, file C:\qp_lab\qpc\include\qs.h) not referenced
"C:\qp_lab\qpc\include\qs.h" 96 1 Info 769: global enumeration constant 'QSpyRecords::QS_QF_MPOOL_PUT' (line 96, file C:\qp_lab\qpc\include\qs.h) not referenced
"C:\qp_lab\qpc\include\qs.h" 97 1 Info 769: global enumeration constant 'QSpyRecords::QS_QF_PUBLISH' (line 97, file C:\qp_lab\qpc\include\qs.h) not referenced
"C:\qp_lab\qpc\include\qs.h" 98 1 Info 769: global enumeration constant 'QSpyRecords::QS_QF_RESERVED8' (line 98, file C:\qp_lab\qpc\include\qs.h) not referenced
"C:\qp_lab\qpc\include\qs.h" 99 1 Info 769: global enumeration constant 'QSpyRecords::QS_QF_NEW' (line 99, file C:\qp_lab\qpc\include\qs.h) not referenced
"C:\qp_lab\qpc\include\qs.h" 100 1 Info 769: global enumeration constant 'QSpyRecords::QS_QF_GC_ATTEMPT' (line 100, file C:\qp_lab\qpc\include\qs.h) not referenced
"C:\qp_lab\qpc\include\qs.h" 101 1 Info 769: global enumeration constant 'QSpyRecords::QS_QF_GC' (line 101, file C:\qp_lab\qpc\include\qs.h) not referenced
"C:\qp_lab\qpc\include\qs.h" 102 1 Info 769: global enumeration constant 'QSpyRecords::QS_QF_TICK' (line 102, file C:\qp_lab\qpc\include\qs.h) not referenced
"C:\qp_lab\qpc\include\qs.h" 103 1 Info 769: global enumeration constant 'QSpyRecords::QS_QF_TIMEEVT_ARM' (line 103, file C:\qp_lab\qpc\include\qs.h) not referenced
"C:\qp_lab\qpc\include\qs.h" 104 1 Info 769: global enumeration constant 'QSpyRecords::QS_QF_TIMEEVT_AUTO_DISARM' (line 104, file C:\qp_lab\qpc\include\qs.h) not referenced
"C:\qp_lab\qpc\include\qs.h" 105 1 Info 769: global enumeration constant 'QSpyRecords::QS_QF_TIMEEVT_DISARM_ATTEMPT' (line 105, file C:\qp_lab\qpc\include\qs.h) not referenced
"C:\qp_lab\qpc\include\qs.h" 106 1 Info 769: global enumeration constant 'QSpyRecords::QS_QF_TIMEEVT_DISARM' (line 106, file C:\qp_lab\qpc\include\qs.h) not referenced
"C:\qp_lab\qpc\include\qs.h" 107 1 Info 769: global enumeration constant 'QSpyRecords::QS_QF_TIMEEVT_REARM' (line 107, file C:\qp_lab\qpc\include\qs.h) not referenced
"C:\qp_lab\qpc\include\qs.h" 108 1 Info 769: global enumeration constant 'QSpyRecords::QS_QF_TIMEEVT_POST' (line 108, file C:\qp_lab\qpc\include\qs.h) not referenced
"C:\qp_lab\qpc\include\qs.h" 109 1 Info 769: global enumeration constant 'QSpyRecords::QS_QF_TIMEEVT_CTR' (line 109, file C:\qp_lab\qpc\include\qs.h) not referenced
"C:\qp_lab\qpc\include\qs.h" 110 1 Info 769: global enumeration constant 'QSpyRecords::QS_QF_CRIT_ENTRY' (line 110, file C:\qp_lab\qpc\include\qs.h) not referenced
"C:\qp_lab\qpc\include\qs.h" 111 1 Info 769: global enumeration constant 'QSpyRecords::QS_QF_CRIT_EXIT' (line 111, file C:\qp_lab\qpc\include\qs.h) not referenced
"C:\qp_lab\qpc\include\qs.h" 112 1 Info 769: global enumeration constant 'QSpyRecords::QS_QF_ISR_ENTRY' (line 112, file C:\qp_lab\qpc\include\qs.h) not referenced
"C:\qp_lab\qpc\include\qs.h" 113 1 Info 769: global enumeration constant 'QSpyRecords::QS_QF_ISR_EXIT' (line 113, file C:\qp_lab\qpc\include\qs.h) not referenced
"C:\qp_lab\qpc\include\qs.h" 114 1 Info 769: global enumeration constant 'QSpyRecords::QS_QF_INT_DISABLE' (line 114, file C:\qp_lab\qpc\include\qs.h) not referenced
"C:\qp_lab\qpc\include\qs.h" 115 1 Info 769: global enumeration constant 'QSpyRecords::QS_QF_INT_ENABLE' (line 115, file C:\qp_lab\qpc\include\qs.h) not referenced
"C:\qp_lab\qpc\include\qs.h" 116 1 Info 769: global enumeration constant 'QSpyRecords::QS_QF_ACTIVE_POST_ATTEMPT' (line 116, file C:\qp_lab\qpc\include\qs.h) not referenced
"C:\qp_lab\qpc\include\qs.h" 117 1 Info 769: global enumeration constant 'QSpyRecords::QS_QF_EQUEUE_POST_ATTEMPT' (line 117, file C:\qp_lab\qpc\include\qs.h) not referenced
"C:\qp_lab\qpc\include\qs.h" 118 1 Info 769: global enumeration constant 'QSpyRecords::QS_QF_MPOOL_GET_ATTEMPT' (line 118, file C:\qp_lab\qpc\include\qs.h) not referenced
"C:\qp_lab\qpc\include\qs.h" 119 1 Info 769: global enumeration constant 'QSpyRecords::QS_MUTEX_LOCK' (line 119, file C:\qp_lab\qpc\include\qs.h) not referenced
"C:\qp_lab\qpc\include\qs.h" 120 1 Info 769: global enumeration constant 'QSpyRecords::QS_MUTEX_UNLOCK' (line 120, file C:\qp_lab\qpc\include\qs.h) not referenced
"C:\qp_lab\qpc\include\qs.h" 123 1 Info 769: global enumeration constant 'QSpyRecords::QS_SCHED_LOCK' (line 123, file C:\qp_lab\qpc\include\qs.h) not referenced
"C:\qp_lab\qpc\include\qs.h" 124 1 Info 769: global enumeration constant 'QSpyRecords::QS_SCHED_UNLOCK' (line 124, file C:\qp_lab\qpc\include\qs.h) not referenced
"C:\qp_lab\qpc\include\qs.h" 125 1 Info 769: global enumeration constant 'QSpyRecords::QS_SCHED_NEXT' (line 125, file C:\qp_lab\qpc\include\qs.h) not referenced
"C:\qp_lab\qpc\include\qs.h" 126 1 Info 769: global enumeration constant 'QSpyRecords::QS_SCHED_IDLE' (line 126, file C:\qp_lab\qpc\include\qs.h) not referenced
"C:\qp_lab\qpc\include\qs.h" 127 1 Info 769: global enumeration constant 'QSpyRecords::QS_SCHED_RESUME' (line 127, file C:\qp_lab\qpc\include\qs.h) not referenced
"C:\qp_lab\qpc\include\qs.h" 130 1 Info 769: global enumeration constant 'QSpyRecords::QS_QEP_TRAN_HIST' (line 130, file C:\qp_lab\qpc\include\qs.h) not referenced
"C:\qp_lab\qpc\include\qs.h" 131 1 Info 769: global enumeration constant 'QSpyRecords::QS_QEP_TRAN_EP' (line 131, file C:\qp_lab\qpc\include\qs.h) not referenced
"C:\qp_lab\qpc\include\qs.h" 132 1 Info 769: global enumeration constant 'QSpyRecords::QS_QEP_TRAN_XP' (line 132, file C:\qp_lab\qpc\include\qs.h) not referenced
"C:\qp_lab\qpc\include\qs.h" 135 1 Info 769: global enumeration constant 'QSpyRecords::QS_TEST_PAUSED' (line 135, file C:\qp_lab\qpc\include\qs.h) not referenced
"C:\qp_lab\qpc\include\qs.h" 136 1 Info 769: global enumeration constant 'QSpyRecords::QS_TEST_PROBE_GET' (line 136, file C:\qp_lab\qpc\include\qs.h) not referenced
"C:\qp_lab\qpc\include\qs.h" 137 1 Info 769: global enumeration constant 'QSpyRecords::QS_SIG_DICT' (line 137, file C:\qp_lab\qpc\include\qs.h) not referenced
"C:\qp_lab\qpc\include\qs.h" 138 1 Info 769: global enumeration constant 'QSpyRecords::QS_OBJ_DICT' (line 138, file C:\qp_lab\qpc\include\qs.h) not referenced
"C:\qp_lab\qpc\include\qs.h" 139 1 Info 769: global enumeration constant 'QSpyRecords::QS_FUN_DICT' (line 139, file C:\qp_lab\qpc\include\qs.h) not referenced
"C:\qp_lab\qpc\include\qs.h" 140 1 Info 769: global enumeration constant 'QSpyRecords::QS_USR_DICT' (line 140, file C:\qp_lab\qpc\include\qs.h) not referenced
"C:\qp_lab\qpc\include\qs.h" 141 1 Info 769: global enumeration constant 'QSpyRecords::QS_TARGET_INFO' (line 141, file C:\qp_lab\qpc\include\qs.h) not referenced
"C:\qp_lab\qpc\include\qs.h" 142 1 Info 769: global enumeration constant 'QSpyRecords::QS_TARGET_DONE' (line 142, file C:\qp_lab\qpc\include\qs.h) not referenced
"C:\qp_lab\qpc\include\qs.h" 143 1 Info 769: global enumeration constant 'QSpyRecords::QS_RX_STATUS' (line 143, file C:\qp_lab\qpc\include\qs.h) not referenced
"C:\qp_lab\qpc\include\qs.h" 144 1 Info 769: global enumeration constant 'QSpyRecords::QS_MSC_RESERVED1' (line 144, file C:\qp_lab\qpc\include\qs.h) not referenced
"C:\qp_lab\qpc\include\qs.h" 145 1 Info 769: global enumeration constant 'QSpyRecords::QS_PEEK_DATA' (line 145, file C:\qp_lab\qpc\include\qs.h) not referenced
"C:\qp_lab\qpc\include\qs.h" 146 1 Info 769: global enumeration constant 'QSpyRecords::QS_ASSERT_FAIL' (line 146, file C:\qp_lab\qpc\include\qs.h) not referenced
"C:\qp_lab\qpc\include\qs.h" 154 1 Info 769: global enumeration constant 'QSpyRecordGroups::QS_ALL_RECORDS' (line 154, file C:\qp_lab\qpc\include\qs.h) not referenced
"C:\qp_lab\qpc\include\qs.h" 155 1 Info 769: global enumeration constant 'QSpyRecordGroups::QS_SM_RECORDS' (line 155, file C:\qp_lab\qpc\include\qs.h) not referenced
"C:\qp_lab\qpc\include\qs.h" 156 1 Info 769: global enumeration constant 'QSpyRecordGroups::QS_AO_RECORDS' (line 156, file C:\qp_lab\qpc\include\qs.h) not referenced
"C:\qp_lab\qpc\include\qs.h" 157 1 Info 769: global enumeration constant 'QSpyRecordGroups::QS_EQ_RECORDS' (line 157, file C:\qp_lab\qpc\include\qs.h) not referenced
"C:\qp_lab\qpc\include\qs.h" 158 1 Info 769: global enumeration constant 'QSpyRecordGroups::QS_MP_RECORDS' (line 158, file C:\qp_lab\qpc\include\qs.h) not referenced
"C:\qp_lab\qpc\include\qs.h" 159 1 Info 769: global enumeration constant 'QSpyRecordGroups::QS_TE_RECORDS' (line 159, file C:\qp_lab\qpc\include\qs.h) not referenced
"C:\qp_lab\qpc\include\qs.h" 160 1 Info 769: global enumeration constant 'QSpyRecordGroups::QS_QF_RECORDS' (line 160, file C:\qp_lab\qpc\include\qs.h) not referenced
"C:\qp_lab\qpc\include\qs.h" 161 1 Info 769: global enumeration constant 'QSpyRecordGroups::QS_SC_RECORDS' (line 161, file C:\qp_lab\qpc\include\qs.h) not referenced
"C:\qp_lab\qpc\include\qs.h" 162 1 Info 769: global enumeration constant 'QSpyRecordGroups::QS_U0_RECORDS' (line 162, file C:\qp_lab\qpc\include\qs.h) not referenced
"C:\qp_lab\qpc\include\qs.h" 163 1 Info 769: global enumeration constant 'QSpyRecordGroups::QS_U1_RECORDS' (line 163, file C:\qp_lab\qpc\include\qs.h) not referenced
"C:\qp_lab\qpc\include\qs.h" 164 1 Info 769: global enumeration constant 'QSpyRecordGroups::QS_U2_RECORDS' (line 164, file C:\qp_lab\qpc\include\qs.h) not referenced
"C:\qp_lab\qpc\include\qs.h" 165 1 Info 769: global enumeration constant 'QSpyRecordGroups::QS_U3_RECORDS' (line 165, file C:\qp_lab\qpc\include\qs.h) not referenced
"C:\qp_lab\qpc\include\qs.h" 166 1 Info 769: global enumeration constant 'QSpyRecordGroups::QS_U4_RECORDS' (line 166, file C:\qp_lab\qpc\include\qs.h) not referenced
"C:\qp_lab\qpc\include\qs.h" 167 1 Info 769: global enumeration constant 'QSpyRecordGroups::QS_UA_RECORDS' (line 167, file C:\qp_lab\qpc\include\qs.h) not referenced
"C:\qp_lab\qpc\include\qs.h" 175 1 Info 769: global enumeration constant 'QSpyUserRecords::QS_USER3' (line 175, file C:\qp_lab\qpc\include\qs.h) not referenced
"C:\qp_lab\qpc\include\qs.h" 778 1 Info 769: global enumeration constant 'QS_I8_T' (line 778, file C:\qp_lab\qpc\include\qs.h) not referenced
"C:\qp_lab\qpc\include\qs.h" 779 1 Info 769: global enumeration constant 'QS_U8_T' (line 779, file C:\qp_lab\qpc\include\qs.h) not referenced
"C:\qp_lab\qpc\include\qs.h" 780 1 Info 769: global enumeration constant 'QS_I16_T' (line 780, file C:\qp_lab\qpc\include\qs.h) not referenced
"C:\qp_lab\qpc\include\qs.h" 781 1 Info 769: global enumeration constant 'QS_U16_T' (line 781, file C:\qp_lab\qpc\include\qs.h) not referenced
"C:\qp_lab\qpc\include\qs.h" 782 1 Info 769: global enumeration constant 'QS_I32_T' (line 782, file C:\qp_lab\qpc\include\qs.h) not referenced
"C:\qp_lab\qpc\include\qs.h" 783 1 Info 769: global enumeration constant 'QS_U32_T' (line 783, file C:\qp_lab\qpc\include\qs.h) not referenced
"C:\qp_lab\qpc\include\qs.h" 784 1 Info 769: global enumeration constant 'QS_F32_T' (line 784, file C:\qp_lab\qpc\include\qs.h) not referenced
"C:\qp_lab\qpc\include\qs.h" 785 1 Info 769: global enumeration constant 'QS_F64_T' (line 785, file C:\qp_lab\qpc\include\qs.h) not referenced
"C:\qp_lab\qpc\include\qs.h" 786 1 Info 769: global enumeration constant 'QS_STR_T' (line 786, file C:\qp_lab\qpc\include\qs.h) not referenced
"C:\qp_lab\qpc\include\qs.h" 787 1 Info 769: global enumeration constant 'QS_MEM_T' (line 787, file C:\qp_lab\qpc\include\qs.h) not referenced
"C:\qp_lab\qpc\include\qs.h" 788 1 Info 769: global enumeration constant 'QS_SIG_T' (line 788, file C:\qp_lab\qpc\include\qs.h) not referenced
"C:\qp_lab\qpc\include\qs.h" 789 1 Info 769: global enumeration constant 'QS_OBJ_T' (line 789, file C:\qp_lab\qpc\include\qs.h) not referenced
"C:\qp_lab\qpc\include\qs.h" 790 1 Info 769: global enumeration constant 'QS_FUN_T' (line 790, file C:\qp_lab\qpc\include\qs.h) not referenced
"C:\qp_lab\qpc\include\qs.h" 791 1 Info 769: global enumeration constant 'QS_I64_T' (line 791, file C:\qp_lab\qpc\include\qs.h) not referenced
"C:\qp_lab\qpc\include\qs.h" 792 1 Info 769: global enumeration constant 'QS_U64_T' (line 792, file C:\qp_lab\qpc\include\qs.h) not referenced
"C:\qp_lab\qpc\include\qs.h" 793 1 Info 769: global enumeration constant 'QS_U32_HEX_T' (line 793, file C:\qp_lab\qpc\include\qs.h) not referenced
"C:\qp_lab\qpc\include\qs.h" 1057 1 Info 769: global enumeration constant 'QSpyObjKind::SM_OBJ' (line 1057, file C:\qp_lab\qpc\include\qs.h) not referenced
"C:\qp_lab\qpc\include\qs.h" 1058 1 Info 769: global enumeration constant 'QSpyObjKind::AO_OBJ' (line 1058, file C:\qp_lab\qpc\include\qs.h) not referenced
"C:\qp_lab\qpc\include\qs.h" 1059 1 Info 769: global enumeration constant 'QSpyObjKind::MP_OBJ' (line 1059, file C:\qp_lab\qpc\include\qs.h) not referenced
"C:\qp_lab\qpc\include\qs.h" 1060 1 Info 769: global enumeration constant 'QSpyObjKind::EQ_OBJ' (line 1060, file C:\qp_lab\qpc\include\qs.h) not referenced
"C:\qp_lab\qpc\include\qs.h" 1061 1 Info 769: global enumeration constant 'QSpyObjKind::TE_OBJ' (line 1061, file C:\qp_lab\qpc\include\qs.h) not referenced
"C:\qp_lab\qpc\include\qs.h" 1062 1 Info 769: global enumeration constant 'QSpyObjKind::AP_OBJ' (line 1062, file C:\qp_lab\qpc\include\qs.h) not referenced
"C:\qp_lab\qpc\include\qs.h" 1093 1 Info 769: global enumeration constant 'QSpyRxRecords::QS_RX_INFO' (line 1093, file C:\qp_lab\qpc\include\qs.h) not referenced
"C:\qp_lab\qpc\include\qs.h" 1094 1 Info 769: global enumeration constant 'QSpyRxRecords::QS_RX_COMMAND' (line 1094, file C:\qp_lab\qpc\include\qs.h) not referenced
"C:\qp_lab\qpc\include\qs.h" 1095 1 Info 769: global enumeration constant 'QSpyRxRecords::QS_RX_RESET' (line 1095, file C:\qp_lab\qpc\include\qs.h) not referenced
"C:\qp_lab\qpc\include\qs.h" 1096 1 Info 769: global enumeration constant 'QSpyRxRecords::QS_RX_TICK' (line 1096, file C:\qp_lab\qpc\include\qs.h) not referenced
"C:\qp_lab\qpc\include\qs.h" 1097 1 Info 769: global enumeration constant 'QSpyRxRecords::QS_RX_PEEK' (line 1097, file C:\qp_lab\qpc\include\qs.h) not referenced
"C:\qp_lab\qpc\include\qs.h" 1098 1 Info 769: global enumeration constant 'QSpyRxRecords::QS_RX_POKE' (line 1098, file C:\qp_lab\qpc\include\qs.h) not referenced
"C:\qp_lab\qpc\include\qs.h" 1099 1 Info 769: global enumeration constant 'QSpyRxRecords::QS_RX_FILL' (line 1099, file C:\qp_lab\qpc\include\qs.h) not referenced
"C:\qp_lab\qpc\include\qs.h" 1100 1 Info 769: global enumeration constant 'QSpyRxRecords::QS_RX_TEST_SETUP' (line 1100, file C:\qp_lab\qpc\include\qs.h) not referenced
"C:\qp_lab\qpc\include\qs.h" 1101 1 Info 769: global enumeration constant 'QSpyRxRecords::QS_RX_TEST_TEARDOWN' (line 1101, file C:\qp_lab\qpc\include\qs.h) not referenced
"C:\qp_lab\qpc\include\qs.h" 1102 1 Info 769: global enumeration constant 'QSpyRxRecords::QS_RX_TEST_PROBE' (line 1102, file C:\qp_lab\qpc\include\qs.h) not referenced
"C:\qp_lab\qpc\include\qs.h" 1103 1 Info 769: global enumeration constant 'QSpyRxRecords::QS_RX_GLB_FILTER' (line 1103, file C:\qp_lab\qpc\include\qs.h) not referenced
"C:\qp_lab\qpc\include\qs.h" 1104 1 Info 769: global enumeration constant 'QSpyRxRecords::QS_RX_LOC_FILTER' (line 1104, file C:\qp_lab\qpc\include\qs.h) not referenced
"C:\qp_lab\qpc\include\qs.h" 1105 1 Info 769: global enumeration constant 'QSpyRxRecords::QS_RX_AO_FILTER' (line 1105, file C:\qp_lab\qpc\include\qs.h) not referenced
"C:\qp_lab\qpc\include\qs.h" 1106 1 Info 769: global enumeration constant 'QSpyRxRecords::QS_RX_CURR_OBJ' (line 1106, file C:\qp_lab\qpc\include\qs.h) not referenced
"C:\qp_lab\qpc\include\qs.h" 1107 1 Info 769: global enumeration constant 'QSpyRxRecords::QS_RX_TEST_CONTINUE' (line 1107, file C:\qp_lab\qpc\include\qs.h) not referenced
"C:\qp_lab\qpc\include\qs.h" 1108 1 Info 769: global enumeration constant 'QSpyRxRecords::QS_RX_RESERVED1' (line 1108, file C:\qp_lab\qpc\include\qs.h) not referenced
"C:\qp_lab\qpc\include\qs.h" 1109 1 Info 769: global enumeration constant 'QSpyRxRecords::QS_RX_EVENT' (line 1109, file C:\qp_lab\qpc\include\qs.h) not referenced
"C:\qp_lab\qpc\examples\arm-cm\dpp_efm32-slstk3401a\dpp.h" 27 1 Info 769: global enumeration constant 'DPPSignals::MAX_PUB_SIG' (line 27, file C:\qp_lab\qpc\examples\arm-cm\dpp_efm32-slstk3401a\dpp.h) not referenced
"C:\qp_lab\qpc\examples\arm-cm\dpp_efm32-slstk3401a\dpp.h" 31 1 Info 769: global enumeration constant 'DPPSignals::MAX_SIG' (line 31, file C:\qp_lab\qpc\examples\arm-cm\dpp_efm32-slstk3401a\dpp.h) not referenced

Count   Type    Number  Text

1       Error   18      Symbol '___' redeclared (___) ___
15      Warning 526     Symbol '___' (___) not defined
2       Warning 527     Unreachable code at token '___'
2       Warning 530     Symbol '___' (___) not initialized
1       Warning 534     Ignoring return value of function '___' (compare with ___)
2       Warning 537     Repeated include file '___'
2       Warning 618     Storage class specified after a type
4       Info    758     global ___ '___' (___) not referenced
3       Info    759     header declaration for symbol '___' defined at (___) could be moved from header to module
3       Info    765     external '___' (___) could be made static
136     Info    769     global enumeration constant '___' (___) not referenced
2       Note    950     Non-ANSI reserved word or construct: '___'
138     Note    960     Violates MISRA 2004 Required Rule ___, ___
10      Note    961     Violates MISRA 2004 Advisory Rule ___, ___
2       Note    963     Qualifier const or volatile ___ a type; use ___ to reverse the test
